{"/Users/mickeylock/Documents/04_Mobiilityö/group-project/vehonaattorit-organization/VEHOGO/components/AuthButton.js": {"path":"/Users/mickeylock/Documents/04_Mobiilityö/group-project/vehonaattorit-organization/VEHOGO/components/AuthButton.js","statementMap":{"0":{"start":{"line":1,"column":42},"end":{"line":1,"column":97}},"1":{"start":{"line":1,"column":98},"end":{"line":1,"column":160}},"2":{"start":{"line":1,"column":160},"end":{"line":1,"column":188}},"3":{"start":{"line":1,"column":201},"end":{"line":1,"column":241}},"4":{"start":{"line":2,"column":19},"end":{"line":2,"column":42}},"5":{"start":{"line":3,"column":14},"end":{"line":3,"column":44}},"6":{"start":{"line":3,"column":57},"end":{"line":3,"column":61}},"7":{"start":{"line":3,"column":77},"end":{"line":3,"column":196}},"8":{"start":{"line":5,"column":17},"end":{"line":33,"column":1}},"9":{"start":{"line":5,"column":58},"end":{"line":5,"column":70}},"10":{"start":{"line":5,"column":79},"end":{"line":5,"column":89}},"11":{"start":{"line":5,"column":97},"end":{"line":5,"column":106}},"12":{"start":{"line":5,"column":115},"end":{"line":5,"column":125}},"13":{"start":{"line":6,"column":22},"end":{"line":6,"column":61}},"14":{"start":{"line":7,"column":19},"end":{"line":7,"column":33}},"15":{"start":{"line":9,"column":2},"end":{"line":29,"column":13}},"16":{"start":{"line":33,"column":2},"end":{"line":33,"column":34}}},"fnMap":{"0":{"name":"AuthButton","decl":{"start":{"line":5,"column":26},"end":{"line":5,"column":36}},"loc":{"start":{"line":5,"column":43},"end":{"line":33,"column":1}},"line":5}},"branchMap":{"0":{"loc":{"start":{"line":6,"column":22},"end":{"line":6,"column":61}},"type":"binary-expr","locations":[{"start":{"line":6,"column":22},"end":{"line":6,"column":39}},{"start":{"line":6,"column":43},"end":{"line":6,"column":61}}],"line":6},"1":{"loc":{"start":{"line":15,"column":25},"end":{"line":15,"column":78}},"type":"cond-expr","locations":[{"start":{"line":15,"column":38},"end":{"line":15,"column":51}},{"start":{"line":15,"column":54},"end":{"line":15,"column":78}}],"line":15},"2":{"loc":{"start":{"line":16,"column":27},"end":{"line":16,"column":47}},"type":"cond-expr","locations":[{"start":{"line":16,"column":40},"end":{"line":16,"column":42}},{"start":{"line":16,"column":45},"end":{"line":16,"column":47}}],"line":16},"3":{"loc":{"start":{"line":17,"column":25},"end":{"line":17,"column":44}},"type":"cond-expr","locations":[{"start":{"line":17,"column":38},"end":{"line":17,"column":39}},{"start":{"line":17,"column":42},"end":{"line":17,"column":44}}],"line":17},"4":{"loc":{"start":{"line":18,"column":15},"end":{"line":18,"column":44}},"type":"cond-expr","locations":[{"start":{"line":18,"column":31},"end":{"line":18,"column":36}},{"start":{"line":18,"column":39},"end":{"line":18,"column":44}}],"line":18},"5":{"loc":{"start":{"line":23,"column":18},"end":{"line":23,"column":38}},"type":"cond-expr","locations":[{"start":{"line":23,"column":31},"end":{"line":23,"column":33}},{"start":{"line":23,"column":36},"end":{"line":23,"column":38}}],"line":23},"6":{"loc":{"start":{"line":24,"column":27},"end":{"line":24,"column":46}},"type":"cond-expr","locations":[{"start":{"line":24,"column":40},"end":{"line":24,"column":41}},{"start":{"line":24,"column":44},"end":{"line":24,"column":46}}],"line":24},"7":{"loc":{"start":{"line":25,"column":15},"end":{"line":25,"column":60}},"type":"cond-expr","locations":[{"start":{"line":25,"column":28},"end":{"line":25,"column":50}},{"start":{"line":25,"column":53},"end":{"line":25,"column":60}}],"line":25},"8":{"loc":{"start":{"line":26,"column":23},"end":{"line":26,"column":56}},"type":"cond-expr","locations":[{"start":{"line":26,"column":36},"end":{"line":26,"column":42}},{"start":{"line":26,"column":45},"end":{"line":26,"column":56}}],"line":26}},"s":{"0":2,"1":2,"2":2,"3":2,"4":2,"5":2,"6":2,"7":2,"8":2,"9":1,"10":1,"11":1,"12":1,"13":1,"14":1,"15":1,"16":2},"f":{"0":1},"b":{"0":[1,0],"1":[0,1],"2":[0,1],"3":[0,1],"4":[1,0],"5":[0,1],"6":[0,1],"7":[0,1],"8":[0,1]},"inputSourceMap":null,"_coverageSchema":"1a1c01bbd47fc00a2c39e90264f33305004495a9","hash":"6ba96e2986a64ec80c0534ada464d4ccf3450cc7"}
,"/Users/mickeylock/Documents/04_Mobiilityö/group-project/vehonaattorit-organization/VEHOGO/components/CustomButton.js": {"path":"/Users/mickeylock/Documents/04_Mobiilityö/group-project/vehonaattorit-organization/VEHOGO/components/CustomButton.js","statementMap":{"0":{"start":{"line":1,"column":42},"end":{"line":1,"column":97}},"1":{"start":{"line":1,"column":98},"end":{"line":1,"column":160}},"2":{"start":{"line":1,"column":160},"end":{"line":1,"column":190}},"3":{"start":{"line":1,"column":213},"end":{"line":1,"column":285}},"4":{"start":{"line":1,"column":299},"end":{"line":1,"column":339}},"5":{"start":{"line":2,"column":19},"end":{"line":2,"column":42}},"6":{"start":{"line":3,"column":14},"end":{"line":3,"column":44}},"7":{"start":{"line":3,"column":57},"end":{"line":3,"column":61}},"8":{"start":{"line":3,"column":77},"end":{"line":3,"column":198}},"9":{"start":{"line":3,"column":252},"end":{"line":3,"column":271}},"10":{"start":{"line":3,"column":272},"end":{"line":3,"column":517}},"11":{"start":{"line":3,"column":321},"end":{"line":3,"column":357}},"12":{"start":{"line":3,"column":358},"end":{"line":3,"column":485}},"13":{"start":{"line":3,"column":378},"end":{"line":3,"column":485}},"14":{"start":{"line":3,"column":419},"end":{"line":3,"column":482}},"15":{"start":{"line":3,"column":485},"end":{"line":3,"column":516}},"16":{"start":{"line":3,"column":517},"end":{"line":3,"column":529}},"17":{"start":{"line":3,"column":562},"end":{"line":3,"column":1047}},"18":{"start":{"line":3,"column":575},"end":{"line":3,"column":576}},"19":{"start":{"line":3,"column":619},"end":{"line":3,"column":659}},"20":{"start":{"line":3,"column":660},"end":{"line":3,"column":1046}},"21":{"start":{"line":3,"column":672},"end":{"line":3,"column":785}},"22":{"start":{"line":3,"column":726},"end":{"line":3,"column":782}},"23":{"start":{"line":3,"column":792},"end":{"line":3,"column":1046}},"24":{"start":{"line":3,"column":831},"end":{"line":3,"column":905}},"25":{"start":{"line":3,"column":913},"end":{"line":3,"column":1045}},"26":{"start":{"line":3,"column":961},"end":{"line":3,"column":1042}},"27":{"start":{"line":3,"column":1047},"end":{"line":3,"column":1061}},"28":{"start":{"line":5,"column":19},"end":{"line":11,"column":1}},"29":{"start":{"line":5,"column":62},"end":{"line":5,"column":74}},"30":{"start":{"line":5,"column":83},"end":{"line":5,"column":93}},"31":{"start":{"line":6,"column":2},"end":{"line":8,"column":191}},"32":{"start":{"line":11,"column":2},"end":{"line":11,"column":38}},"33":{"start":{"line":13,"column":13},"end":{"line":37,"column":93}}},"fnMap":{"0":{"name":"ownKeys","decl":{"start":{"line":3,"column":208},"end":{"line":3,"column":215}},"loc":{"start":{"line":3,"column":240},"end":{"line":3,"column":530}},"line":3},"1":{"name":"(anonymous_1)","decl":{"start":{"line":3,"column":403},"end":{"line":3,"column":404}},"loc":{"start":{"line":3,"column":418},"end":{"line":3,"column":483}},"line":3},"2":{"name":"_objectSpread","decl":{"start":{"line":3,"column":539},"end":{"line":3,"column":552}},"loc":{"start":{"line":3,"column":561},"end":{"line":3,"column":1062}},"line":3},"3":{"name":"(anonymous_3)","decl":{"start":{"line":3,"column":710},"end":{"line":3,"column":711}},"loc":{"start":{"line":3,"column":725},"end":{"line":3,"column":783}},"line":3},"4":{"name":"(anonymous_4)","decl":{"start":{"line":3,"column":945},"end":{"line":3,"column":946}},"loc":{"start":{"line":3,"column":960},"end":{"line":3,"column":1043}},"line":3},"5":{"name":"CustomButton","decl":{"start":{"line":5,"column":28},"end":{"line":5,"column":40}},"loc":{"start":{"line":5,"column":47},"end":{"line":11,"column":1}},"line":5}},"branchMap":{"0":{"loc":{"start":{"line":3,"column":272},"end":{"line":3,"column":517}},"type":"if","locations":[{"start":{"line":3,"column":272},"end":{"line":3,"column":517}},{"start":{"line":3,"column":272},"end":{"line":3,"column":517}}],"line":3},"1":{"loc":{"start":{"line":3,"column":358},"end":{"line":3,"column":485}},"type":"if","locations":[{"start":{"line":3,"column":358},"end":{"line":3,"column":485}},{"start":{"line":3,"column":358},"end":{"line":3,"column":485}}],"line":3},"2":{"loc":{"start":{"line":3,"column":619},"end":{"line":3,"column":659}},"type":"cond-expr","locations":[{"start":{"line":3,"column":642},"end":{"line":3,"column":654}},{"start":{"line":3,"column":657},"end":{"line":3,"column":659}}],"line":3},"3":{"loc":{"start":{"line":3,"column":660},"end":{"line":3,"column":1046}},"type":"if","locations":[{"start":{"line":3,"column":660},"end":{"line":3,"column":1046}},{"start":{"line":3,"column":660},"end":{"line":3,"column":1046}}],"line":3},"4":{"loc":{"start":{"line":3,"column":792},"end":{"line":3,"column":1046}},"type":"if","locations":[{"start":{"line":3,"column":792},"end":{"line":3,"column":1046}},{"start":{"line":3,"column":792},"end":{"line":3,"column":1046}}],"line":3},"5":{"loc":{"start":{"line":37,"column":11},"end":{"line":37,"column":88}},"type":"cond-expr","locations":[{"start":{"line":37,"column":47},"end":{"line":37,"column":66}},{"start":{"line":37,"column":69},"end":{"line":37,"column":88}}],"line":37}},"s":{"0":1,"1":1,"2":1,"3":1,"4":1,"5":1,"6":1,"7":1,"8":1,"9":2,"10":2,"11":2,"12":2,"13":2,"14":0,"15":2,"16":2,"17":2,"18":2,"19":3,"20":3,"21":2,"22":2,"23":1,"24":1,"25":0,"26":0,"27":2,"28":1,"29":0,"30":0,"31":0,"32":1,"33":1},"f":{"0":2,"1":0,"2":2,"3":2,"4":0,"5":0},"b":{"0":[2,0],"1":[2,0],"2":[3,0],"3":[2,1],"4":[1,0],"5":[1,0]},"inputSourceMap":null,"_coverageSchema":"1a1c01bbd47fc00a2c39e90264f33305004495a9","hash":"9e88bb291f70bab098203ad179a58df920974d4c"}
,"/Users/mickeylock/Documents/04_Mobiilityö/group-project/vehonaattorit-organization/VEHOGO/components/CustomTitle.js": {"path":"/Users/mickeylock/Documents/04_Mobiilityö/group-project/vehonaattorit-organization/VEHOGO/components/CustomTitle.js","statementMap":{"0":{"start":{"line":1,"column":42},"end":{"line":1,"column":97}},"1":{"start":{"line":1,"column":98},"end":{"line":1,"column":160}},"2":{"start":{"line":1,"column":160},"end":{"line":1,"column":189}},"3":{"start":{"line":1,"column":202},"end":{"line":1,"column":242}},"4":{"start":{"line":2,"column":19},"end":{"line":2,"column":42}},"5":{"start":{"line":3,"column":14},"end":{"line":3,"column":44}},"6":{"start":{"line":3,"column":57},"end":{"line":3,"column":61}},"7":{"start":{"line":3,"column":77},"end":{"line":3,"column":197}},"8":{"start":{"line":4,"column":18},"end":{"line":6,"column":1}},"9":{"start":{"line":4,"column":58},"end":{"line":4,"column":68}},"10":{"start":{"line":5,"column":2},"end":{"line":5,"column":189}},"11":{"start":{"line":6,"column":2},"end":{"line":6,"column":36}},"12":{"start":{"line":7,"column":13},"end":{"line":10,"column":23}}},"fnMap":{"0":{"name":"CustomTitle","decl":{"start":{"line":4,"column":27},"end":{"line":4,"column":38}},"loc":{"start":{"line":4,"column":45},"end":{"line":6,"column":1}},"line":4}},"branchMap":{},"s":{"0":1,"1":1,"2":1,"3":1,"4":1,"5":1,"6":1,"7":1,"8":1,"9":0,"10":0,"11":1,"12":1},"f":{"0":0},"b":{},"inputSourceMap":null,"_coverageSchema":"1a1c01bbd47fc00a2c39e90264f33305004495a9","hash":"97c5683aacb5bb247a96d31d1687c4a41329fa9d"}
,"/Users/mickeylock/Documents/04_Mobiilityö/group-project/vehonaattorit-organization/VEHOGO/constants/colors.js": {"path":"/Users/mickeylock/Documents/04_Mobiilityö/group-project/vehonaattorit-organization/VEHOGO/constants/colors.js","statementMap":{"0":{"start":{"line":1,"column":13},"end":{"line":1,"column":75}},"1":{"start":{"line":1,"column":75},"end":{"line":1,"column":98}},"2":{"start":{"line":1,"column":110},"end":{"line":34,"column":36}},"3":{"start":{"line":34,"column":37},"end":{"line":34,"column":59}}},"fnMap":{},"branchMap":{},"s":{"0":2,"1":2,"2":2,"3":2},"f":{},"b":{},"inputSourceMap":null,"_coverageSchema":"1a1c01bbd47fc00a2c39e90264f33305004495a9","hash":"84f32d20ea2fcd56f72433fc8035f9ade8593557"}
,"/Users/mickeylock/Documents/04_Mobiilityö/group-project/vehonaattorit-organization/VEHOGO/controllers/LoginController.js": {"path":"/Users/mickeylock/Documents/04_Mobiilityö/group-project/vehonaattorit-organization/VEHOGO/controllers/LoginController.js","statementMap":{"0":{"start":{"line":1,"column":43},"end":{"line":1,"column":99}},"1":{"start":{"line":1,"column":129},"end":{"line":1,"column":184}},"2":{"start":{"line":1,"column":185},"end":{"line":1,"column":247}},"3":{"start":{"line":1,"column":247},"end":{"line":1,"column":269}},"4":{"start":{"line":1,"column":269},"end":{"line":1,"column":297}},"5":{"start":{"line":1,"column":297},"end":{"line":1,"column":323}},"6":{"start":{"line":1,"column":323},"end":{"line":1,"column":365}},"7":{"start":{"line":1,"column":365},"end":{"line":1,"column":421}},"8":{"start":{"line":1,"column":440},"end":{"line":1,"column":501}},"9":{"start":{"line":1,"column":514},"end":{"line":1,"column":565}},"10":{"start":{"line":2,"column":22},"end":{"line":2,"column":62}},"11":{"start":{"line":3,"column":12},"end":{"line":3,"column":37}},"12":{"start":{"line":4,"column":21},"end":{"line":4,"column":70}},"13":{"start":{"line":6,"column":18},"end":{"line":6,"column":70}},"14":{"start":{"line":7,"column":20},"end":{"line":7,"column":74}},"15":{"start":{"line":9,"column":33},"end":{"line":15,"column":87}},"16":{"start":{"line":9,"column":94},"end":{"line":15,"column":57}},"17":{"start":{"line":9,"column":105},"end":{"line":15,"column":56}},"18":{"start":{"line":9,"column":152},"end":{"line":9,"column":170}},"19":{"start":{"line":9,"column":170},"end":{"line":15,"column":14}},"20":{"start":{"line":14,"column":12},"end":{"line":14,"column":52}},"21":{"start":{"line":15,"column":32},"end":{"line":15,"column":55}},"22":{"start":{"line":18,"column":49},"end":{"line":27,"column":139}},"23":{"start":{"line":18,"column":114},"end":{"line":27,"column":105}},"24":{"start":{"line":18,"column":125},"end":{"line":27,"column":104}},"25":{"start":{"line":18,"column":174},"end":{"line":18,"column":193}},"26":{"start":{"line":18,"column":193},"end":{"line":18,"column":212}},"27":{"start":{"line":18,"column":212},"end":{"line":22,"column":59}},"28":{"start":{"line":22,"column":66},"end":{"line":22,"column":92}},"29":{"start":{"line":22,"column":92},"end":{"line":22,"column":111}},"30":{"start":{"line":22,"column":111},"end":{"line":24,"column":49}},"31":{"start":{"line":24,"column":56},"end":{"line":25,"column":20}},"32":{"start":{"line":25,"column":27},"end":{"line":25,"column":46}},"33":{"start":{"line":25,"column":46},"end":{"line":25,"column":83}},"34":{"start":{"line":25,"column":83},"end":{"line":27,"column":60}},"35":{"start":{"line":27,"column":79},"end":{"line":27,"column":103}},"36":{"start":{"line":31,"column":20},"end":{"line":33,"column":215}},"37":{"start":{"line":31,"column":84},"end":{"line":33,"column":181}},"38":{"start":{"line":31,"column":95},"end":{"line":33,"column":180}},"39":{"start":{"line":31,"column":144},"end":{"line":31,"column":163}},"40":{"start":{"line":31,"column":163},"end":{"line":31,"column":182}},"41":{"start":{"line":31,"column":182},"end":{"line":33,"column":42}},"42":{"start":{"line":33,"column":49},"end":{"line":33,"column":68}},"43":{"start":{"line":33,"column":68},"end":{"line":33,"column":74}},"44":{"start":{"line":33,"column":81},"end":{"line":33,"column":100}},"45":{"start":{"line":33,"column":100},"end":{"line":33,"column":137}},"46":{"start":{"line":33,"column":155},"end":{"line":33,"column":179}},"47":{"start":{"line":37,"column":44},"end":{"line":47,"column":87}},"48":{"start":{"line":37,"column":116},"end":{"line":47,"column":57}},"49":{"start":{"line":37,"column":127},"end":{"line":47,"column":56}},"50":{"start":{"line":37,"column":176},"end":{"line":38,"column":64}},"51":{"start":{"line":38,"column":38},"end":{"line":38,"column":57}},"52":{"start":{"line":38,"column":57},"end":{"line":38,"column":63}},"53":{"start":{"line":38,"column":64},"end":{"line":38,"column":83}},"54":{"start":{"line":38,"column":83},"end":{"line":39,"column":55}},"55":{"start":{"line":41,"column":10},"end":{"line":47,"column":13}},"56":{"start":{"line":42,"column":12},"end":{"line":45,"column":13}},"57":{"start":{"line":43,"column":14},"end":{"line":43,"column":31}},"58":{"start":{"line":46,"column":12},"end":{"line":46,"column":35}},"59":{"start":{"line":47,"column":31},"end":{"line":47,"column":55}},"60":{"start":{"line":50,"column":13},"end":{"line":51,"column":146}},"61":{"start":{"line":50,"column":34},"end":{"line":51,"column":145}},"62":{"start":{"line":50,"column":97},"end":{"line":51,"column":115}},"63":{"start":{"line":50,"column":108},"end":{"line":51,"column":114}},"64":{"start":{"line":50,"column":157},"end":{"line":50,"column":176}},"65":{"start":{"line":50,"column":176},"end":{"line":51,"column":71}},"66":{"start":{"line":51,"column":89},"end":{"line":51,"column":113}},"67":{"start":{"line":54,"column":48},"end":{"line":59,"column":110}},"68":{"start":{"line":54,"column":127},"end":{"line":59,"column":76}},"69":{"start":{"line":54,"column":138},"end":{"line":59,"column":75}},"70":{"start":{"line":54,"column":187},"end":{"line":54,"column":206}},"71":{"start":{"line":56,"column":10},"end":{"line":56,"column":68}},"72":{"start":{"line":56,"column":68},"end":{"line":57,"column":20}},"73":{"start":{"line":57,"column":27},"end":{"line":57,"column":46}},"74":{"start":{"line":57,"column":46},"end":{"line":57,"column":83}},"75":{"start":{"line":57,"column":83},"end":{"line":59,"column":32}},"76":{"start":{"line":59,"column":50},"end":{"line":59,"column":74}},"77":{"start":{"line":63,"column":40},"end":{"line":81,"column":143}},"78":{"start":{"line":63,"column":190},"end":{"line":81,"column":142}},"79":{"start":{"line":63,"column":280},"end":{"line":81,"column":112}},"80":{"start":{"line":63,"column":291},"end":{"line":81,"column":111}},"81":{"start":{"line":63,"column":340},"end":{"line":63,"column":357}},"82":{"start":{"line":63,"column":357},"end":{"line":65,"column":71}},"83":{"start":{"line":65,"column":44},"end":{"line":65,"column":64}},"84":{"start":{"line":65,"column":64},"end":{"line":65,"column":70}},"85":{"start":{"line":65,"column":71},"end":{"line":65,"column":90}},"86":{"start":{"line":65,"column":90},"end":{"line":66,"column":47}},"87":{"start":{"line":66,"column":54},"end":{"line":66,"column":93}},"88":{"start":{"line":66,"column":93},"end":{"line":66,"column":139}},"89":{"start":{"line":67,"column":10},"end":{"line":67,"column":39}},"90":{"start":{"line":67,"column":39},"end":{"line":68,"column":69}},"91":{"start":{"line":68,"column":42},"end":{"line":68,"column":62}},"92":{"start":{"line":68,"column":62},"end":{"line":68,"column":68}},"93":{"start":{"line":68,"column":69},"end":{"line":68,"column":89}},"94":{"start":{"line":68,"column":89},"end":{"line":69,"column":51}},"95":{"start":{"line":69,"column":59},"end":{"line":69,"column":99}},"96":{"start":{"line":69,"column":99},"end":{"line":69,"column":138}},"97":{"start":{"line":70,"column":10},"end":{"line":70,"column":31}},"98":{"start":{"line":70,"column":39},"end":{"line":72,"column":66}},"99":{"start":{"line":72,"column":39},"end":{"line":72,"column":59}},"100":{"start":{"line":72,"column":59},"end":{"line":72,"column":65}},"101":{"start":{"line":73,"column":10},"end":{"line":73,"column":67}},"102":{"start":{"line":73,"column":67},"end":{"line":73,"column":101}},"103":{"start":{"line":73,"column":109},"end":{"line":73,"column":129}},"104":{"start":{"line":73,"column":129},"end":{"line":76,"column":49}},"105":{"start":{"line":76,"column":57},"end":{"line":76,"column":85}},"106":{"start":{"line":77,"column":10},"end":{"line":77,"column":43}},"107":{"start":{"line":77,"column":43},"end":{"line":77,"column":63}},"108":{"start":{"line":77,"column":63},"end":{"line":79,"column":95}},"109":{"start":{"line":79,"column":103},"end":{"line":79,"column":123}},"110":{"start":{"line":79,"column":123},"end":{"line":79,"column":129}},"111":{"start":{"line":81,"column":10},"end":{"line":81,"column":67}},"112":{"start":{"line":81,"column":86},"end":{"line":81,"column":110}}},"fnMap":{"0":{"name":"login","decl":{"start":{"line":9,"column":9},"end":{"line":9,"column":14}},"loc":{"start":{"line":9,"column":32},"end":{"line":15,"column":88}},"line":9},"1":{"name":"login$","decl":{"start":{"line":9,"column":76},"end":{"line":9,"column":82}},"loc":{"start":{"line":9,"column":93},"end":{"line":15,"column":58}},"line":9},"2":{"name":"(anonymous_2)","decl":{"start":{"line":13,"column":15},"end":{"line":13,"column":16}},"loc":{"start":{"line":13,"column":31},"end":{"line":15,"column":11}},"line":13},"3":{"name":"register","decl":{"start":{"line":18,"column":9},"end":{"line":18,"column":17}},"loc":{"start":{"line":18,"column":35},"end":{"line":27,"column":140}},"line":18},"4":{"name":"register$","decl":{"start":{"line":18,"column":92},"end":{"line":18,"column":101}},"loc":{"start":{"line":18,"column":113},"end":{"line":27,"column":106}},"line":18},"5":{"name":"signOut","decl":{"start":{"line":31,"column":9},"end":{"line":31,"column":16}},"loc":{"start":{"line":31,"column":19},"end":{"line":33,"column":216}},"line":31},"6":{"name":"signOut$","decl":{"start":{"line":31,"column":63},"end":{"line":31,"column":71}},"loc":{"start":{"line":31,"column":83},"end":{"line":33,"column":182}},"line":31},"7":{"name":"subscribeToAuth","decl":{"start":{"line":37,"column":9},"end":{"line":37,"column":24}},"loc":{"start":{"line":37,"column":43},"end":{"line":47,"column":88}},"line":37},"8":{"name":"subscribeToAuth$","decl":{"start":{"line":37,"column":87},"end":{"line":37,"column":103}},"loc":{"start":{"line":37,"column":115},"end":{"line":47,"column":58}},"line":37},"9":{"name":"(anonymous_9)","decl":{"start":{"line":41,"column":50},"end":{"line":41,"column":51}},"loc":{"start":{"line":41,"column":66},"end":{"line":47,"column":11}},"line":41},"10":{"name":"update","decl":{"start":{"line":50,"column":22},"end":{"line":50,"column":28}},"loc":{"start":{"line":50,"column":33},"end":{"line":51,"column":146}},"line":50},"11":{"name":"update$","decl":{"start":{"line":50,"column":77},"end":{"line":50,"column":84}},"loc":{"start":{"line":50,"column":96},"end":{"line":51,"column":116}},"line":50},"12":{"name":"checkEmailVerification","decl":{"start":{"line":54,"column":9},"end":{"line":54,"column":31}},"loc":{"start":{"line":54,"column":34},"end":{"line":59,"column":111}},"line":54},"13":{"name":"checkEmailVerification$","decl":{"start":{"line":54,"column":91},"end":{"line":54,"column":114}},"loc":{"start":{"line":54,"column":126},"end":{"line":59,"column":77}},"line":54},"14":{"name":"registerForPushNotificationsAsync","decl":{"start":{"line":63,"column":49},"end":{"line":63,"column":82}},"loc":{"start":{"line":63,"column":89},"end":{"line":81,"column":143}},"line":63},"15":{"name":"registerForPushNotificationsAsync$","decl":{"start":{"line":63,"column":233},"end":{"line":63,"column":267}},"loc":{"start":{"line":63,"column":279},"end":{"line":81,"column":113}},"line":63}},"branchMap":{"0":{"loc":{"start":{"line":9,"column":105},"end":{"line":15,"column":56}},"type":"switch","locations":[{"start":{"line":9,"column":145},"end":{"line":15,"column":14}},{"start":{"line":15,"column":14},"end":{"line":15,"column":21}},{"start":{"line":15,"column":21},"end":{"line":15,"column":55}}],"line":9},"1":{"loc":{"start":{"line":18,"column":125},"end":{"line":27,"column":104}},"type":"switch","locations":[{"start":{"line":18,"column":167},"end":{"line":22,"column":59}},{"start":{"line":22,"column":59},"end":{"line":24,"column":49}},{"start":{"line":24,"column":49},"end":{"line":25,"column":20}},{"start":{"line":25,"column":20},"end":{"line":27,"column":60}},{"start":{"line":27,"column":60},"end":{"line":27,"column":68}},{"start":{"line":27,"column":68},"end":{"line":27,"column":103}}],"line":18},"2":{"loc":{"start":{"line":31,"column":95},"end":{"line":33,"column":180}},"type":"switch","locations":[{"start":{"line":31,"column":137},"end":{"line":33,"column":42}},{"start":{"line":33,"column":42},"end":{"line":33,"column":74}},{"start":{"line":33,"column":74},"end":{"line":33,"column":137}},{"start":{"line":33,"column":137},"end":{"line":33,"column":144}},{"start":{"line":33,"column":144},"end":{"line":33,"column":179}}],"line":31},"3":{"loc":{"start":{"line":37,"column":127},"end":{"line":47,"column":56}},"type":"switch","locations":[{"start":{"line":37,"column":169},"end":{"line":39,"column":55}},{"start":{"line":39,"column":55},"end":{"line":47,"column":13}},{"start":{"line":47,"column":13},"end":{"line":47,"column":20}},{"start":{"line":47,"column":20},"end":{"line":47,"column":55}}],"line":37},"4":{"loc":{"start":{"line":37,"column":176},"end":{"line":38,"column":64}},"type":"if","locations":[{"start":{"line":37,"column":176},"end":{"line":38,"column":64}},{"start":{"line":37,"column":176},"end":{"line":38,"column":64}}],"line":37},"5":{"loc":{"start":{"line":42,"column":12},"end":{"line":45,"column":13}},"type":"if","locations":[{"start":{"line":42,"column":12},"end":{"line":45,"column":13}},{"start":{"line":42,"column":12},"end":{"line":45,"column":13}}],"line":42},"6":{"loc":{"start":{"line":50,"column":108},"end":{"line":51,"column":114}},"type":"switch","locations":[{"start":{"line":50,"column":150},"end":{"line":51,"column":71}},{"start":{"line":51,"column":71},"end":{"line":51,"column":78}},{"start":{"line":51,"column":78},"end":{"line":51,"column":113}}],"line":50},"7":{"loc":{"start":{"line":54,"column":138},"end":{"line":59,"column":75}},"type":"switch","locations":[{"start":{"line":54,"column":180},"end":{"line":57,"column":20}},{"start":{"line":57,"column":20},"end":{"line":59,"column":32}},{"start":{"line":59,"column":32},"end":{"line":59,"column":39}},{"start":{"line":59,"column":39},"end":{"line":59,"column":74}}],"line":54},"8":{"loc":{"start":{"line":63,"column":291},"end":{"line":81,"column":111}},"type":"switch","locations":[{"start":{"line":63,"column":333},"end":{"line":66,"column":47}},{"start":{"line":66,"column":47},"end":{"line":69,"column":51}},{"start":{"line":69,"column":51},"end":{"line":70,"column":31}},{"start":{"line":70,"column":31},"end":{"line":73,"column":101}},{"start":{"line":73,"column":101},"end":{"line":76,"column":49}},{"start":{"line":76,"column":49},"end":{"line":79,"column":95}},{"start":{"line":79,"column":95},"end":{"line":79,"column":129}},{"start":{"line":79,"column":129},"end":{"line":81,"column":67}},{"start":{"line":81,"column":67},"end":{"line":81,"column":75}},{"start":{"line":81,"column":75},"end":{"line":81,"column":110}}],"line":63},"9":{"loc":{"start":{"line":63,"column":357},"end":{"line":65,"column":71}},"type":"if","locations":[{"start":{"line":63,"column":357},"end":{"line":65,"column":71}},{"start":{"line":63,"column":357},"end":{"line":65,"column":71}}],"line":63},"10":{"loc":{"start":{"line":67,"column":39},"end":{"line":68,"column":69}},"type":"if","locations":[{"start":{"line":67,"column":39},"end":{"line":68,"column":69}},{"start":{"line":67,"column":39},"end":{"line":68,"column":69}}],"line":67},"11":{"loc":{"start":{"line":70,"column":39},"end":{"line":72,"column":66}},"type":"if","locations":[{"start":{"line":70,"column":39},"end":{"line":72,"column":66}},{"start":{"line":70,"column":39},"end":{"line":72,"column":66}}],"line":70}},"s":{"0":2,"1":2,"2":2,"3":2,"4":2,"5":2,"6":2,"7":2,"8":2,"9":2,"10":2,"11":2,"12":2,"13":2,"14":2,"15":0,"16":0,"17":0,"18":0,"19":0,"20":0,"21":0,"22":0,"23":0,"24":0,"25":0,"26":0,"27":0,"28":0,"29":0,"30":0,"31":0,"32":0,"33":0,"34":0,"35":0,"36":0,"37":0,"38":0,"39":0,"40":0,"41":0,"42":0,"43":0,"44":0,"45":0,"46":0,"47":0,"48":0,"49":0,"50":0,"51":0,"52":0,"53":0,"54":0,"55":0,"56":0,"57":0,"58":0,"59":0,"60":2,"61":0,"62":0,"63":0,"64":0,"65":0,"66":0,"67":0,"68":0,"69":0,"70":0,"71":0,"72":0,"73":0,"74":0,"75":0,"76":0,"77":2,"78":0,"79":0,"80":0,"81":0,"82":0,"83":0,"84":0,"85":0,"86":0,"87":0,"88":0,"89":0,"90":0,"91":0,"92":0,"93":0,"94":0,"95":0,"96":0,"97":0,"98":0,"99":0,"100":0,"101":0,"102":0,"103":0,"104":0,"105":0,"106":0,"107":0,"108":0,"109":0,"110":0,"111":0,"112":0},"f":{"0":0,"1":0,"2":0,"3":0,"4":0,"5":0,"6":0,"7":0,"8":0,"9":0,"10":0,"11":0,"12":0,"13":0,"14":0,"15":0},"b":{"0":[0,0,0],"1":[0,0,0,0,0,0],"2":[0,0,0,0,0],"3":[0,0,0,0],"4":[0,0],"5":[0,0],"6":[0,0,0],"7":[0,0,0,0],"8":[0,0,0,0,0,0,0,0,0,0],"9":[0,0],"10":[0,0],"11":[0,0]},"inputSourceMap":null,"_coverageSchema":"1a1c01bbd47fc00a2c39e90264f33305004495a9","hash":"9bcd9190e8022f5c13b48b4c9a190edcd821e5c2"}
,"/Users/mickeylock/Documents/04_Mobiilityö/group-project/vehonaattorit-organization/VEHOGO/controllers/userController.js": {"path":"/Users/mickeylock/Documents/04_Mobiilityö/group-project/vehonaattorit-organization/VEHOGO/controllers/userController.js","statementMap":{"0":{"start":{"line":1,"column":42},"end":{"line":1,"column":97}},"1":{"start":{"line":1,"column":98},"end":{"line":1,"column":160}},"2":{"start":{"line":1,"column":160},"end":{"line":1,"column":192}},"3":{"start":{"line":1,"column":192},"end":{"line":1,"column":232}},"4":{"start":{"line":1,"column":232},"end":{"line":1,"column":282}},"5":{"start":{"line":1,"column":282},"end":{"line":1,"column":308}},"6":{"start":{"line":1,"column":308},"end":{"line":1,"column":340}},"7":{"start":{"line":1,"column":359},"end":{"line":1,"column":420}},"8":{"start":{"line":1,"column":432},"end":{"line":1,"column":479}},"9":{"start":{"line":2,"column":12},"end":{"line":2,"column":37}},"10":{"start":{"line":3,"column":0},"end":{"line":3,"column":30}},"11":{"start":{"line":5,"column":9},"end":{"line":5,"column":33}},"12":{"start":{"line":7,"column":39},"end":{"line":14,"column":142}},"13":{"start":{"line":7,"column":105},"end":{"line":14,"column":108}},"14":{"start":{"line":7,"column":116},"end":{"line":14,"column":107}},"15":{"start":{"line":7,"column":163},"end":{"line":7,"column":181}},"16":{"start":{"line":10,"column":10},"end":{"line":10,"column":56}},"17":{"start":{"line":10,"column":56},"end":{"line":10,"column":74}},"18":{"start":{"line":10,"column":74},"end":{"line":12,"column":81}},"19":{"start":{"line":12,"column":88},"end":{"line":12,"column":106}},"20":{"start":{"line":12,"column":106},"end":{"line":12,"column":112}},"21":{"start":{"line":12,"column":119},"end":{"line":12,"column":137}},"22":{"start":{"line":12,"column":137},"end":{"line":12,"column":172}},"23":{"start":{"line":14,"column":10},"end":{"line":14,"column":65}},"24":{"start":{"line":14,"column":83},"end":{"line":14,"column":106}},"25":{"start":{"line":18,"column":55},"end":{"line":25,"column":145}},"26":{"start":{"line":18,"column":126},"end":{"line":25,"column":111}},"27":{"start":{"line":18,"column":137},"end":{"line":25,"column":110}},"28":{"start":{"line":18,"column":186},"end":{"line":18,"column":205}},"29":{"start":{"line":21,"column":10},"end":{"line":21,"column":56}},"30":{"start":{"line":22,"column":10},"end":{"line":22,"column":61}},"31":{"start":{"line":22,"column":61},"end":{"line":22,"column":80}},"32":{"start":{"line":22,"column":80},"end":{"line":23,"column":73}},"33":{"start":{"line":23,"column":80},"end":{"line":23,"column":100}},"34":{"start":{"line":23,"column":100},"end":{"line":23,"column":106}},"35":{"start":{"line":23,"column":113},"end":{"line":23,"column":132}},"36":{"start":{"line":23,"column":132},"end":{"line":23,"column":169}},"37":{"start":{"line":25,"column":10},"end":{"line":25,"column":66}},"38":{"start":{"line":25,"column":85},"end":{"line":25,"column":109}},"39":{"start":{"line":29,"column":48},"end":{"line":35,"column":144}},"40":{"start":{"line":29,"column":124},"end":{"line":35,"column":110}},"41":{"start":{"line":29,"column":135},"end":{"line":35,"column":109}},"42":{"start":{"line":29,"column":184},"end":{"line":29,"column":203}},"43":{"start":{"line":32,"column":10},"end":{"line":32,"column":56}},"44":{"start":{"line":32,"column":56},"end":{"line":32,"column":75}},"45":{"start":{"line":32,"column":75},"end":{"line":33,"column":67}},"46":{"start":{"line":33,"column":74},"end":{"line":33,"column":93}},"47":{"start":{"line":33,"column":93},"end":{"line":33,"column":99}},"48":{"start":{"line":33,"column":106},"end":{"line":33,"column":125}},"49":{"start":{"line":33,"column":125},"end":{"line":33,"column":162}},"50":{"start":{"line":35,"column":10},"end":{"line":35,"column":66}},"51":{"start":{"line":35,"column":84},"end":{"line":35,"column":108}},"52":{"start":{"line":39,"column":34},"end":{"line":50,"column":179}},"53":{"start":{"line":39,"column":98},"end":{"line":50,"column":145}},"54":{"start":{"line":39,"column":109},"end":{"line":50,"column":144}},"55":{"start":{"line":39,"column":158},"end":{"line":39,"column":177}},"56":{"start":{"line":39,"column":177},"end":{"line":39,"column":196}},"57":{"start":{"line":39,"column":196},"end":{"line":46,"column":17}},"58":{"start":{"line":46,"column":24},"end":{"line":46,"column":45}},"59":{"start":{"line":46,"column":45},"end":{"line":48,"column":22}},"60":{"start":{"line":48,"column":29},"end":{"line":48,"column":48}},"61":{"start":{"line":48,"column":48},"end":{"line":48,"column":85}},"62":{"start":{"line":50,"column":10},"end":{"line":50,"column":66}},"63":{"start":{"line":50,"column":66},"end":{"line":50,"column":100}},"64":{"start":{"line":50,"column":119},"end":{"line":50,"column":143}},"65":{"start":{"line":56,"column":2},"end":{"line":64,"column":3}},"66":{"start":{"line":58,"column":14},"end":{"line":58,"column":83}},"67":{"start":{"line":60,"column":4},"end":{"line":60,"column":15}},"68":{"start":{"line":62,"column":4},"end":{"line":62,"column":53}},"69":{"start":{"line":63,"column":4},"end":{"line":63,"column":11}}},"fnMap":{"0":{"name":"updateUser","decl":{"start":{"line":7,"column":9},"end":{"line":7,"column":19}},"loc":{"start":{"line":7,"column":26},"end":{"line":14,"column":143}},"line":7},"1":{"name":"updateUser$","decl":{"start":{"line":7,"column":82},"end":{"line":7,"column":93}},"loc":{"start":{"line":7,"column":104},"end":{"line":14,"column":109}},"line":7},"2":{"name":"softUpdateUser","decl":{"start":{"line":18,"column":9},"end":{"line":18,"column":23}},"loc":{"start":{"line":18,"column":30},"end":{"line":25,"column":146}},"line":18},"3":{"name":"softUpdateUser$","decl":{"start":{"line":18,"column":98},"end":{"line":18,"column":113}},"loc":{"start":{"line":18,"column":125},"end":{"line":25,"column":112}},"line":18},"4":{"name":"userDocumentUpdater","decl":{"start":{"line":29,"column":9},"end":{"line":29,"column":28}},"loc":{"start":{"line":29,"column":35},"end":{"line":35,"column":145}},"line":29},"5":{"name":"userDocumentUpdater$","decl":{"start":{"line":29,"column":91},"end":{"line":29,"column":111}},"loc":{"start":{"line":29,"column":123},"end":{"line":35,"column":111}},"line":29},"6":{"name":"getUser","decl":{"start":{"line":39,"column":9},"end":{"line":39,"column":16}},"loc":{"start":{"line":39,"column":25},"end":{"line":50,"column":180}},"line":39},"7":{"name":"getUser$","decl":{"start":{"line":39,"column":77},"end":{"line":39,"column":85}},"loc":{"start":{"line":39,"column":97},"end":{"line":50,"column":146}},"line":39},"8":{"name":"userStream","decl":{"start":{"line":55,"column":9},"end":{"line":55,"column":19}},"loc":{"start":{"line":55,"column":28},"end":{"line":65,"column":1}},"line":55}},"branchMap":{"0":{"loc":{"start":{"line":7,"column":116},"end":{"line":14,"column":107}},"type":"switch","locations":[{"start":{"line":7,"column":156},"end":{"line":12,"column":81}},{"start":{"line":12,"column":81},"end":{"line":12,"column":112}},{"start":{"line":12,"column":112},"end":{"line":14,"column":65}},{"start":{"line":14,"column":65},"end":{"line":14,"column":72}},{"start":{"line":14,"column":72},"end":{"line":14,"column":106}}],"line":7},"1":{"loc":{"start":{"line":18,"column":137},"end":{"line":25,"column":110}},"type":"switch","locations":[{"start":{"line":18,"column":179},"end":{"line":23,"column":73}},{"start":{"line":23,"column":73},"end":{"line":23,"column":106}},{"start":{"line":23,"column":106},"end":{"line":25,"column":66}},{"start":{"line":25,"column":66},"end":{"line":25,"column":74}},{"start":{"line":25,"column":74},"end":{"line":25,"column":109}}],"line":18},"2":{"loc":{"start":{"line":29,"column":135},"end":{"line":35,"column":109}},"type":"switch","locations":[{"start":{"line":29,"column":177},"end":{"line":33,"column":67}},{"start":{"line":33,"column":67},"end":{"line":33,"column":99}},{"start":{"line":33,"column":99},"end":{"line":35,"column":66}},{"start":{"line":35,"column":66},"end":{"line":35,"column":73}},{"start":{"line":35,"column":73},"end":{"line":35,"column":108}}],"line":29},"3":{"loc":{"start":{"line":39,"column":109},"end":{"line":50,"column":144}},"type":"switch","locations":[{"start":{"line":39,"column":151},"end":{"line":46,"column":17}},{"start":{"line":46,"column":17},"end":{"line":48,"column":22}},{"start":{"line":48,"column":22},"end":{"line":50,"column":100}},{"start":{"line":50,"column":100},"end":{"line":50,"column":108}},{"start":{"line":50,"column":108},"end":{"line":50,"column":143}}],"line":39}},"s":{"0":2,"1":2,"2":2,"3":2,"4":2,"5":2,"6":2,"7":2,"8":2,"9":2,"10":2,"11":2,"12":0,"13":0,"14":0,"15":0,"16":0,"17":0,"18":0,"19":0,"20":0,"21":0,"22":0,"23":0,"24":0,"25":0,"26":0,"27":0,"28":0,"29":0,"30":0,"31":0,"32":0,"33":0,"34":0,"35":0,"36":0,"37":0,"38":0,"39":0,"40":0,"41":0,"42":0,"43":0,"44":0,"45":0,"46":0,"47":0,"48":0,"49":0,"50":0,"51":0,"52":0,"53":0,"54":0,"55":0,"56":0,"57":0,"58":0,"59":0,"60":0,"61":0,"62":0,"63":0,"64":0,"65":0,"66":0,"67":0,"68":0,"69":0},"f":{"0":0,"1":0,"2":0,"3":0,"4":0,"5":0,"6":0,"7":0,"8":0},"b":{"0":[0,0,0,0,0],"1":[0,0,0,0,0],"2":[0,0,0,0,0],"3":[0,0,0,0,0]},"inputSourceMap":null,"_coverageSchema":"1a1c01bbd47fc00a2c39e90264f33305004495a9","hash":"5a05ce9bb0f6ec2271a82e575ef5e66a48244ca7"}
,"/Users/mickeylock/Documents/04_Mobiilityö/group-project/vehonaattorit-organization/VEHOGO/firebase/fire.js": {"path":"/Users/mickeylock/Documents/04_Mobiilityö/group-project/vehonaattorit-organization/VEHOGO/firebase/fire.js","statementMap":{"0":{"start":{"line":1,"column":42},"end":{"line":1,"column":97}},"1":{"start":{"line":1,"column":98},"end":{"line":1,"column":160}},"2":{"start":{"line":1,"column":160},"end":{"line":1,"column":185}},"3":{"start":{"line":1,"column":201},"end":{"line":1,"column":244}},"4":{"start":{"line":2,"column":15},"end":{"line":2,"column":44}},"5":{"start":{"line":4,"column":0},"end":{"line":6,"column":1}},"6":{"start":{"line":5,"column":2},"end":{"line":5,"column":59}},"7":{"start":{"line":8,"column":0},"end":{"line":8,"column":17}},"8":{"start":{"line":8,"column":18},"end":{"line":8,"column":45}}},"fnMap":{},"branchMap":{"0":{"loc":{"start":{"line":4,"column":0},"end":{"line":6,"column":1}},"type":"if","locations":[{"start":{"line":4,"column":0},"end":{"line":6,"column":1}},{"start":{"line":4,"column":0},"end":{"line":6,"column":1}}],"line":4}},"s":{"0":2,"1":2,"2":2,"3":2,"4":2,"5":2,"6":2,"7":2,"8":2},"f":{},"b":{"0":[2,0]},"inputSourceMap":null,"_coverageSchema":"1a1c01bbd47fc00a2c39e90264f33305004495a9","hash":"5de066a9d49f8a608820e4d5bcb02f4ef38553d7"}
,"/Users/mickeylock/Documents/04_Mobiilityö/group-project/vehonaattorit-organization/VEHOGO/images/vehogo_logo_musta_RGB.png": {"path":"/Users/mickeylock/Documents/04_Mobiilityö/group-project/vehonaattorit-organization/VEHOGO/images/vehogo_logo_musta_RGB.png","statementMap":{"0":{"start":{"line":1,"column":0},"end":{"line":1,"column":19}}},"fnMap":{},"branchMap":{},"s":{"0":1},"f":{},"b":{},"inputSourceMap":null,"_coverageSchema":"1a1c01bbd47fc00a2c39e90264f33305004495a9","hash":"3ca562c3e41e009e8eb203e9c6558b5aae99bdb2"}
,"/Users/mickeylock/Documents/04_Mobiilityö/group-project/vehonaattorit-organization/VEHOGO/models/preferedWorkingHours.js": {"path":"/Users/mickeylock/Documents/04_Mobiilityö/group-project/vehonaattorit-organization/VEHOGO/models/preferedWorkingHours.js","statementMap":{"0":{"start":{"line":1,"column":42},"end":{"line":1,"column":97}},"1":{"start":{"line":1,"column":98},"end":{"line":1,"column":160}},"2":{"start":{"line":1,"column":160},"end":{"line":1,"column":238}},"3":{"start":{"line":1,"column":261},"end":{"line":1,"column":333}},"4":{"start":{"line":1,"column":355},"end":{"line":1,"column":381}},"5":{"start":{"line":4,"column":0},"end":{"line":16,"column":1}},"6":{"start":{"line":10,"column":18},"end":{"line":10,"column":33}},"7":{"start":{"line":10,"column":48},"end":{"line":10,"column":64}},"8":{"start":{"line":10,"column":79},"end":{"line":10,"column":95}},"9":{"start":{"line":10,"column":111},"end":{"line":10,"column":128}},"10":{"start":{"line":10,"column":142},"end":{"line":10,"column":157}},"11":{"start":{"line":10,"column":158},"end":{"line":10,"column":216}},"12":{"start":{"line":11,"column":2},"end":{"line":11,"column":31}},"13":{"start":{"line":12,"column":2},"end":{"line":12,"column":35}},"14":{"start":{"line":13,"column":2},"end":{"line":13,"column":33}},"15":{"start":{"line":14,"column":2},"end":{"line":14,"column":33}},"16":{"start":{"line":15,"column":2},"end":{"line":15,"column":31}},"17":{"start":{"line":16,"column":2},"end":{"line":16,"column":54}},"18":{"start":{"line":20,"column":36},"end":{"line":59,"column":5}},"19":{"start":{"line":22,"column":38},"end":{"line":22,"column":40}},"20":{"start":{"line":23,"column":4},"end":{"line":25,"column":5}},"21":{"start":{"line":24,"column":6},"end":{"line":24,"column":79}},"22":{"start":{"line":26,"column":4},"end":{"line":28,"column":5}},"23":{"start":{"line":27,"column":6},"end":{"line":27,"column":81}},"24":{"start":{"line":29,"column":4},"end":{"line":31,"column":5}},"25":{"start":{"line":30,"column":6},"end":{"line":30,"column":81}},"26":{"start":{"line":32,"column":4},"end":{"line":34,"column":5}},"27":{"start":{"line":33,"column":6},"end":{"line":33,"column":79}},"28":{"start":{"line":35,"column":4},"end":{"line":37,"column":5}},"29":{"start":{"line":36,"column":6},"end":{"line":36,"column":83}},"30":{"start":{"line":38,"column":4},"end":{"line":38,"column":39}},"31":{"start":{"line":41,"column":15},"end":{"line":41,"column":37}},"32":{"start":{"line":42,"column":4},"end":{"line":47,"column":37}},"33":{"start":{"line":51,"column":4},"end":{"line":51,"column":44}},"34":{"start":{"line":51,"column":27},"end":{"line":51,"column":44}},"35":{"start":{"line":52,"column":4},"end":{"line":57,"column":37}},"36":{"start":{"line":59,"column":6},"end":{"line":59,"column":76}}},"fnMap":{"0":{"name":"PreferedWorkingHours","decl":{"start":{"line":4,"column":9},"end":{"line":4,"column":29}},"loc":{"start":{"line":10,"column":0},"end":{"line":16,"column":1}},"line":10},"1":{"name":"toFirestore","decl":{"start":{"line":21,"column":24},"end":{"line":21,"column":35}},"loc":{"start":{"line":21,"column":58},"end":{"line":39,"column":3}},"line":21},"2":{"name":"fromFirestore","decl":{"start":{"line":40,"column":26},"end":{"line":40,"column":39}},"loc":{"start":{"line":40,"column":59},"end":{"line":49,"column":3}},"line":40},"3":{"name":"fromData","decl":{"start":{"line":50,"column":21},"end":{"line":50,"column":29}},"loc":{"start":{"line":50,"column":36},"end":{"line":59,"column":3}},"line":50}},"branchMap":{"0":{"loc":{"start":{"line":23,"column":4},"end":{"line":25,"column":5}},"type":"if","locations":[{"start":{"line":23,"column":4},"end":{"line":25,"column":5}},{"start":{"line":23,"column":4},"end":{"line":25,"column":5}}],"line":23},"1":{"loc":{"start":{"line":26,"column":4},"end":{"line":28,"column":5}},"type":"if","locations":[{"start":{"line":26,"column":4},"end":{"line":28,"column":5}},{"start":{"line":26,"column":4},"end":{"line":28,"column":5}}],"line":26},"2":{"loc":{"start":{"line":29,"column":4},"end":{"line":31,"column":5}},"type":"if","locations":[{"start":{"line":29,"column":4},"end":{"line":31,"column":5}},{"start":{"line":29,"column":4},"end":{"line":31,"column":5}}],"line":29},"3":{"loc":{"start":{"line":32,"column":4},"end":{"line":34,"column":5}},"type":"if","locations":[{"start":{"line":32,"column":4},"end":{"line":34,"column":5}},{"start":{"line":32,"column":4},"end":{"line":34,"column":5}}],"line":32},"4":{"loc":{"start":{"line":35,"column":4},"end":{"line":37,"column":5}},"type":"if","locations":[{"start":{"line":35,"column":4},"end":{"line":37,"column":5}},{"start":{"line":35,"column":4},"end":{"line":37,"column":5}}],"line":35},"5":{"loc":{"start":{"line":51,"column":4},"end":{"line":51,"column":44}},"type":"if","locations":[{"start":{"line":51,"column":4},"end":{"line":51,"column":44}},{"start":{"line":51,"column":4},"end":{"line":51,"column":44}}],"line":51}},"s":{"0":2,"1":2,"2":2,"3":2,"4":2,"5":2,"6":0,"7":0,"8":0,"9":0,"10":0,"11":0,"12":0,"13":0,"14":0,"15":0,"16":0,"17":2,"18":2,"19":0,"20":0,"21":0,"22":0,"23":0,"24":0,"25":0,"26":0,"27":0,"28":0,"29":0,"30":0,"31":0,"32":0,"33":0,"34":0,"35":0,"36":2},"f":{"0":0,"1":0,"2":0,"3":0},"b":{"0":[0,0],"1":[0,0],"2":[0,0],"3":[0,0],"4":[0,0],"5":[0,0]},"inputSourceMap":null,"_coverageSchema":"1a1c01bbd47fc00a2c39e90264f33305004495a9","hash":"332b8d6b26340cb2ffab2a419fe85f04ad0b457b"}
,"/Users/mickeylock/Documents/04_Mobiilityö/group-project/vehonaattorit-organization/VEHOGO/models/scheduleDrive.js": {"path":"/Users/mickeylock/Documents/04_Mobiilityö/group-project/vehonaattorit-organization/VEHOGO/models/scheduleDrive.js","statementMap":{"0":{"start":{"line":1,"column":42},"end":{"line":1,"column":97}},"1":{"start":{"line":1,"column":98},"end":{"line":1,"column":160}},"2":{"start":{"line":1,"column":160},"end":{"line":1,"column":225}},"3":{"start":{"line":1,"column":248},"end":{"line":1,"column":320}},"4":{"start":{"line":1,"column":333},"end":{"line":1,"column":350}},"5":{"start":{"line":4,"column":0},"end":{"line":10,"column":1}},"6":{"start":{"line":4,"column":40},"end":{"line":4,"column":47}},"7":{"start":{"line":4,"column":56},"end":{"line":4,"column":66}},"8":{"start":{"line":4,"column":73},"end":{"line":4,"column":81}},"9":{"start":{"line":4,"column":93},"end":{"line":4,"column":106}},"10":{"start":{"line":4,"column":124},"end":{"line":4,"column":143}},"11":{"start":{"line":4,"column":152},"end":{"line":4,"column":162}},"12":{"start":{"line":4,"column":174},"end":{"line":4,"column":187}},"13":{"start":{"line":4,"column":188},"end":{"line":4,"column":240}},"14":{"start":{"line":5,"column":2},"end":{"line":5,"column":21}},"15":{"start":{"line":6,"column":2},"end":{"line":6,"column":17}},"16":{"start":{"line":7,"column":2},"end":{"line":7,"column":39}},"17":{"start":{"line":8,"column":2},"end":{"line":8,"column":21}},"18":{"start":{"line":9,"column":2},"end":{"line":9,"column":27}},"19":{"start":{"line":10,"column":2},"end":{"line":10,"column":42}},"20":{"start":{"line":14,"column":29},"end":{"line":81,"column":5}},"21":{"start":{"line":16,"column":31},"end":{"line":16,"column":33}},"22":{"start":{"line":17,"column":4},"end":{"line":19,"column":5}},"23":{"start":{"line":18,"column":6},"end":{"line":18,"column":56}},"24":{"start":{"line":20,"column":4},"end":{"line":22,"column":5}},"25":{"start":{"line":21,"column":6},"end":{"line":21,"column":52}},"26":{"start":{"line":23,"column":4},"end":{"line":25,"column":5}},"27":{"start":{"line":24,"column":6},"end":{"line":24,"column":74}},"28":{"start":{"line":26,"column":4},"end":{"line":33,"column":5}},"29":{"start":{"line":27,"column":18},"end":{"line":27,"column":20}},"30":{"start":{"line":29,"column":6},"end":{"line":31,"column":9}},"31":{"start":{"line":30,"column":8},"end":{"line":30,"column":58}},"32":{"start":{"line":32,"column":6},"end":{"line":32,"column":41}},"33":{"start":{"line":34,"column":4},"end":{"line":36,"column":5}},"34":{"start":{"line":35,"column":6},"end":{"line":35,"column":62}},"35":{"start":{"line":37,"column":4},"end":{"line":37,"column":32}},"36":{"start":{"line":40,"column":15},"end":{"line":40,"column":37}},"37":{"start":{"line":41,"column":22},"end":{"line":41,"column":24}},"38":{"start":{"line":42,"column":4},"end":{"line":46,"column":5}},"39":{"start":{"line":43,"column":6},"end":{"line":45,"column":9}},"40":{"start":{"line":44,"column":8},"end":{"line":44,"column":61}},"41":{"start":{"line":47,"column":4},"end":{"line":53,"column":33}},"42":{"start":{"line":57,"column":22},"end":{"line":57,"column":24}},"43":{"start":{"line":58,"column":20},"end":{"line":58,"column":30}},"44":{"start":{"line":59,"column":18},"end":{"line":59,"column":28}},"45":{"start":{"line":60,"column":4},"end":{"line":80,"column":28}},"46":{"start":{"line":61,"column":6},"end":{"line":65,"column":7}},"47":{"start":{"line":62,"column":8},"end":{"line":64,"column":11}},"48":{"start":{"line":63,"column":10},"end":{"line":63,"column":63}},"49":{"start":{"line":66,"column":6},"end":{"line":71,"column":24}},"50":{"start":{"line":67,"column":8},"end":{"line":70,"column":9}},"51":{"start":{"line":68,"column":10},"end":{"line":68,"column":33}},"52":{"start":{"line":69,"column":10},"end":{"line":69,"column":29}},"53":{"start":{"line":72,"column":6},"end":{"line":78,"column":35}},"54":{"start":{"line":80,"column":11},"end":{"line":80,"column":28}},"55":{"start":{"line":81,"column":6},"end":{"line":81,"column":62}}},"fnMap":{"0":{"name":"ScheduledDrive","decl":{"start":{"line":4,"column":9},"end":{"line":4,"column":23}},"loc":{"start":{"line":4,"column":30},"end":{"line":10,"column":1}},"line":4},"1":{"name":"toFirestore","decl":{"start":{"line":15,"column":24},"end":{"line":15,"column":35}},"loc":{"start":{"line":15,"column":52},"end":{"line":38,"column":3}},"line":15},"2":{"name":"(anonymous_2)","decl":{"start":{"line":29,"column":35},"end":{"line":29,"column":36}},"loc":{"start":{"line":29,"column":51},"end":{"line":31,"column":7}},"line":29},"3":{"name":"fromFirestore","decl":{"start":{"line":39,"column":26},"end":{"line":39,"column":39}},"loc":{"start":{"line":39,"column":59},"end":{"line":55,"column":3}},"line":39},"4":{"name":"(anonymous_4)","decl":{"start":{"line":43,"column":25},"end":{"line":43,"column":26}},"loc":{"start":{"line":43,"column":41},"end":{"line":45,"column":7}},"line":43},"5":{"name":"fromData","decl":{"start":{"line":56,"column":21},"end":{"line":56,"column":29}},"loc":{"start":{"line":56,"column":36},"end":{"line":81,"column":3}},"line":56},"6":{"name":"(anonymous_6)","decl":{"start":{"line":62,"column":27},"end":{"line":62,"column":28}},"loc":{"start":{"line":62,"column":43},"end":{"line":64,"column":9}},"line":62}},"branchMap":{"0":{"loc":{"start":{"line":17,"column":4},"end":{"line":19,"column":5}},"type":"if","locations":[{"start":{"line":17,"column":4},"end":{"line":19,"column":5}},{"start":{"line":17,"column":4},"end":{"line":19,"column":5}}],"line":17},"1":{"loc":{"start":{"line":20,"column":4},"end":{"line":22,"column":5}},"type":"if","locations":[{"start":{"line":20,"column":4},"end":{"line":22,"column":5}},{"start":{"line":20,"column":4},"end":{"line":22,"column":5}}],"line":20},"2":{"loc":{"start":{"line":23,"column":4},"end":{"line":25,"column":5}},"type":"if","locations":[{"start":{"line":23,"column":4},"end":{"line":25,"column":5}},{"start":{"line":23,"column":4},"end":{"line":25,"column":5}}],"line":23},"3":{"loc":{"start":{"line":26,"column":4},"end":{"line":33,"column":5}},"type":"if","locations":[{"start":{"line":26,"column":4},"end":{"line":33,"column":5}},{"start":{"line":26,"column":4},"end":{"line":33,"column":5}}],"line":26},"4":{"loc":{"start":{"line":26,"column":8},"end":{"line":26,"column":76}},"type":"binary-expr","locations":[{"start":{"line":26,"column":8},"end":{"line":26,"column":41}},{"start":{"line":26,"column":45},"end":{"line":26,"column":76}}],"line":26},"5":{"loc":{"start":{"line":34,"column":4},"end":{"line":36,"column":5}},"type":"if","locations":[{"start":{"line":34,"column":4},"end":{"line":36,"column":5}},{"start":{"line":34,"column":4},"end":{"line":36,"column":5}}],"line":34},"6":{"loc":{"start":{"line":42,"column":4},"end":{"line":46,"column":5}},"type":"if","locations":[{"start":{"line":42,"column":4},"end":{"line":46,"column":5}},{"start":{"line":42,"column":4},"end":{"line":46,"column":5}}],"line":42},"7":{"loc":{"start":{"line":60,"column":4},"end":{"line":80,"column":28}},"type":"if","locations":[{"start":{"line":60,"column":4},"end":{"line":80,"column":28}},{"start":{"line":60,"column":4},"end":{"line":80,"column":28}}],"line":60},"8":{"loc":{"start":{"line":61,"column":6},"end":{"line":65,"column":7}},"type":"if","locations":[{"start":{"line":61,"column":6},"end":{"line":65,"column":7}},{"start":{"line":61,"column":6},"end":{"line":65,"column":7}}],"line":61},"9":{"loc":{"start":{"line":67,"column":8},"end":{"line":70,"column":9}},"type":"if","locations":[{"start":{"line":67,"column":8},"end":{"line":70,"column":9}},{"start":{"line":67,"column":8},"end":{"line":70,"column":9}}],"line":67},"10":{"loc":{"start":{"line":67,"column":12},"end":{"line":67,"column":60}},"type":"binary-expr","locations":[{"start":{"line":67,"column":12},"end":{"line":67,"column":35}},{"start":{"line":67,"column":39},"end":{"line":67,"column":60}}],"line":67}},"s":{"0":2,"1":2,"2":2,"3":2,"4":2,"5":2,"6":0,"7":0,"8":0,"9":0,"10":0,"11":0,"12":0,"13":0,"14":0,"15":0,"16":0,"17":0,"18":0,"19":2,"20":2,"21":0,"22":0,"23":0,"24":0,"25":0,"26":0,"27":0,"28":0,"29":0,"30":0,"31":0,"32":0,"33":0,"34":0,"35":0,"36":0,"37":0,"38":0,"39":0,"40":0,"41":0,"42":0,"43":0,"44":0,"45":0,"46":0,"47":0,"48":0,"49":0,"50":0,"51":0,"52":0,"53":0,"54":0,"55":2},"f":{"0":0,"1":0,"2":0,"3":0,"4":0,"5":0,"6":0},"b":{"0":[0,0],"1":[0,0],"2":[0,0],"3":[0,0],"4":[0,0],"5":[0,0],"6":[0,0],"7":[0,0],"8":[0,0],"9":[0,0],"10":[0,0]},"inputSourceMap":null,"_coverageSchema":"1a1c01bbd47fc00a2c39e90264f33305004495a9","hash":"8bafa723aa7bddaa6b2016f1c7b65c477db6f6aa"}
,"/Users/mickeylock/Documents/04_Mobiilityö/group-project/vehonaattorit-organization/VEHOGO/models/stop.js": {"path":"/Users/mickeylock/Documents/04_Mobiilityö/group-project/vehonaattorit-organization/VEHOGO/models/stop.js","statementMap":{"0":{"start":{"line":1,"column":42},"end":{"line":1,"column":97}},"1":{"start":{"line":1,"column":98},"end":{"line":1,"column":160}},"2":{"start":{"line":1,"column":160},"end":{"line":1,"column":206}},"3":{"start":{"line":1,"column":229},"end":{"line":1,"column":301}},"4":{"start":{"line":2,"column":0},"end":{"line":8,"column":1}},"5":{"start":{"line":2,"column":36},"end":{"line":2,"column":49}},"6":{"start":{"line":2,"column":60},"end":{"line":2,"column":72}},"7":{"start":{"line":2,"column":84},"end":{"line":2,"column":97}},"8":{"start":{"line":2,"column":107},"end":{"line":2,"column":118}},"9":{"start":{"line":2,"column":142},"end":{"line":2,"column":167}},"10":{"start":{"line":2,"column":168},"end":{"line":2,"column":210}},"11":{"start":{"line":3,"column":2},"end":{"line":3,"column":27}},"12":{"start":{"line":4,"column":2},"end":{"line":4,"column":25}},"13":{"start":{"line":5,"column":2},"end":{"line":5,"column":27}},"14":{"start":{"line":6,"column":2},"end":{"line":6,"column":23}},"15":{"start":{"line":7,"column":2},"end":{"line":7,"column":51}},"16":{"start":{"line":8,"column":2},"end":{"line":8,"column":22}},"17":{"start":{"line":12,"column":20},"end":{"line":42,"column":5}},"18":{"start":{"line":14,"column":4},"end":{"line":14,"column":20}},"19":{"start":{"line":15,"column":4},"end":{"line":15,"column":40}},"20":{"start":{"line":16,"column":4},"end":{"line":16,"column":38}},"21":{"start":{"line":17,"column":4},"end":{"line":17,"column":40}},"22":{"start":{"line":18,"column":4},"end":{"line":18,"column":36}},"23":{"start":{"line":19,"column":4},"end":{"line":21,"column":5}},"24":{"start":{"line":20,"column":6},"end":{"line":20,"column":66}},"25":{"start":{"line":22,"column":4},"end":{"line":22,"column":22}},"26":{"start":{"line":25,"column":15},"end":{"line":25,"column":37}},"27":{"start":{"line":26,"column":4},"end":{"line":31,"column":57}},"28":{"start":{"line":35,"column":4},"end":{"line":40,"column":57}},"29":{"start":{"line":42,"column":6},"end":{"line":42,"column":44}}},"fnMap":{"0":{"name":"Stop","decl":{"start":{"line":2,"column":9},"end":{"line":2,"column":13}},"loc":{"start":{"line":2,"column":20},"end":{"line":8,"column":1}},"line":2},"1":{"name":"toFirestore","decl":{"start":{"line":13,"column":24},"end":{"line":13,"column":35}},"loc":{"start":{"line":13,"column":42},"end":{"line":23,"column":3}},"line":13},"2":{"name":"fromFirestore","decl":{"start":{"line":24,"column":26},"end":{"line":24,"column":39}},"loc":{"start":{"line":24,"column":59},"end":{"line":33,"column":3}},"line":24},"3":{"name":"fromData","decl":{"start":{"line":34,"column":21},"end":{"line":34,"column":29}},"loc":{"start":{"line":34,"column":36},"end":{"line":42,"column":3}},"line":34}},"branchMap":{"0":{"loc":{"start":{"line":19,"column":4},"end":{"line":21,"column":5}},"type":"if","locations":[{"start":{"line":19,"column":4},"end":{"line":21,"column":5}},{"start":{"line":19,"column":4},"end":{"line":21,"column":5}}],"line":19}},"s":{"0":2,"1":2,"2":2,"3":2,"4":2,"5":0,"6":0,"7":0,"8":0,"9":0,"10":0,"11":0,"12":0,"13":0,"14":0,"15":0,"16":2,"17":2,"18":0,"19":0,"20":0,"21":0,"22":0,"23":0,"24":0,"25":0,"26":0,"27":0,"28":0,"29":2},"f":{"0":0,"1":0,"2":0,"3":0},"b":{"0":[0,0]},"inputSourceMap":null,"_coverageSchema":"1a1c01bbd47fc00a2c39e90264f33305004495a9","hash":"256fb109d3f716b25497f8562996540dbb534cfc"}
,"/Users/mickeylock/Documents/04_Mobiilityö/group-project/vehonaattorit-organization/VEHOGO/models/user.js": {"path":"/Users/mickeylock/Documents/04_Mobiilityö/group-project/vehonaattorit-organization/VEHOGO/models/user.js","statementMap":{"0":{"start":{"line":1,"column":42},"end":{"line":1,"column":97}},"1":{"start":{"line":1,"column":98},"end":{"line":1,"column":160}},"2":{"start":{"line":1,"column":160},"end":{"line":1,"column":206}},"3":{"start":{"line":1,"column":229},"end":{"line":1,"column":301}},"4":{"start":{"line":1,"column":330},"end":{"line":1,"column":363}},"5":{"start":{"line":4,"column":0},"end":{"line":38,"column":1}},"6":{"start":{"line":21,"column":10},"end":{"line":21,"column":17}},"7":{"start":{"line":21,"column":30},"end":{"line":21,"column":44}},"8":{"start":{"line":21,"column":56},"end":{"line":21,"column":69}},"9":{"start":{"line":21,"column":80},"end":{"line":21,"column":92}},"10":{"start":{"line":21,"column":108},"end":{"line":21,"column":125}},"11":{"start":{"line":21,"column":140},"end":{"line":21,"column":156}},"12":{"start":{"line":21,"column":164},"end":{"line":21,"column":173}},"13":{"start":{"line":21,"column":192},"end":{"line":21,"column":212}},"14":{"start":{"line":21,"column":232},"end":{"line":21,"column":253}},"15":{"start":{"line":21,"column":270},"end":{"line":21,"column":288}},"16":{"start":{"line":21,"column":296},"end":{"line":21,"column":305}},"17":{"start":{"line":21,"column":329},"end":{"line":21,"column":354}},"18":{"start":{"line":21,"column":374},"end":{"line":21,"column":395}},"19":{"start":{"line":21,"column":410},"end":{"line":21,"column":426}},"20":{"start":{"line":21,"column":438},"end":{"line":21,"column":451}},"21":{"start":{"line":21,"column":460},"end":{"line":21,"column":470}},"22":{"start":{"line":21,"column":471},"end":{"line":21,"column":513}},"23":{"start":{"line":22,"column":2},"end":{"line":22,"column":15}},"24":{"start":{"line":23,"column":2},"end":{"line":23,"column":29}},"25":{"start":{"line":24,"column":2},"end":{"line":24,"column":27}},"26":{"start":{"line":25,"column":2},"end":{"line":25,"column":25}},"27":{"start":{"line":26,"column":2},"end":{"line":26,"column":35}},"28":{"start":{"line":27,"column":2},"end":{"line":27,"column":33}},"29":{"start":{"line":28,"column":2},"end":{"line":28,"column":19}},"30":{"start":{"line":29,"column":2},"end":{"line":29,"column":41}},"31":{"start":{"line":30,"column":2},"end":{"line":30,"column":43}},"32":{"start":{"line":31,"column":2},"end":{"line":31,"column":37}},"33":{"start":{"line":32,"column":2},"end":{"line":32,"column":19}},"34":{"start":{"line":33,"column":2},"end":{"line":33,"column":51}},"35":{"start":{"line":34,"column":2},"end":{"line":34,"column":43}},"36":{"start":{"line":35,"column":2},"end":{"line":35,"column":33}},"37":{"start":{"line":36,"column":2},"end":{"line":36,"column":27}},"38":{"start":{"line":37,"column":2},"end":{"line":37,"column":21}},"39":{"start":{"line":38,"column":2},"end":{"line":38,"column":22}},"40":{"start":{"line":42,"column":20},"end":{"line":127,"column":5}},"41":{"start":{"line":44,"column":21},"end":{"line":44,"column":23}},"42":{"start":{"line":45,"column":4},"end":{"line":47,"column":5}},"43":{"start":{"line":46,"column":6},"end":{"line":46,"column":30}},"44":{"start":{"line":48,"column":4},"end":{"line":50,"column":5}},"45":{"start":{"line":49,"column":6},"end":{"line":49,"column":44}},"46":{"start":{"line":51,"column":4},"end":{"line":53,"column":5}},"47":{"start":{"line":52,"column":6},"end":{"line":52,"column":42}},"48":{"start":{"line":54,"column":4},"end":{"line":56,"column":5}},"49":{"start":{"line":55,"column":6},"end":{"line":55,"column":40}},"50":{"start":{"line":57,"column":4},"end":{"line":59,"column":5}},"51":{"start":{"line":58,"column":6},"end":{"line":58,"column":50}},"52":{"start":{"line":60,"column":4},"end":{"line":62,"column":5}},"53":{"start":{"line":61,"column":6},"end":{"line":61,"column":48}},"54":{"start":{"line":63,"column":4},"end":{"line":65,"column":5}},"55":{"start":{"line":64,"column":6},"end":{"line":64,"column":34}},"56":{"start":{"line":66,"column":4},"end":{"line":68,"column":5}},"57":{"start":{"line":67,"column":6},"end":{"line":67,"column":56}},"58":{"start":{"line":69,"column":4},"end":{"line":71,"column":5}},"59":{"start":{"line":70,"column":6},"end":{"line":70,"column":58}},"60":{"start":{"line":72,"column":4},"end":{"line":74,"column":5}},"61":{"start":{"line":73,"column":6},"end":{"line":73,"column":52}},"62":{"start":{"line":75,"column":4},"end":{"line":77,"column":5}},"63":{"start":{"line":76,"column":6},"end":{"line":76,"column":34}},"64":{"start":{"line":78,"column":4},"end":{"line":85,"column":5}},"65":{"start":{"line":79,"column":18},"end":{"line":79,"column":20}},"66":{"start":{"line":80,"column":6},"end":{"line":82,"column":9}},"67":{"start":{"line":81,"column":8},"end":{"line":81,"column":98}},"68":{"start":{"line":84,"column":6},"end":{"line":84,"column":66}},"69":{"start":{"line":86,"column":4},"end":{"line":88,"column":5}},"70":{"start":{"line":87,"column":6},"end":{"line":87,"column":58}},"71":{"start":{"line":89,"column":4},"end":{"line":91,"column":5}},"72":{"start":{"line":90,"column":6},"end":{"line":90,"column":48}},"73":{"start":{"line":92,"column":4},"end":{"line":94,"column":5}},"74":{"start":{"line":93,"column":6},"end":{"line":93,"column":42}},"75":{"start":{"line":95,"column":4},"end":{"line":97,"column":5}},"76":{"start":{"line":96,"column":6},"end":{"line":96,"column":36}},"77":{"start":{"line":99,"column":4},"end":{"line":99,"column":22}},"78":{"start":{"line":102,"column":15},"end":{"line":102,"column":37}},"79":{"start":{"line":103,"column":16},"end":{"line":103,"column":25}},"80":{"start":{"line":104,"column":4},"end":{"line":109,"column":5}},"81":{"start":{"line":105,"column":6},"end":{"line":105,"column":17}},"82":{"start":{"line":106,"column":6},"end":{"line":108,"column":9}},"83":{"start":{"line":107,"column":8},"end":{"line":107,"column":87}},"84":{"start":{"line":110,"column":4},"end":{"line":125,"column":27}},"85":{"start":{"line":127,"column":6},"end":{"line":127,"column":44}}},"fnMap":{"0":{"name":"User","decl":{"start":{"line":4,"column":9},"end":{"line":4,"column":13}},"loc":{"start":{"line":21,"column":0},"end":{"line":38,"column":1}},"line":21},"1":{"name":"toFirestore","decl":{"start":{"line":43,"column":24},"end":{"line":43,"column":35}},"loc":{"start":{"line":43,"column":42},"end":{"line":100,"column":3}},"line":43},"2":{"name":"(anonymous_2)","decl":{"start":{"line":80,"column":40},"end":{"line":80,"column":41}},"loc":{"start":{"line":80,"column":64},"end":{"line":82,"column":7}},"line":80},"3":{"name":"fromFirestore","decl":{"start":{"line":101,"column":26},"end":{"line":101,"column":39}},"loc":{"start":{"line":101,"column":59},"end":{"line":127,"column":3}},"line":101},"4":{"name":"(anonymous_4)","decl":{"start":{"line":106,"column":40},"end":{"line":106,"column":41}},"loc":{"start":{"line":106,"column":56},"end":{"line":108,"column":7}},"line":106}},"branchMap":{"0":{"loc":{"start":{"line":45,"column":4},"end":{"line":47,"column":5}},"type":"if","locations":[{"start":{"line":45,"column":4},"end":{"line":47,"column":5}},{"start":{"line":45,"column":4},"end":{"line":47,"column":5}}],"line":45},"1":{"loc":{"start":{"line":48,"column":4},"end":{"line":50,"column":5}},"type":"if","locations":[{"start":{"line":48,"column":4},"end":{"line":50,"column":5}},{"start":{"line":48,"column":4},"end":{"line":50,"column":5}}],"line":48},"2":{"loc":{"start":{"line":51,"column":4},"end":{"line":53,"column":5}},"type":"if","locations":[{"start":{"line":51,"column":4},"end":{"line":53,"column":5}},{"start":{"line":51,"column":4},"end":{"line":53,"column":5}}],"line":51},"3":{"loc":{"start":{"line":54,"column":4},"end":{"line":56,"column":5}},"type":"if","locations":[{"start":{"line":54,"column":4},"end":{"line":56,"column":5}},{"start":{"line":54,"column":4},"end":{"line":56,"column":5}}],"line":54},"4":{"loc":{"start":{"line":57,"column":4},"end":{"line":59,"column":5}},"type":"if","locations":[{"start":{"line":57,"column":4},"end":{"line":59,"column":5}},{"start":{"line":57,"column":4},"end":{"line":59,"column":5}}],"line":57},"5":{"loc":{"start":{"line":60,"column":4},"end":{"line":62,"column":5}},"type":"if","locations":[{"start":{"line":60,"column":4},"end":{"line":62,"column":5}},{"start":{"line":60,"column":4},"end":{"line":62,"column":5}}],"line":60},"6":{"loc":{"start":{"line":63,"column":4},"end":{"line":65,"column":5}},"type":"if","locations":[{"start":{"line":63,"column":4},"end":{"line":65,"column":5}},{"start":{"line":63,"column":4},"end":{"line":65,"column":5}}],"line":63},"7":{"loc":{"start":{"line":66,"column":4},"end":{"line":68,"column":5}},"type":"if","locations":[{"start":{"line":66,"column":4},"end":{"line":68,"column":5}},{"start":{"line":66,"column":4},"end":{"line":68,"column":5}}],"line":66},"8":{"loc":{"start":{"line":69,"column":4},"end":{"line":71,"column":5}},"type":"if","locations":[{"start":{"line":69,"column":4},"end":{"line":71,"column":5}},{"start":{"line":69,"column":4},"end":{"line":71,"column":5}}],"line":69},"9":{"loc":{"start":{"line":72,"column":4},"end":{"line":74,"column":5}},"type":"if","locations":[{"start":{"line":72,"column":4},"end":{"line":74,"column":5}},{"start":{"line":72,"column":4},"end":{"line":74,"column":5}}],"line":72},"10":{"loc":{"start":{"line":75,"column":4},"end":{"line":77,"column":5}},"type":"if","locations":[{"start":{"line":75,"column":4},"end":{"line":77,"column":5}},{"start":{"line":75,"column":4},"end":{"line":77,"column":5}}],"line":75},"11":{"loc":{"start":{"line":78,"column":4},"end":{"line":85,"column":5}},"type":"if","locations":[{"start":{"line":78,"column":4},"end":{"line":85,"column":5}},{"start":{"line":78,"column":4},"end":{"line":85,"column":5}}],"line":78},"12":{"loc":{"start":{"line":86,"column":4},"end":{"line":88,"column":5}},"type":"if","locations":[{"start":{"line":86,"column":4},"end":{"line":88,"column":5}},{"start":{"line":86,"column":4},"end":{"line":88,"column":5}}],"line":86},"13":{"loc":{"start":{"line":89,"column":4},"end":{"line":91,"column":5}},"type":"if","locations":[{"start":{"line":89,"column":4},"end":{"line":91,"column":5}},{"start":{"line":89,"column":4},"end":{"line":91,"column":5}}],"line":89},"14":{"loc":{"start":{"line":92,"column":4},"end":{"line":94,"column":5}},"type":"if","locations":[{"start":{"line":92,"column":4},"end":{"line":94,"column":5}},{"start":{"line":92,"column":4},"end":{"line":94,"column":5}}],"line":92},"15":{"loc":{"start":{"line":95,"column":4},"end":{"line":97,"column":5}},"type":"if","locations":[{"start":{"line":95,"column":4},"end":{"line":97,"column":5}},{"start":{"line":95,"column":4},"end":{"line":97,"column":5}}],"line":95},"16":{"loc":{"start":{"line":104,"column":4},"end":{"line":109,"column":5}},"type":"if","locations":[{"start":{"line":104,"column":4},"end":{"line":109,"column":5}},{"start":{"line":104,"column":4},"end":{"line":109,"column":5}}],"line":104}},"s":{"0":2,"1":2,"2":2,"3":2,"4":2,"5":2,"6":0,"7":0,"8":0,"9":0,"10":0,"11":0,"12":0,"13":0,"14":0,"15":0,"16":0,"17":0,"18":0,"19":0,"20":0,"21":0,"22":0,"23":0,"24":0,"25":0,"26":0,"27":0,"28":0,"29":0,"30":0,"31":0,"32":0,"33":0,"34":0,"35":0,"36":0,"37":0,"38":0,"39":2,"40":2,"41":0,"42":0,"43":0,"44":0,"45":0,"46":0,"47":0,"48":0,"49":0,"50":0,"51":0,"52":0,"53":0,"54":0,"55":0,"56":0,"57":0,"58":0,"59":0,"60":0,"61":0,"62":0,"63":0,"64":0,"65":0,"66":0,"67":0,"68":0,"69":0,"70":0,"71":0,"72":0,"73":0,"74":0,"75":0,"76":0,"77":0,"78":0,"79":0,"80":0,"81":0,"82":0,"83":0,"84":0,"85":2},"f":{"0":0,"1":0,"2":0,"3":0,"4":0},"b":{"0":[0,0],"1":[0,0],"2":[0,0],"3":[0,0],"4":[0,0],"5":[0,0],"6":[0,0],"7":[0,0],"8":[0,0],"9":[0,0],"10":[0,0],"11":[0,0],"12":[0,0],"13":[0,0],"14":[0,0],"15":[0,0],"16":[0,0]},"inputSourceMap":null,"_coverageSchema":"1a1c01bbd47fc00a2c39e90264f33305004495a9","hash":"2a5e044e92f2234848a197285ee61786e7a91e73"}
,"/Users/mickeylock/Documents/04_Mobiilityö/group-project/vehonaattorit-organization/VEHOGO/secrets/secrets.js": {"path":"/Users/mickeylock/Documents/04_Mobiilityö/group-project/vehonaattorit-organization/VEHOGO/secrets/secrets.js","statementMap":{"0":{"start":{"line":1,"column":43},"end":{"line":1,"column":99}},"1":{"start":{"line":1,"column":100},"end":{"line":1,"column":162}},"2":{"start":{"line":1,"column":162},"end":{"line":1,"column":247}},"3":{"start":{"line":29,"column":19},"end":{"line":29,"column":42}},"4":{"start":{"line":31,"column":18},"end":{"line":31,"column":71}},"5":{"start":{"line":31,"column":93},"end":{"line":31,"column":361}},"6":{"start":{"line":31,"column":362},"end":{"line":31,"column":402}},"7":{"start":{"line":31,"column":425},"end":{"line":31,"column":466}},"8":{"start":{"line":31,"column":467},"end":{"line":31,"column":511}},"9":{"start":{"line":33,"column":22},"end":{"line":43,"column":73}},"10":{"start":{"line":43,"column":74},"end":{"line":43,"column":116}}},"fnMap":{},"branchMap":{"0":{"loc":{"start":{"line":35,"column":2},"end":{"line":37,"column":71}},"type":"cond-expr","locations":[{"start":{"line":36,"column":2},"end":{"line":37,"column":23}},{"start":{"line":37,"column":26},"end":{"line":37,"column":71}}],"line":35}},"s":{"0":2,"1":2,"2":2,"3":2,"4":2,"5":2,"6":2,"7":2,"8":2,"9":2,"10":2},"f":{},"b":{"0":[0,2]},"inputSourceMap":null,"_coverageSchema":"1a1c01bbd47fc00a2c39e90264f33305004495a9","hash":"569530af4c82f27f09129602a49c688d297e4b29"}
,"/Users/mickeylock/Documents/04_Mobiilityö/group-project/vehonaattorit-organization/VEHOGO/views/authNavigationStack/LogIn.js": {"path":"/Users/mickeylock/Documents/04_Mobiilityö/group-project/vehonaattorit-organization/VEHOGO/views/authNavigationStack/LogIn.js","statementMap":{"0":{"start":{"line":1,"column":42},"end":{"line":1,"column":97}},"1":{"start":{"line":1,"column":128},"end":{"line":1,"column":184}},"2":{"start":{"line":1,"column":185},"end":{"line":1,"column":247}},"3":{"start":{"line":1,"column":247},"end":{"line":1,"column":270}},"4":{"start":{"line":1,"column":289},"end":{"line":1,"column":350}},"5":{"start":{"line":1,"column":373},"end":{"line":1,"column":444}},"6":{"start":{"line":1,"column":458},"end":{"line":1,"column":499}},"7":{"start":{"line":3,"column":19},"end":{"line":3,"column":42}},"8":{"start":{"line":14,"column":14},"end":{"line":14,"column":47}},"9":{"start":{"line":15,"column":27},"end":{"line":15,"column":59}},"10":{"start":{"line":16,"column":12},"end":{"line":16,"column":66}},"11":{"start":{"line":17,"column":20},"end":{"line":17,"column":60}},"12":{"start":{"line":18,"column":18},"end":{"line":18,"column":56}},"13":{"start":{"line":19,"column":19},"end":{"line":19,"column":58}},"14":{"start":{"line":20,"column":23},"end":{"line":20,"column":67}},"15":{"start":{"line":21,"column":18},"end":{"line":21,"column":40}},"16":{"start":{"line":21,"column":53},"end":{"line":21,"column":57}},"17":{"start":{"line":21,"column":73},"end":{"line":21,"column":202}},"18":{"start":{"line":23,"column":12},"end":{"line":100,"column":1}},"19":{"start":{"line":23,"column":51},"end":{"line":23,"column":66}},"20":{"start":{"line":23,"column":79},"end":{"line":23,"column":93}},"21":{"start":{"line":24,"column":2},"end":{"line":24,"column":26}},"22":{"start":{"line":24,"column":40},"end":{"line":24,"column":82}},"23":{"start":{"line":24,"column":91},"end":{"line":24,"column":104}},"24":{"start":{"line":24,"column":116},"end":{"line":24,"column":129}},"25":{"start":{"line":25,"column":2},"end":{"line":25,"column":26}},"26":{"start":{"line":25,"column":40},"end":{"line":25,"column":83}},"27":{"start":{"line":25,"column":95},"end":{"line":25,"column":108}},"28":{"start":{"line":25,"column":123},"end":{"line":25,"column":136}},"29":{"start":{"line":27,"column":2},"end":{"line":27,"column":26}},"30":{"start":{"line":27,"column":40},"end":{"line":27,"column":83}},"31":{"start":{"line":27,"column":92},"end":{"line":27,"column":105}},"32":{"start":{"line":27,"column":117},"end":{"line":27,"column":130}},"33":{"start":{"line":29,"column":14},"end":{"line":35,"column":120}},"34":{"start":{"line":29,"column":32},"end":{"line":35,"column":119}},"35":{"start":{"line":29,"column":93},"end":{"line":35,"column":85}},"36":{"start":{"line":29,"column":104},"end":{"line":35,"column":84}},"37":{"start":{"line":29,"column":151},"end":{"line":29,"column":169}},"38":{"start":{"line":29,"column":169},"end":{"line":29,"column":187}},"39":{"start":{"line":29,"column":187},"end":{"line":31,"column":58}},"40":{"start":{"line":31,"column":65},"end":{"line":31,"column":83}},"41":{"start":{"line":31,"column":83},"end":{"line":31,"column":89}},"42":{"start":{"line":31,"column":96},"end":{"line":31,"column":114}},"43":{"start":{"line":31,"column":114},"end":{"line":31,"column":149}},"44":{"start":{"line":33,"column":12},"end":{"line":33,"column":54}},"45":{"start":{"line":35,"column":12},"end":{"line":35,"column":42}},"46":{"start":{"line":35,"column":60},"end":{"line":35,"column":83}},"47":{"start":{"line":39,"column":2},"end":{"line":51,"column":14}},"48":{"start":{"line":40,"column":18},"end":{"line":40,"column":22}},"49":{"start":{"line":42,"column":4},"end":{"line":46,"column":5}},"50":{"start":{"line":43,"column":6},"end":{"line":45,"column":15}},"51":{"start":{"line":44,"column":8},"end":{"line":44,"column":21}},"52":{"start":{"line":47,"column":4},"end":{"line":50,"column":6}},"53":{"start":{"line":48,"column":6},"end":{"line":48,"column":22}},"54":{"start":{"line":49,"column":6},"end":{"line":49,"column":28}},"55":{"start":{"line":53,"column":2},"end":{"line":95,"column":115}},"56":{"start":{"line":91,"column":8},"end":{"line":93,"column":28}},"57":{"start":{"line":100,"column":2},"end":{"line":100,"column":24}},"58":{"start":{"line":102,"column":13},"end":{"line":115,"column":27}}},"fnMap":{"0":{"name":"LogIn","decl":{"start":{"line":23,"column":21},"end":{"line":23,"column":26}},"loc":{"start":{"line":23,"column":33},"end":{"line":100,"column":1}},"line":23},"1":{"name":"logIn","decl":{"start":{"line":29,"column":23},"end":{"line":29,"column":28}},"loc":{"start":{"line":29,"column":31},"end":{"line":35,"column":120}},"line":29},"2":{"name":"logIn$","decl":{"start":{"line":29,"column":75},"end":{"line":29,"column":81}},"loc":{"start":{"line":29,"column":92},"end":{"line":35,"column":86}},"line":29},"3":{"name":"(anonymous_3)","decl":{"start":{"line":39,"column":24},"end":{"line":39,"column":25}},"loc":{"start":{"line":39,"column":36},"end":{"line":51,"column":3}},"line":39},"4":{"name":"(anonymous_4)","decl":{"start":{"line":43,"column":27},"end":{"line":43,"column":28}},"loc":{"start":{"line":43,"column":39},"end":{"line":45,"column":7}},"line":43},"5":{"name":"(anonymous_5)","decl":{"start":{"line":47,"column":11},"end":{"line":47,"column":12}},"loc":{"start":{"line":47,"column":23},"end":{"line":50,"column":5}},"line":47},"6":{"name":"onPress","decl":{"start":{"line":90,"column":24},"end":{"line":90,"column":31}},"loc":{"start":{"line":90,"column":34},"end":{"line":95,"column":7}},"line":90}},"branchMap":{"0":{"loc":{"start":{"line":29,"column":104},"end":{"line":35,"column":84}},"type":"switch","locations":[{"start":{"line":29,"column":144},"end":{"line":31,"column":58}},{"start":{"line":31,"column":58},"end":{"line":31,"column":89}},{"start":{"line":31,"column":89},"end":{"line":35,"column":42}},{"start":{"line":35,"column":42},"end":{"line":35,"column":49}},{"start":{"line":35,"column":49},"end":{"line":35,"column":83}}],"line":29},"1":{"loc":{"start":{"line":42,"column":4},"end":{"line":46,"column":5}},"type":"if","locations":[{"start":{"line":42,"column":4},"end":{"line":46,"column":5}},{"start":{"line":42,"column":4},"end":{"line":46,"column":5}}],"line":42},"2":{"loc":{"start":{"line":54,"column":80},"end":{"line":54,"column":124}},"type":"cond-expr","locations":[{"start":{"line":54,"column":104},"end":{"line":54,"column":113}},{"start":{"line":54,"column":116},"end":{"line":54,"column":124}}],"line":54}},"s":{"0":1,"1":1,"2":1,"3":1,"4":1,"5":1,"6":1,"7":1,"8":1,"9":1,"10":1,"11":1,"12":1,"13":1,"14":1,"15":1,"16":1,"17":1,"18":1,"19":2,"20":1,"21":1,"22":1,"23":1,"24":1,"25":1,"26":1,"27":1,"28":1,"29":1,"30":1,"31":1,"32":1,"33":1,"34":0,"35":0,"36":0,"37":0,"38":0,"39":0,"40":0,"41":0,"42":0,"43":0,"44":0,"45":0,"46":0,"47":1,"48":0,"49":0,"50":0,"51":0,"52":0,"53":0,"54":0,"55":1,"56":0,"57":1,"58":1},"f":{"0":2,"1":0,"2":0,"3":0,"4":0,"5":0,"6":0},"b":{"0":[0,0,0,0,0],"1":[0,0],"2":[0,0]},"inputSourceMap":null,"_coverageSchema":"1a1c01bbd47fc00a2c39e90264f33305004495a9","hash":"be338da15bb63118a4829885357b128ccd5aefff"}
,"/Users/mickeylock/Documents/04_Mobiilityö/group-project/vehonaattorit-organization/VEHOGO/views/authNavigationStack/SignUp.js": {"path":"/Users/mickeylock/Documents/04_Mobiilityö/group-project/vehonaattorit-organization/VEHOGO/views/authNavigationStack/SignUp.js","statementMap":{"0":{"start":{"line":1,"column":42},"end":{"line":1,"column":97}},"1":{"start":{"line":1,"column":128},"end":{"line":1,"column":184}},"2":{"start":{"line":1,"column":185},"end":{"line":1,"column":247}},"3":{"start":{"line":1,"column":247},"end":{"line":1,"column":271}},"4":{"start":{"line":1,"column":290},"end":{"line":1,"column":351}},"5":{"start":{"line":1,"column":374},"end":{"line":1,"column":445}},"6":{"start":{"line":1,"column":459},"end":{"line":1,"column":500}},"7":{"start":{"line":3,"column":19},"end":{"line":3,"column":42}},"8":{"start":{"line":11,"column":27},"end":{"line":11,"column":59}},"9":{"start":{"line":12,"column":14},"end":{"line":12,"column":47}},"10":{"start":{"line":13,"column":23},"end":{"line":13,"column":67}},"11":{"start":{"line":14,"column":18},"end":{"line":14,"column":56}},"12":{"start":{"line":15,"column":18},"end":{"line":15,"column":40}},"13":{"start":{"line":16,"column":22},"end":{"line":16,"column":65}},"14":{"start":{"line":17,"column":12},"end":{"line":17,"column":40}},"15":{"start":{"line":17,"column":53},"end":{"line":17,"column":57}},"16":{"start":{"line":17,"column":73},"end":{"line":17,"column":203}},"17":{"start":{"line":19,"column":13},"end":{"line":170,"column":1}},"18":{"start":{"line":20,"column":2},"end":{"line":20,"column":26}},"19":{"start":{"line":20,"column":40},"end":{"line":20,"column":82}},"20":{"start":{"line":20,"column":91},"end":{"line":20,"column":104}},"21":{"start":{"line":20,"column":116},"end":{"line":20,"column":129}},"22":{"start":{"line":21,"column":2},"end":{"line":21,"column":26}},"23":{"start":{"line":21,"column":40},"end":{"line":21,"column":83}},"24":{"start":{"line":21,"column":95},"end":{"line":21,"column":108}},"25":{"start":{"line":21,"column":123},"end":{"line":21,"column":136}},"26":{"start":{"line":22,"column":2},"end":{"line":22,"column":26}},"27":{"start":{"line":22,"column":40},"end":{"line":22,"column":83}},"28":{"start":{"line":22,"column":102},"end":{"line":22,"column":115}},"29":{"start":{"line":22,"column":137},"end":{"line":22,"column":150}},"30":{"start":{"line":23,"column":2},"end":{"line":23,"column":26}},"31":{"start":{"line":23,"column":40},"end":{"line":23,"column":83}},"32":{"start":{"line":23,"column":98},"end":{"line":23,"column":111}},"33":{"start":{"line":23,"column":129},"end":{"line":23,"column":142}},"34":{"start":{"line":24,"column":2},"end":{"line":24,"column":26}},"35":{"start":{"line":24,"column":41},"end":{"line":24,"column":84}},"36":{"start":{"line":24,"column":92},"end":{"line":24,"column":106}},"37":{"start":{"line":24,"column":117},"end":{"line":24,"column":131}},"38":{"start":{"line":26,"column":2},"end":{"line":26,"column":26}},"39":{"start":{"line":26,"column":41},"end":{"line":26,"column":85}},"40":{"start":{"line":26,"column":94},"end":{"line":26,"column":108}},"41":{"start":{"line":26,"column":120},"end":{"line":26,"column":134}},"42":{"start":{"line":28,"column":19},"end":{"line":28,"column":43}},"43":{"start":{"line":30,"column":21},"end":{"line":63,"column":165}},"44":{"start":{"line":30,"column":82},"end":{"line":63,"column":164}},"45":{"start":{"line":30,"column":150},"end":{"line":63,"column":128}},"46":{"start":{"line":30,"column":161},"end":{"line":63,"column":127}},"47":{"start":{"line":31,"column":12},"end":{"line":31,"column":69}},"48":{"start":{"line":32,"column":12},"end":{"line":32,"column":67}},"49":{"start":{"line":32,"column":67},"end":{"line":34,"column":60}},"50":{"start":{"line":34,"column":35},"end":{"line":34,"column":53}},"51":{"start":{"line":34,"column":53},"end":{"line":34,"column":59}},"52":{"start":{"line":35,"column":12},"end":{"line":35,"column":50}},"53":{"start":{"line":35,"column":50},"end":{"line":35,"column":69}},"54":{"start":{"line":35,"column":69},"end":{"line":35,"column":75}},"55":{"start":{"line":35,"column":82},"end":{"line":36,"column":64}},"56":{"start":{"line":36,"column":38},"end":{"line":36,"column":57}},"57":{"start":{"line":36,"column":57},"end":{"line":36,"column":63}},"58":{"start":{"line":37,"column":12},"end":{"line":37,"column":63}},"59":{"start":{"line":37,"column":63},"end":{"line":37,"column":82}},"60":{"start":{"line":37,"column":82},"end":{"line":37,"column":88}},"61":{"start":{"line":37,"column":96},"end":{"line":38,"column":57}},"62":{"start":{"line":38,"column":31},"end":{"line":38,"column":50}},"63":{"start":{"line":38,"column":50},"end":{"line":38,"column":56}},"64":{"start":{"line":39,"column":12},"end":{"line":39,"column":62}},"65":{"start":{"line":39,"column":62},"end":{"line":39,"column":81}},"66":{"start":{"line":39,"column":81},"end":{"line":39,"column":87}},"67":{"start":{"line":39,"column":95},"end":{"line":40,"column":69}},"68":{"start":{"line":40,"column":43},"end":{"line":40,"column":62}},"69":{"start":{"line":40,"column":62},"end":{"line":40,"column":68}},"70":{"start":{"line":41,"column":12},"end":{"line":41,"column":87}},"71":{"start":{"line":41,"column":87},"end":{"line":41,"column":106}},"72":{"start":{"line":41,"column":106},"end":{"line":41,"column":112}},"73":{"start":{"line":41,"column":120},"end":{"line":42,"column":69}},"74":{"start":{"line":42,"column":43},"end":{"line":42,"column":62}},"75":{"start":{"line":42,"column":62},"end":{"line":42,"column":68}},"76":{"start":{"line":43,"column":12},"end":{"line":43,"column":47}},"77":{"start":{"line":43,"column":47},"end":{"line":43,"column":66}},"78":{"start":{"line":43,"column":66},"end":{"line":43,"column":72}},"79":{"start":{"line":43,"column":80},"end":{"line":43,"column":99}},"80":{"start":{"line":43,"column":99},"end":{"line":43,"column":118}},"81":{"start":{"line":43,"column":118},"end":{"line":46,"column":61}},"82":{"start":{"line":46,"column":69},"end":{"line":46,"column":92}},"83":{"start":{"line":46,"column":92},"end":{"line":48,"column":65}},"84":{"start":{"line":48,"column":39},"end":{"line":48,"column":58}},"85":{"start":{"line":48,"column":58},"end":{"line":48,"column":64}},"86":{"start":{"line":49,"column":12},"end":{"line":49,"column":44}},"87":{"start":{"line":49,"column":44},"end":{"line":49,"column":77}},"88":{"start":{"line":49,"column":85},"end":{"line":49,"column":104}},"89":{"start":{"line":49,"column":104},"end":{"line":59,"column":44}},"90":{"start":{"line":59,"column":52},"end":{"line":59,"column":71}},"91":{"start":{"line":59,"column":71},"end":{"line":59,"column":77}},"92":{"start":{"line":59,"column":85},"end":{"line":59,"column":104}},"93":{"start":{"line":59,"column":104},"end":{"line":59,"column":140}},"94":{"start":{"line":63,"column":12},"end":{"line":63,"column":84}},"95":{"start":{"line":63,"column":103},"end":{"line":63,"column":126}},"96":{"start":{"line":68,"column":2},"end":{"line":72,"column":9}},"97":{"start":{"line":69,"column":4},"end":{"line":71,"column":6}},"98":{"start":{"line":70,"column":6},"end":{"line":70,"column":33}},"99":{"start":{"line":74,"column":2},"end":{"line":80,"column":14}},"100":{"start":{"line":75,"column":18},"end":{"line":77,"column":12}},"101":{"start":{"line":76,"column":6},"end":{"line":76,"column":19}},"102":{"start":{"line":79,"column":4},"end":{"line":79,"column":55}},"103":{"start":{"line":79,"column":24},"end":{"line":79,"column":53}},"104":{"start":{"line":82,"column":2},"end":{"line":163,"column":119}},"105":{"start":{"line":162,"column":8},"end":{"line":162,"column":23}},"106":{"start":{"line":170,"column":2},"end":{"line":170,"column":26}},"107":{"start":{"line":172,"column":13},"end":{"line":188,"column":27}}},"fnMap":{"0":{"name":"SignUp","decl":{"start":{"line":19,"column":22},"end":{"line":19,"column":28}},"loc":{"start":{"line":19,"column":31},"end":{"line":170,"column":1}},"line":19},"1":{"name":"registerUser","decl":{"start":{"line":30,"column":30},"end":{"line":30,"column":42}},"loc":{"start":{"line":30,"column":45},"end":{"line":63,"column":165}},"line":30},"2":{"name":"registerUser$","decl":{"start":{"line":30,"column":125},"end":{"line":30,"column":138}},"loc":{"start":{"line":30,"column":149},"end":{"line":63,"column":129}},"line":30},"3":{"name":"(anonymous_3)","decl":{"start":{"line":68,"column":24},"end":{"line":68,"column":25}},"loc":{"start":{"line":68,"column":36},"end":{"line":72,"column":3}},"line":68},"4":{"name":"(anonymous_4)","decl":{"start":{"line":69,"column":11},"end":{"line":69,"column":12}},"loc":{"start":{"line":69,"column":23},"end":{"line":71,"column":5}},"line":69},"5":{"name":"(anonymous_5)","decl":{"start":{"line":74,"column":24},"end":{"line":74,"column":25}},"loc":{"start":{"line":74,"column":36},"end":{"line":80,"column":3}},"line":74},"6":{"name":"(anonymous_6)","decl":{"start":{"line":75,"column":29},"end":{"line":75,"column":30}},"loc":{"start":{"line":75,"column":41},"end":{"line":77,"column":5}},"line":75},"7":{"name":"(anonymous_7)","decl":{"start":{"line":79,"column":11},"end":{"line":79,"column":12}},"loc":{"start":{"line":79,"column":23},"end":{"line":79,"column":54}},"line":79},"8":{"name":"onPress","decl":{"start":{"line":161,"column":24},"end":{"line":161,"column":31}},"loc":{"start":{"line":161,"column":34},"end":{"line":163,"column":7}},"line":161}},"branchMap":{"0":{"loc":{"start":{"line":30,"column":161},"end":{"line":63,"column":127}},"type":"switch","locations":[{"start":{"line":30,"column":201},"end":{"line":35,"column":75}},{"start":{"line":35,"column":75},"end":{"line":37,"column":88}},{"start":{"line":37,"column":88},"end":{"line":39,"column":87}},{"start":{"line":39,"column":87},"end":{"line":41,"column":112}},{"start":{"line":41,"column":112},"end":{"line":43,"column":72}},{"start":{"line":43,"column":72},"end":{"line":46,"column":61}},{"start":{"line":46,"column":61},"end":{"line":49,"column":77}},{"start":{"line":49,"column":77},"end":{"line":59,"column":44}},{"start":{"line":59,"column":44},"end":{"line":59,"column":77}},{"start":{"line":59,"column":77},"end":{"line":63,"column":84}},{"start":{"line":63,"column":84},"end":{"line":63,"column":92}},{"start":{"line":63,"column":92},"end":{"line":63,"column":126}}],"line":30},"1":{"loc":{"start":{"line":32,"column":67},"end":{"line":34,"column":60}},"type":"if","locations":[{"start":{"line":32,"column":67},"end":{"line":34,"column":60}},{"start":{"line":32,"column":67},"end":{"line":34,"column":60}}],"line":32},"2":{"loc":{"start":{"line":35,"column":82},"end":{"line":36,"column":64}},"type":"if","locations":[{"start":{"line":35,"column":82},"end":{"line":36,"column":64}},{"start":{"line":35,"column":82},"end":{"line":36,"column":64}}],"line":35},"3":{"loc":{"start":{"line":37,"column":96},"end":{"line":38,"column":57}},"type":"if","locations":[{"start":{"line":37,"column":96},"end":{"line":38,"column":57}},{"start":{"line":37,"column":96},"end":{"line":38,"column":57}}],"line":37},"4":{"loc":{"start":{"line":39,"column":95},"end":{"line":40,"column":69}},"type":"if","locations":[{"start":{"line":39,"column":95},"end":{"line":40,"column":69}},{"start":{"line":39,"column":95},"end":{"line":40,"column":69}}],"line":39},"5":{"loc":{"start":{"line":41,"column":120},"end":{"line":42,"column":69}},"type":"if","locations":[{"start":{"line":41,"column":120},"end":{"line":42,"column":69}},{"start":{"line":41,"column":120},"end":{"line":42,"column":69}}],"line":41},"6":{"loc":{"start":{"line":46,"column":92},"end":{"line":48,"column":65}},"type":"if","locations":[{"start":{"line":46,"column":92},"end":{"line":48,"column":65}},{"start":{"line":46,"column":92},"end":{"line":48,"column":65}}],"line":46},"7":{"loc":{"start":{"line":84,"column":16},"end":{"line":84,"column":74}},"type":"cond-expr","locations":[{"start":{"line":84,"column":53},"end":{"line":84,"column":63}},{"start":{"line":84,"column":66},"end":{"line":84,"column":74}}],"line":84}},"s":{"0":1,"1":1,"2":1,"3":1,"4":1,"5":1,"6":1,"7":1,"8":1,"9":1,"10":1,"11":1,"12":1,"13":1,"14":1,"15":1,"16":1,"17":1,"18":1,"19":1,"20":1,"21":1,"22":1,"23":1,"24":1,"25":1,"26":1,"27":1,"28":1,"29":1,"30":1,"31":1,"32":1,"33":1,"34":1,"35":1,"36":1,"37":1,"38":1,"39":1,"40":1,"41":1,"42":1,"43":1,"44":0,"45":0,"46":0,"47":0,"48":0,"49":0,"50":0,"51":0,"52":0,"53":0,"54":0,"55":0,"56":0,"57":0,"58":0,"59":0,"60":0,"61":0,"62":0,"63":0,"64":0,"65":0,"66":0,"67":0,"68":0,"69":0,"70":0,"71":0,"72":0,"73":0,"74":0,"75":0,"76":0,"77":0,"78":0,"79":0,"80":0,"81":0,"82":0,"83":0,"84":0,"85":0,"86":0,"87":0,"88":0,"89":0,"90":0,"91":0,"92":0,"93":0,"94":0,"95":0,"96":1,"97":1,"98":0,"99":1,"100":1,"101":0,"102":1,"103":0,"104":1,"105":0,"106":1,"107":1},"f":{"0":1,"1":0,"2":0,"3":1,"4":0,"5":1,"6":0,"7":0,"8":0},"b":{"0":[0,0,0,0,0,0,0,0,0,0,0,0],"1":[0,0],"2":[0,0],"3":[0,0],"4":[0,0],"5":[0,0],"6":[0,0],"7":[1,0]},"inputSourceMap":null,"_coverageSchema":"1a1c01bbd47fc00a2c39e90264f33305004495a9","hash":"c54fb8beab3d803d92af67aef644bb1f9b070be1"}
}
