{"/Users/mickeylock/Documents/04_Mobiilityö/group-project/vehonaattorit-organization/VEHOGO/components/AuthButton.js": {"path":"/Users/mickeylock/Documents/04_Mobiilityö/group-project/vehonaattorit-organization/VEHOGO/components/AuthButton.js","statementMap":{"0":{"start":{"line":1,"column":42},"end":{"line":1,"column":97}},"1":{"start":{"line":1,"column":98},"end":{"line":1,"column":160}},"2":{"start":{"line":1,"column":160},"end":{"line":1,"column":188}},"3":{"start":{"line":1,"column":201},"end":{"line":1,"column":241}},"4":{"start":{"line":2,"column":19},"end":{"line":2,"column":42}},"5":{"start":{"line":3,"column":14},"end":{"line":3,"column":44}},"6":{"start":{"line":3,"column":57},"end":{"line":3,"column":61}},"7":{"start":{"line":3,"column":77},"end":{"line":3,"column":196}},"8":{"start":{"line":5,"column":17},"end":{"line":33,"column":1}},"9":{"start":{"line":5,"column":58},"end":{"line":5,"column":70}},"10":{"start":{"line":5,"column":79},"end":{"line":5,"column":89}},"11":{"start":{"line":5,"column":97},"end":{"line":5,"column":106}},"12":{"start":{"line":5,"column":115},"end":{"line":5,"column":125}},"13":{"start":{"line":6,"column":22},"end":{"line":6,"column":61}},"14":{"start":{"line":7,"column":19},"end":{"line":7,"column":33}},"15":{"start":{"line":9,"column":2},"end":{"line":29,"column":13}},"16":{"start":{"line":33,"column":2},"end":{"line":33,"column":34}}},"fnMap":{"0":{"name":"AuthButton","decl":{"start":{"line":5,"column":26},"end":{"line":5,"column":36}},"loc":{"start":{"line":5,"column":43},"end":{"line":33,"column":1}},"line":5}},"branchMap":{"0":{"loc":{"start":{"line":6,"column":22},"end":{"line":6,"column":61}},"type":"binary-expr","locations":[{"start":{"line":6,"column":22},"end":{"line":6,"column":39}},{"start":{"line":6,"column":43},"end":{"line":6,"column":61}}],"line":6},"1":{"loc":{"start":{"line":15,"column":25},"end":{"line":15,"column":78}},"type":"cond-expr","locations":[{"start":{"line":15,"column":38},"end":{"line":15,"column":51}},{"start":{"line":15,"column":54},"end":{"line":15,"column":78}}],"line":15},"2":{"loc":{"start":{"line":16,"column":27},"end":{"line":16,"column":47}},"type":"cond-expr","locations":[{"start":{"line":16,"column":40},"end":{"line":16,"column":42}},{"start":{"line":16,"column":45},"end":{"line":16,"column":47}}],"line":16},"3":{"loc":{"start":{"line":17,"column":25},"end":{"line":17,"column":44}},"type":"cond-expr","locations":[{"start":{"line":17,"column":38},"end":{"line":17,"column":39}},{"start":{"line":17,"column":42},"end":{"line":17,"column":44}}],"line":17},"4":{"loc":{"start":{"line":18,"column":15},"end":{"line":18,"column":44}},"type":"cond-expr","locations":[{"start":{"line":18,"column":31},"end":{"line":18,"column":36}},{"start":{"line":18,"column":39},"end":{"line":18,"column":44}}],"line":18},"5":{"loc":{"start":{"line":23,"column":18},"end":{"line":23,"column":38}},"type":"cond-expr","locations":[{"start":{"line":23,"column":31},"end":{"line":23,"column":33}},{"start":{"line":23,"column":36},"end":{"line":23,"column":38}}],"line":23},"6":{"loc":{"start":{"line":24,"column":27},"end":{"line":24,"column":46}},"type":"cond-expr","locations":[{"start":{"line":24,"column":40},"end":{"line":24,"column":41}},{"start":{"line":24,"column":44},"end":{"line":24,"column":46}}],"line":24},"7":{"loc":{"start":{"line":25,"column":15},"end":{"line":25,"column":60}},"type":"cond-expr","locations":[{"start":{"line":25,"column":28},"end":{"line":25,"column":50}},{"start":{"line":25,"column":53},"end":{"line":25,"column":60}}],"line":25},"8":{"loc":{"start":{"line":26,"column":23},"end":{"line":26,"column":56}},"type":"cond-expr","locations":[{"start":{"line":26,"column":36},"end":{"line":26,"column":42}},{"start":{"line":26,"column":45},"end":{"line":26,"column":56}}],"line":26}},"s":{"0":2,"1":2,"2":2,"3":2,"4":2,"5":2,"6":2,"7":2,"8":2,"9":9,"10":9,"11":9,"12":9,"13":9,"14":9,"15":9,"16":2},"f":{"0":9},"b":{"0":[9,3],"1":[3,6],"2":[3,6],"3":[3,6],"4":[3,6],"5":[3,6],"6":[3,6],"7":[3,6],"8":[3,6]},"inputSourceMap":null,"_coverageSchema":"1a1c01bbd47fc00a2c39e90264f33305004495a9","hash":"6ba96e2986a64ec80c0534ada464d4ccf3450cc7"}
,"/Users/mickeylock/Documents/04_Mobiilityö/group-project/vehonaattorit-organization/VEHOGO/components/CustomButton.js": {"path":"/Users/mickeylock/Documents/04_Mobiilityö/group-project/vehonaattorit-organization/VEHOGO/components/CustomButton.js","statementMap":{"0":{"start":{"line":1,"column":42},"end":{"line":1,"column":97}},"1":{"start":{"line":1,"column":98},"end":{"line":1,"column":160}},"2":{"start":{"line":1,"column":160},"end":{"line":1,"column":190}},"3":{"start":{"line":1,"column":213},"end":{"line":1,"column":285}},"4":{"start":{"line":1,"column":299},"end":{"line":1,"column":339}},"5":{"start":{"line":2,"column":19},"end":{"line":2,"column":42}},"6":{"start":{"line":3,"column":14},"end":{"line":3,"column":44}},"7":{"start":{"line":3,"column":57},"end":{"line":3,"column":61}},"8":{"start":{"line":3,"column":77},"end":{"line":3,"column":198}},"9":{"start":{"line":3,"column":252},"end":{"line":3,"column":271}},"10":{"start":{"line":3,"column":272},"end":{"line":3,"column":517}},"11":{"start":{"line":3,"column":321},"end":{"line":3,"column":357}},"12":{"start":{"line":3,"column":358},"end":{"line":3,"column":485}},"13":{"start":{"line":3,"column":378},"end":{"line":3,"column":485}},"14":{"start":{"line":3,"column":419},"end":{"line":3,"column":482}},"15":{"start":{"line":3,"column":485},"end":{"line":3,"column":516}},"16":{"start":{"line":3,"column":517},"end":{"line":3,"column":529}},"17":{"start":{"line":3,"column":562},"end":{"line":3,"column":1047}},"18":{"start":{"line":3,"column":575},"end":{"line":3,"column":576}},"19":{"start":{"line":3,"column":619},"end":{"line":3,"column":659}},"20":{"start":{"line":3,"column":660},"end":{"line":3,"column":1046}},"21":{"start":{"line":3,"column":672},"end":{"line":3,"column":785}},"22":{"start":{"line":3,"column":726},"end":{"line":3,"column":782}},"23":{"start":{"line":3,"column":792},"end":{"line":3,"column":1046}},"24":{"start":{"line":3,"column":831},"end":{"line":3,"column":905}},"25":{"start":{"line":3,"column":913},"end":{"line":3,"column":1045}},"26":{"start":{"line":3,"column":961},"end":{"line":3,"column":1042}},"27":{"start":{"line":3,"column":1047},"end":{"line":3,"column":1061}},"28":{"start":{"line":5,"column":19},"end":{"line":11,"column":1}},"29":{"start":{"line":5,"column":62},"end":{"line":5,"column":74}},"30":{"start":{"line":5,"column":83},"end":{"line":5,"column":93}},"31":{"start":{"line":6,"column":2},"end":{"line":8,"column":191}},"32":{"start":{"line":11,"column":2},"end":{"line":11,"column":38}},"33":{"start":{"line":13,"column":13},"end":{"line":37,"column":93}}},"fnMap":{"0":{"name":"ownKeys","decl":{"start":{"line":3,"column":208},"end":{"line":3,"column":215}},"loc":{"start":{"line":3,"column":240},"end":{"line":3,"column":530}},"line":3},"1":{"name":"(anonymous_1)","decl":{"start":{"line":3,"column":403},"end":{"line":3,"column":404}},"loc":{"start":{"line":3,"column":418},"end":{"line":3,"column":483}},"line":3},"2":{"name":"_objectSpread","decl":{"start":{"line":3,"column":539},"end":{"line":3,"column":552}},"loc":{"start":{"line":3,"column":561},"end":{"line":3,"column":1062}},"line":3},"3":{"name":"(anonymous_3)","decl":{"start":{"line":3,"column":710},"end":{"line":3,"column":711}},"loc":{"start":{"line":3,"column":725},"end":{"line":3,"column":783}},"line":3},"4":{"name":"(anonymous_4)","decl":{"start":{"line":3,"column":945},"end":{"line":3,"column":946}},"loc":{"start":{"line":3,"column":960},"end":{"line":3,"column":1043}},"line":3},"5":{"name":"CustomButton","decl":{"start":{"line":5,"column":28},"end":{"line":5,"column":40}},"loc":{"start":{"line":5,"column":47},"end":{"line":11,"column":1}},"line":5}},"branchMap":{"0":{"loc":{"start":{"line":3,"column":272},"end":{"line":3,"column":517}},"type":"if","locations":[{"start":{"line":3,"column":272},"end":{"line":3,"column":517}},{"start":{"line":3,"column":272},"end":{"line":3,"column":517}}],"line":3},"1":{"loc":{"start":{"line":3,"column":358},"end":{"line":3,"column":485}},"type":"if","locations":[{"start":{"line":3,"column":358},"end":{"line":3,"column":485}},{"start":{"line":3,"column":358},"end":{"line":3,"column":485}}],"line":3},"2":{"loc":{"start":{"line":3,"column":619},"end":{"line":3,"column":659}},"type":"cond-expr","locations":[{"start":{"line":3,"column":642},"end":{"line":3,"column":654}},{"start":{"line":3,"column":657},"end":{"line":3,"column":659}}],"line":3},"3":{"loc":{"start":{"line":3,"column":660},"end":{"line":3,"column":1046}},"type":"if","locations":[{"start":{"line":3,"column":660},"end":{"line":3,"column":1046}},{"start":{"line":3,"column":660},"end":{"line":3,"column":1046}}],"line":3},"4":{"loc":{"start":{"line":3,"column":792},"end":{"line":3,"column":1046}},"type":"if","locations":[{"start":{"line":3,"column":792},"end":{"line":3,"column":1046}},{"start":{"line":3,"column":792},"end":{"line":3,"column":1046}}],"line":3},"5":{"loc":{"start":{"line":37,"column":11},"end":{"line":37,"column":88}},"type":"cond-expr","locations":[{"start":{"line":37,"column":47},"end":{"line":37,"column":66}},{"start":{"line":37,"column":69},"end":{"line":37,"column":88}}],"line":37}},"s":{"0":1,"1":1,"2":1,"3":1,"4":1,"5":1,"6":1,"7":1,"8":1,"9":2,"10":2,"11":2,"12":2,"13":2,"14":0,"15":2,"16":2,"17":2,"18":2,"19":3,"20":3,"21":2,"22":2,"23":1,"24":1,"25":0,"26":0,"27":2,"28":1,"29":0,"30":0,"31":0,"32":1,"33":1},"f":{"0":2,"1":0,"2":2,"3":2,"4":0,"5":0},"b":{"0":[2,0],"1":[2,0],"2":[3,0],"3":[2,1],"4":[1,0],"5":[1,0]},"inputSourceMap":null,"_coverageSchema":"1a1c01bbd47fc00a2c39e90264f33305004495a9","hash":"9e88bb291f70bab098203ad179a58df920974d4c"}
,"/Users/mickeylock/Documents/04_Mobiilityö/group-project/vehonaattorit-organization/VEHOGO/components/CustomTitle.js": {"path":"/Users/mickeylock/Documents/04_Mobiilityö/group-project/vehonaattorit-organization/VEHOGO/components/CustomTitle.js","statementMap":{"0":{"start":{"line":1,"column":42},"end":{"line":1,"column":97}},"1":{"start":{"line":1,"column":98},"end":{"line":1,"column":160}},"2":{"start":{"line":1,"column":160},"end":{"line":1,"column":189}},"3":{"start":{"line":1,"column":202},"end":{"line":1,"column":242}},"4":{"start":{"line":2,"column":19},"end":{"line":2,"column":42}},"5":{"start":{"line":3,"column":14},"end":{"line":3,"column":44}},"6":{"start":{"line":3,"column":57},"end":{"line":3,"column":61}},"7":{"start":{"line":3,"column":77},"end":{"line":3,"column":197}},"8":{"start":{"line":4,"column":18},"end":{"line":6,"column":1}},"9":{"start":{"line":4,"column":58},"end":{"line":4,"column":68}},"10":{"start":{"line":5,"column":2},"end":{"line":5,"column":189}},"11":{"start":{"line":6,"column":2},"end":{"line":6,"column":36}},"12":{"start":{"line":7,"column":13},"end":{"line":10,"column":93}}},"fnMap":{"0":{"name":"CustomTitle","decl":{"start":{"line":4,"column":27},"end":{"line":4,"column":38}},"loc":{"start":{"line":4,"column":45},"end":{"line":6,"column":1}},"line":4}},"branchMap":{"0":{"loc":{"start":{"line":10,"column":11},"end":{"line":10,"column":88}},"type":"cond-expr","locations":[{"start":{"line":10,"column":47},"end":{"line":10,"column":66}},{"start":{"line":10,"column":69},"end":{"line":10,"column":88}}],"line":10}},"s":{"0":1,"1":1,"2":1,"3":1,"4":1,"5":1,"6":1,"7":1,"8":1,"9":0,"10":0,"11":1,"12":1},"f":{"0":0},"b":{"0":[1,0]},"inputSourceMap":null,"_coverageSchema":"1a1c01bbd47fc00a2c39e90264f33305004495a9","hash":"ce18a863061b759d62d75df0582bb2d10ede2587"}
,"/Users/mickeylock/Documents/04_Mobiilityö/group-project/vehonaattorit-organization/VEHOGO/constants/colors.js": {"path":"/Users/mickeylock/Documents/04_Mobiilityö/group-project/vehonaattorit-organization/VEHOGO/constants/colors.js","statementMap":{"0":{"start":{"line":1,"column":13},"end":{"line":1,"column":75}},"1":{"start":{"line":1,"column":75},"end":{"line":1,"column":98}},"2":{"start":{"line":1,"column":110},"end":{"line":29,"column":25}},"3":{"start":{"line":29,"column":26},"end":{"line":29,"column":48}}},"fnMap":{},"branchMap":{},"s":{"0":2,"1":2,"2":2,"3":2},"f":{},"b":{},"inputSourceMap":null,"_coverageSchema":"1a1c01bbd47fc00a2c39e90264f33305004495a9","hash":"380d98a970e7cf0c9962bf5b9aed9d492b55f598"}
,"/Users/mickeylock/Documents/04_Mobiilityö/group-project/vehonaattorit-organization/VEHOGO/controllers/LoginController.js": {"path":"/Users/mickeylock/Documents/04_Mobiilityö/group-project/vehonaattorit-organization/VEHOGO/controllers/LoginController.js","statementMap":{"0":{"start":{"line":1,"column":42},"end":{"line":1,"column":97}},"1":{"start":{"line":1,"column":98},"end":{"line":1,"column":160}},"2":{"start":{"line":1,"column":160},"end":{"line":1,"column":182}},"3":{"start":{"line":1,"column":182},"end":{"line":1,"column":210}},"4":{"start":{"line":1,"column":210},"end":{"line":1,"column":236}},"5":{"start":{"line":1,"column":236},"end":{"line":1,"column":278}},"6":{"start":{"line":1,"column":278},"end":{"line":1,"column":334}},"7":{"start":{"line":1,"column":353},"end":{"line":1,"column":414}},"8":{"start":{"line":1,"column":427},"end":{"line":1,"column":478}},"9":{"start":{"line":2,"column":22},"end":{"line":2,"column":62}},"10":{"start":{"line":3,"column":12},"end":{"line":3,"column":37}},"11":{"start":{"line":5,"column":33},"end":{"line":9,"column":108}},"12":{"start":{"line":5,"column":94},"end":{"line":9,"column":74}},"13":{"start":{"line":5,"column":105},"end":{"line":9,"column":73}},"14":{"start":{"line":5,"column":152},"end":{"line":5,"column":170}},"15":{"start":{"line":5,"column":170},"end":{"line":5,"column":188}},"16":{"start":{"line":5,"column":188},"end":{"line":7,"column":76}},"17":{"start":{"line":7,"column":83},"end":{"line":7,"column":101}},"18":{"start":{"line":7,"column":101},"end":{"line":7,"column":107}},"19":{"start":{"line":7,"column":114},"end":{"line":7,"column":132}},"20":{"start":{"line":7,"column":132},"end":{"line":7,"column":167}},"21":{"start":{"line":7,"column":167},"end":{"line":9,"column":31}},"22":{"start":{"line":9,"column":49},"end":{"line":9,"column":72}},"23":{"start":{"line":13,"column":49},"end":{"line":23,"column":112}},"24":{"start":{"line":13,"column":114},"end":{"line":23,"column":77}},"25":{"start":{"line":13,"column":125},"end":{"line":23,"column":76}},"26":{"start":{"line":13,"column":174},"end":{"line":13,"column":193}},"27":{"start":{"line":15,"column":10},"end":{"line":15,"column":42}},"28":{"start":{"line":15,"column":42},"end":{"line":15,"column":61}},"29":{"start":{"line":15,"column":61},"end":{"line":19,"column":59}},"30":{"start":{"line":19,"column":66},"end":{"line":19,"column":92}},"31":{"start":{"line":19,"column":92},"end":{"line":19,"column":111}},"32":{"start":{"line":19,"column":111},"end":{"line":20,"column":49}},"33":{"start":{"line":20,"column":56},"end":{"line":21,"column":20}},"34":{"start":{"line":21,"column":28},"end":{"line":21,"column":48}},"35":{"start":{"line":21,"column":48},"end":{"line":21,"column":85}},"36":{"start":{"line":21,"column":85},"end":{"line":23,"column":32}},"37":{"start":{"line":23,"column":51},"end":{"line":23,"column":75}},"38":{"start":{"line":27,"column":20},"end":{"line":29,"column":215}},"39":{"start":{"line":27,"column":84},"end":{"line":29,"column":181}},"40":{"start":{"line":27,"column":95},"end":{"line":29,"column":180}},"41":{"start":{"line":27,"column":144},"end":{"line":27,"column":163}},"42":{"start":{"line":27,"column":163},"end":{"line":27,"column":182}},"43":{"start":{"line":27,"column":182},"end":{"line":29,"column":42}},"44":{"start":{"line":29,"column":49},"end":{"line":29,"column":68}},"45":{"start":{"line":29,"column":68},"end":{"line":29,"column":74}},"46":{"start":{"line":29,"column":81},"end":{"line":29,"column":100}},"47":{"start":{"line":29,"column":100},"end":{"line":29,"column":137}},"48":{"start":{"line":29,"column":155},"end":{"line":29,"column":179}},"49":{"start":{"line":33,"column":44},"end":{"line":42,"column":87}},"50":{"start":{"line":33,"column":116},"end":{"line":42,"column":57}},"51":{"start":{"line":33,"column":127},"end":{"line":42,"column":56}},"52":{"start":{"line":33,"column":176},"end":{"line":34,"column":64}},"53":{"start":{"line":34,"column":38},"end":{"line":34,"column":57}},"54":{"start":{"line":34,"column":57},"end":{"line":34,"column":63}},"55":{"start":{"line":34,"column":64},"end":{"line":34,"column":83}},"56":{"start":{"line":34,"column":83},"end":{"line":35,"column":55}},"57":{"start":{"line":37,"column":10},"end":{"line":42,"column":13}},"58":{"start":{"line":38,"column":12},"end":{"line":40,"column":13}},"59":{"start":{"line":39,"column":14},"end":{"line":39,"column":80}},"60":{"start":{"line":41,"column":12},"end":{"line":41,"column":35}},"61":{"start":{"line":42,"column":31},"end":{"line":42,"column":55}},"62":{"start":{"line":45,"column":48},"end":{"line":51,"column":111}},"63":{"start":{"line":45,"column":127},"end":{"line":51,"column":77}},"64":{"start":{"line":45,"column":138},"end":{"line":51,"column":76}},"65":{"start":{"line":45,"column":187},"end":{"line":45,"column":206}},"66":{"start":{"line":45,"column":206},"end":{"line":45,"column":225}},"67":{"start":{"line":45,"column":225},"end":{"line":47,"column":58}},"68":{"start":{"line":47,"column":65},"end":{"line":47,"column":91}},"69":{"start":{"line":47,"column":91},"end":{"line":48,"column":20}},"70":{"start":{"line":48,"column":27},"end":{"line":48,"column":46}},"71":{"start":{"line":48,"column":46},"end":{"line":48,"column":83}},"72":{"start":{"line":50,"column":10},"end":{"line":50,"column":68}},"73":{"start":{"line":50,"column":68},"end":{"line":51,"column":32}},"74":{"start":{"line":51,"column":51},"end":{"line":51,"column":75}}},"fnMap":{"0":{"name":"login","decl":{"start":{"line":5,"column":9},"end":{"line":5,"column":14}},"loc":{"start":{"line":5,"column":32},"end":{"line":9,"column":109}},"line":5},"1":{"name":"login$","decl":{"start":{"line":5,"column":76},"end":{"line":5,"column":82}},"loc":{"start":{"line":5,"column":93},"end":{"line":9,"column":75}},"line":5},"2":{"name":"register","decl":{"start":{"line":13,"column":9},"end":{"line":13,"column":17}},"loc":{"start":{"line":13,"column":35},"end":{"line":23,"column":113}},"line":13},"3":{"name":"register$","decl":{"start":{"line":13,"column":92},"end":{"line":13,"column":101}},"loc":{"start":{"line":13,"column":113},"end":{"line":23,"column":78}},"line":13},"4":{"name":"signOut","decl":{"start":{"line":27,"column":9},"end":{"line":27,"column":16}},"loc":{"start":{"line":27,"column":19},"end":{"line":29,"column":216}},"line":27},"5":{"name":"signOut$","decl":{"start":{"line":27,"column":63},"end":{"line":27,"column":71}},"loc":{"start":{"line":27,"column":83},"end":{"line":29,"column":182}},"line":27},"6":{"name":"subscribeToAuth","decl":{"start":{"line":33,"column":9},"end":{"line":33,"column":24}},"loc":{"start":{"line":33,"column":43},"end":{"line":42,"column":88}},"line":33},"7":{"name":"subscribeToAuth$","decl":{"start":{"line":33,"column":87},"end":{"line":33,"column":103}},"loc":{"start":{"line":33,"column":115},"end":{"line":42,"column":58}},"line":33},"8":{"name":"(anonymous_8)","decl":{"start":{"line":37,"column":50},"end":{"line":37,"column":51}},"loc":{"start":{"line":37,"column":66},"end":{"line":42,"column":11}},"line":37},"9":{"name":"checkEmailVerification","decl":{"start":{"line":45,"column":9},"end":{"line":45,"column":31}},"loc":{"start":{"line":45,"column":34},"end":{"line":51,"column":112}},"line":45},"10":{"name":"checkEmailVerification$","decl":{"start":{"line":45,"column":91},"end":{"line":45,"column":114}},"loc":{"start":{"line":45,"column":126},"end":{"line":51,"column":78}},"line":45}},"branchMap":{"0":{"loc":{"start":{"line":5,"column":105},"end":{"line":9,"column":73}},"type":"switch","locations":[{"start":{"line":5,"column":145},"end":{"line":7,"column":76}},{"start":{"line":7,"column":76},"end":{"line":7,"column":107}},{"start":{"line":7,"column":107},"end":{"line":9,"column":31}},{"start":{"line":9,"column":31},"end":{"line":9,"column":38}},{"start":{"line":9,"column":38},"end":{"line":9,"column":72}}],"line":5},"1":{"loc":{"start":{"line":13,"column":125},"end":{"line":23,"column":76}},"type":"switch","locations":[{"start":{"line":13,"column":167},"end":{"line":19,"column":59}},{"start":{"line":19,"column":59},"end":{"line":20,"column":49}},{"start":{"line":20,"column":49},"end":{"line":21,"column":20}},{"start":{"line":21,"column":20},"end":{"line":23,"column":32}},{"start":{"line":23,"column":32},"end":{"line":23,"column":40}},{"start":{"line":23,"column":40},"end":{"line":23,"column":75}}],"line":13},"2":{"loc":{"start":{"line":27,"column":95},"end":{"line":29,"column":180}},"type":"switch","locations":[{"start":{"line":27,"column":137},"end":{"line":29,"column":42}},{"start":{"line":29,"column":42},"end":{"line":29,"column":74}},{"start":{"line":29,"column":74},"end":{"line":29,"column":137}},{"start":{"line":29,"column":137},"end":{"line":29,"column":144}},{"start":{"line":29,"column":144},"end":{"line":29,"column":179}}],"line":27},"3":{"loc":{"start":{"line":33,"column":127},"end":{"line":42,"column":56}},"type":"switch","locations":[{"start":{"line":33,"column":169},"end":{"line":35,"column":55}},{"start":{"line":35,"column":55},"end":{"line":42,"column":13}},{"start":{"line":42,"column":13},"end":{"line":42,"column":20}},{"start":{"line":42,"column":20},"end":{"line":42,"column":55}}],"line":33},"4":{"loc":{"start":{"line":33,"column":176},"end":{"line":34,"column":64}},"type":"if","locations":[{"start":{"line":33,"column":176},"end":{"line":34,"column":64}},{"start":{"line":33,"column":176},"end":{"line":34,"column":64}}],"line":33},"5":{"loc":{"start":{"line":38,"column":12},"end":{"line":40,"column":13}},"type":"if","locations":[{"start":{"line":38,"column":12},"end":{"line":40,"column":13}},{"start":{"line":38,"column":12},"end":{"line":40,"column":13}}],"line":38},"6":{"loc":{"start":{"line":45,"column":138},"end":{"line":51,"column":76}},"type":"switch","locations":[{"start":{"line":45,"column":180},"end":{"line":47,"column":58}},{"start":{"line":47,"column":58},"end":{"line":48,"column":20}},{"start":{"line":48,"column":20},"end":{"line":51,"column":32}},{"start":{"line":51,"column":32},"end":{"line":51,"column":40}},{"start":{"line":51,"column":40},"end":{"line":51,"column":75}}],"line":45}},"s":{"0":2,"1":2,"2":2,"3":2,"4":2,"5":2,"6":2,"7":2,"8":2,"9":2,"10":2,"11":1,"12":3,"13":3,"14":1,"15":1,"16":1,"17":0,"18":0,"19":1,"20":1,"21":1,"22":1,"23":0,"24":0,"25":0,"26":0,"27":0,"28":0,"29":0,"30":0,"31":0,"32":0,"33":0,"34":0,"35":0,"36":0,"37":0,"38":0,"39":0,"40":0,"41":0,"42":0,"43":0,"44":0,"45":0,"46":0,"47":0,"48":0,"49":0,"50":0,"51":0,"52":0,"53":0,"54":0,"55":0,"56":0,"57":0,"58":0,"59":0,"60":0,"61":0,"62":0,"63":0,"64":0,"65":0,"66":0,"67":0,"68":0,"69":0,"70":0,"71":0,"72":0,"73":0,"74":0},"f":{"0":1,"1":3,"2":0,"3":0,"4":0,"5":0,"6":0,"7":0,"8":0,"9":0,"10":0},"b":{"0":[1,0,1,0,1],"1":[0,0,0,0,0,0],"2":[0,0,0,0,0],"3":[0,0,0,0],"4":[0,0],"5":[0,0],"6":[0,0,0,0,0]},"inputSourceMap":null,"_coverageSchema":"1a1c01bbd47fc00a2c39e90264f33305004495a9","hash":"5290d0c044f34d9ccd7b2345abb46c711c23be11"}
,"/Users/mickeylock/Documents/04_Mobiilityö/group-project/vehonaattorit-organization/VEHOGO/controllers/userController.js": {"path":"/Users/mickeylock/Documents/04_Mobiilityö/group-project/vehonaattorit-organization/VEHOGO/controllers/userController.js","statementMap":{"0":{"start":{"line":1,"column":42},"end":{"line":1,"column":97}},"1":{"start":{"line":1,"column":98},"end":{"line":1,"column":160}},"2":{"start":{"line":1,"column":160},"end":{"line":1,"column":192}},"3":{"start":{"line":1,"column":192},"end":{"line":1,"column":242}},"4":{"start":{"line":1,"column":242},"end":{"line":1,"column":268}},"5":{"start":{"line":1,"column":268},"end":{"line":1,"column":300}},"6":{"start":{"line":1,"column":319},"end":{"line":1,"column":380}},"7":{"start":{"line":1,"column":392},"end":{"line":1,"column":439}},"8":{"start":{"line":2,"column":12},"end":{"line":2,"column":37}},"9":{"start":{"line":3,"column":0},"end":{"line":3,"column":30}},"10":{"start":{"line":5,"column":9},"end":{"line":5,"column":33}},"11":{"start":{"line":7,"column":39},"end":{"line":14,"column":142}},"12":{"start":{"line":7,"column":105},"end":{"line":14,"column":108}},"13":{"start":{"line":7,"column":116},"end":{"line":14,"column":107}},"14":{"start":{"line":7,"column":163},"end":{"line":7,"column":181}},"15":{"start":{"line":10,"column":10},"end":{"line":10,"column":56}},"16":{"start":{"line":10,"column":56},"end":{"line":10,"column":74}},"17":{"start":{"line":10,"column":74},"end":{"line":12,"column":81}},"18":{"start":{"line":12,"column":88},"end":{"line":12,"column":106}},"19":{"start":{"line":12,"column":106},"end":{"line":12,"column":112}},"20":{"start":{"line":12,"column":119},"end":{"line":12,"column":137}},"21":{"start":{"line":12,"column":137},"end":{"line":12,"column":172}},"22":{"start":{"line":14,"column":10},"end":{"line":14,"column":65}},"23":{"start":{"line":14,"column":83},"end":{"line":14,"column":106}},"24":{"start":{"line":18,"column":48},"end":{"line":24,"column":144}},"25":{"start":{"line":18,"column":124},"end":{"line":24,"column":110}},"26":{"start":{"line":18,"column":135},"end":{"line":24,"column":109}},"27":{"start":{"line":18,"column":184},"end":{"line":18,"column":203}},"28":{"start":{"line":21,"column":10},"end":{"line":21,"column":56}},"29":{"start":{"line":21,"column":56},"end":{"line":21,"column":75}},"30":{"start":{"line":21,"column":75},"end":{"line":22,"column":67}},"31":{"start":{"line":22,"column":74},"end":{"line":22,"column":93}},"32":{"start":{"line":22,"column":93},"end":{"line":22,"column":99}},"33":{"start":{"line":22,"column":106},"end":{"line":22,"column":125}},"34":{"start":{"line":22,"column":125},"end":{"line":22,"column":162}},"35":{"start":{"line":24,"column":10},"end":{"line":24,"column":66}},"36":{"start":{"line":24,"column":84},"end":{"line":24,"column":108}},"37":{"start":{"line":28,"column":34},"end":{"line":39,"column":179}},"38":{"start":{"line":28,"column":98},"end":{"line":39,"column":145}},"39":{"start":{"line":28,"column":109},"end":{"line":39,"column":144}},"40":{"start":{"line":28,"column":158},"end":{"line":28,"column":177}},"41":{"start":{"line":28,"column":177},"end":{"line":28,"column":196}},"42":{"start":{"line":28,"column":196},"end":{"line":35,"column":17}},"43":{"start":{"line":35,"column":24},"end":{"line":35,"column":45}},"44":{"start":{"line":35,"column":45},"end":{"line":37,"column":22}},"45":{"start":{"line":37,"column":29},"end":{"line":37,"column":48}},"46":{"start":{"line":37,"column":48},"end":{"line":37,"column":85}},"47":{"start":{"line":39,"column":10},"end":{"line":39,"column":66}},"48":{"start":{"line":39,"column":66},"end":{"line":39,"column":100}},"49":{"start":{"line":39,"column":119},"end":{"line":39,"column":143}},"50":{"start":{"line":45,"column":2},"end":{"line":53,"column":3}},"51":{"start":{"line":47,"column":14},"end":{"line":47,"column":83}},"52":{"start":{"line":49,"column":4},"end":{"line":49,"column":15}},"53":{"start":{"line":51,"column":4},"end":{"line":51,"column":53}},"54":{"start":{"line":52,"column":4},"end":{"line":52,"column":11}}},"fnMap":{"0":{"name":"updateUser","decl":{"start":{"line":7,"column":9},"end":{"line":7,"column":19}},"loc":{"start":{"line":7,"column":26},"end":{"line":14,"column":143}},"line":7},"1":{"name":"updateUser$","decl":{"start":{"line":7,"column":82},"end":{"line":7,"column":93}},"loc":{"start":{"line":7,"column":104},"end":{"line":14,"column":109}},"line":7},"2":{"name":"userDocumentUpdater","decl":{"start":{"line":18,"column":9},"end":{"line":18,"column":28}},"loc":{"start":{"line":18,"column":35},"end":{"line":24,"column":145}},"line":18},"3":{"name":"userDocumentUpdater$","decl":{"start":{"line":18,"column":91},"end":{"line":18,"column":111}},"loc":{"start":{"line":18,"column":123},"end":{"line":24,"column":111}},"line":18},"4":{"name":"getUser","decl":{"start":{"line":28,"column":9},"end":{"line":28,"column":16}},"loc":{"start":{"line":28,"column":25},"end":{"line":39,"column":180}},"line":28},"5":{"name":"getUser$","decl":{"start":{"line":28,"column":77},"end":{"line":28,"column":85}},"loc":{"start":{"line":28,"column":97},"end":{"line":39,"column":146}},"line":28},"6":{"name":"userStream","decl":{"start":{"line":44,"column":9},"end":{"line":44,"column":19}},"loc":{"start":{"line":44,"column":28},"end":{"line":54,"column":1}},"line":44}},"branchMap":{"0":{"loc":{"start":{"line":7,"column":116},"end":{"line":14,"column":107}},"type":"switch","locations":[{"start":{"line":7,"column":156},"end":{"line":12,"column":81}},{"start":{"line":12,"column":81},"end":{"line":12,"column":112}},{"start":{"line":12,"column":112},"end":{"line":14,"column":65}},{"start":{"line":14,"column":65},"end":{"line":14,"column":72}},{"start":{"line":14,"column":72},"end":{"line":14,"column":106}}],"line":7},"1":{"loc":{"start":{"line":18,"column":135},"end":{"line":24,"column":109}},"type":"switch","locations":[{"start":{"line":18,"column":177},"end":{"line":22,"column":67}},{"start":{"line":22,"column":67},"end":{"line":22,"column":99}},{"start":{"line":22,"column":99},"end":{"line":24,"column":66}},{"start":{"line":24,"column":66},"end":{"line":24,"column":73}},{"start":{"line":24,"column":73},"end":{"line":24,"column":108}}],"line":18},"2":{"loc":{"start":{"line":28,"column":109},"end":{"line":39,"column":144}},"type":"switch","locations":[{"start":{"line":28,"column":151},"end":{"line":35,"column":17}},{"start":{"line":35,"column":17},"end":{"line":37,"column":22}},{"start":{"line":37,"column":22},"end":{"line":39,"column":100}},{"start":{"line":39,"column":100},"end":{"line":39,"column":108}},{"start":{"line":39,"column":108},"end":{"line":39,"column":143}}],"line":28}},"s":{"0":2,"1":2,"2":2,"3":2,"4":2,"5":2,"6":2,"7":2,"8":2,"9":2,"10":2,"11":0,"12":0,"13":0,"14":0,"15":0,"16":0,"17":0,"18":0,"19":0,"20":0,"21":0,"22":0,"23":0,"24":0,"25":0,"26":0,"27":0,"28":0,"29":0,"30":0,"31":0,"32":0,"33":0,"34":0,"35":0,"36":0,"37":0,"38":0,"39":0,"40":0,"41":0,"42":0,"43":0,"44":0,"45":0,"46":0,"47":0,"48":0,"49":0,"50":0,"51":0,"52":0,"53":0,"54":0},"f":{"0":0,"1":0,"2":0,"3":0,"4":0,"5":0,"6":0},"b":{"0":[0,0,0,0,0],"1":[0,0,0,0,0],"2":[0,0,0,0,0]},"inputSourceMap":null,"_coverageSchema":"1a1c01bbd47fc00a2c39e90264f33305004495a9","hash":"cfc37d38ba3aa89c627ca0a186187685b38bafe9"}
,"/Users/mickeylock/Documents/04_Mobiilityö/group-project/vehonaattorit-organization/VEHOGO/firebase/fire.js": {"path":"/Users/mickeylock/Documents/04_Mobiilityö/group-project/vehonaattorit-organization/VEHOGO/firebase/fire.js","statementMap":{"0":{"start":{"line":1,"column":42},"end":{"line":1,"column":97}},"1":{"start":{"line":1,"column":98},"end":{"line":1,"column":160}},"2":{"start":{"line":1,"column":160},"end":{"line":1,"column":185}},"3":{"start":{"line":1,"column":201},"end":{"line":1,"column":244}},"4":{"start":{"line":2,"column":15},"end":{"line":2,"column":44}},"5":{"start":{"line":4,"column":0},"end":{"line":6,"column":1}},"6":{"start":{"line":5,"column":2},"end":{"line":5,"column":59}},"7":{"start":{"line":8,"column":0},"end":{"line":8,"column":17}},"8":{"start":{"line":8,"column":18},"end":{"line":8,"column":45}}},"fnMap":{},"branchMap":{"0":{"loc":{"start":{"line":4,"column":0},"end":{"line":6,"column":1}},"type":"if","locations":[{"start":{"line":4,"column":0},"end":{"line":6,"column":1}},{"start":{"line":4,"column":0},"end":{"line":6,"column":1}}],"line":4}},"s":{"0":2,"1":2,"2":2,"3":2,"4":2,"5":2,"6":2,"7":2,"8":2},"f":{},"b":{"0":[2,0]},"inputSourceMap":null,"_coverageSchema":"1a1c01bbd47fc00a2c39e90264f33305004495a9","hash":"5de066a9d49f8a608820e4d5bcb02f4ef38553d7"}
,"/Users/mickeylock/Documents/04_Mobiilityö/group-project/vehonaattorit-organization/VEHOGO/images/vehogo_logo_musta_RGB.png": {"path":"/Users/mickeylock/Documents/04_Mobiilityö/group-project/vehonaattorit-organization/VEHOGO/images/vehogo_logo_musta_RGB.png","statementMap":{"0":{"start":{"line":1,"column":0},"end":{"line":1,"column":19}}},"fnMap":{},"branchMap":{},"s":{"0":2},"f":{},"b":{},"inputSourceMap":null,"_coverageSchema":"1a1c01bbd47fc00a2c39e90264f33305004495a9","hash":"3ca562c3e41e009e8eb203e9c6558b5aae99bdb2"}
,"/Users/mickeylock/Documents/04_Mobiilityö/group-project/vehonaattorit-organization/VEHOGO/models/preferedWorkingHours.js": {"path":"/Users/mickeylock/Documents/04_Mobiilityö/group-project/vehonaattorit-organization/VEHOGO/models/preferedWorkingHours.js","statementMap":{"0":{"start":{"line":1,"column":42},"end":{"line":1,"column":97}},"1":{"start":{"line":1,"column":98},"end":{"line":1,"column":160}},"2":{"start":{"line":1,"column":160},"end":{"line":1,"column":238}},"3":{"start":{"line":1,"column":261},"end":{"line":1,"column":333}},"4":{"start":{"line":1,"column":355},"end":{"line":1,"column":381}},"5":{"start":{"line":4,"column":0},"end":{"line":16,"column":1}},"6":{"start":{"line":10,"column":18},"end":{"line":10,"column":33}},"7":{"start":{"line":10,"column":48},"end":{"line":10,"column":64}},"8":{"start":{"line":10,"column":79},"end":{"line":10,"column":95}},"9":{"start":{"line":10,"column":111},"end":{"line":10,"column":128}},"10":{"start":{"line":10,"column":142},"end":{"line":10,"column":157}},"11":{"start":{"line":10,"column":158},"end":{"line":10,"column":216}},"12":{"start":{"line":11,"column":2},"end":{"line":11,"column":31}},"13":{"start":{"line":12,"column":2},"end":{"line":12,"column":35}},"14":{"start":{"line":13,"column":2},"end":{"line":13,"column":33}},"15":{"start":{"line":14,"column":2},"end":{"line":14,"column":33}},"16":{"start":{"line":15,"column":2},"end":{"line":15,"column":31}},"17":{"start":{"line":16,"column":2},"end":{"line":16,"column":54}},"18":{"start":{"line":20,"column":36},"end":{"line":59,"column":5}},"19":{"start":{"line":22,"column":38},"end":{"line":22,"column":40}},"20":{"start":{"line":23,"column":4},"end":{"line":25,"column":5}},"21":{"start":{"line":24,"column":6},"end":{"line":24,"column":79}},"22":{"start":{"line":26,"column":4},"end":{"line":28,"column":5}},"23":{"start":{"line":27,"column":6},"end":{"line":27,"column":81}},"24":{"start":{"line":29,"column":4},"end":{"line":31,"column":5}},"25":{"start":{"line":30,"column":6},"end":{"line":30,"column":81}},"26":{"start":{"line":32,"column":4},"end":{"line":34,"column":5}},"27":{"start":{"line":33,"column":6},"end":{"line":33,"column":79}},"28":{"start":{"line":35,"column":4},"end":{"line":37,"column":5}},"29":{"start":{"line":36,"column":6},"end":{"line":36,"column":83}},"30":{"start":{"line":38,"column":4},"end":{"line":38,"column":39}},"31":{"start":{"line":41,"column":15},"end":{"line":41,"column":37}},"32":{"start":{"line":42,"column":4},"end":{"line":47,"column":37}},"33":{"start":{"line":51,"column":4},"end":{"line":51,"column":44}},"34":{"start":{"line":51,"column":27},"end":{"line":51,"column":44}},"35":{"start":{"line":52,"column":4},"end":{"line":57,"column":37}},"36":{"start":{"line":59,"column":6},"end":{"line":59,"column":76}}},"fnMap":{"0":{"name":"PreferedWorkingHours","decl":{"start":{"line":4,"column":9},"end":{"line":4,"column":29}},"loc":{"start":{"line":10,"column":0},"end":{"line":16,"column":1}},"line":10},"1":{"name":"toFirestore","decl":{"start":{"line":21,"column":24},"end":{"line":21,"column":35}},"loc":{"start":{"line":21,"column":58},"end":{"line":39,"column":3}},"line":21},"2":{"name":"fromFirestore","decl":{"start":{"line":40,"column":26},"end":{"line":40,"column":39}},"loc":{"start":{"line":40,"column":59},"end":{"line":49,"column":3}},"line":40},"3":{"name":"fromData","decl":{"start":{"line":50,"column":21},"end":{"line":50,"column":29}},"loc":{"start":{"line":50,"column":36},"end":{"line":59,"column":3}},"line":50}},"branchMap":{"0":{"loc":{"start":{"line":23,"column":4},"end":{"line":25,"column":5}},"type":"if","locations":[{"start":{"line":23,"column":4},"end":{"line":25,"column":5}},{"start":{"line":23,"column":4},"end":{"line":25,"column":5}}],"line":23},"1":{"loc":{"start":{"line":26,"column":4},"end":{"line":28,"column":5}},"type":"if","locations":[{"start":{"line":26,"column":4},"end":{"line":28,"column":5}},{"start":{"line":26,"column":4},"end":{"line":28,"column":5}}],"line":26},"2":{"loc":{"start":{"line":29,"column":4},"end":{"line":31,"column":5}},"type":"if","locations":[{"start":{"line":29,"column":4},"end":{"line":31,"column":5}},{"start":{"line":29,"column":4},"end":{"line":31,"column":5}}],"line":29},"3":{"loc":{"start":{"line":32,"column":4},"end":{"line":34,"column":5}},"type":"if","locations":[{"start":{"line":32,"column":4},"end":{"line":34,"column":5}},{"start":{"line":32,"column":4},"end":{"line":34,"column":5}}],"line":32},"4":{"loc":{"start":{"line":35,"column":4},"end":{"line":37,"column":5}},"type":"if","locations":[{"start":{"line":35,"column":4},"end":{"line":37,"column":5}},{"start":{"line":35,"column":4},"end":{"line":37,"column":5}}],"line":35},"5":{"loc":{"start":{"line":51,"column":4},"end":{"line":51,"column":44}},"type":"if","locations":[{"start":{"line":51,"column":4},"end":{"line":51,"column":44}},{"start":{"line":51,"column":4},"end":{"line":51,"column":44}}],"line":51}},"s":{"0":2,"1":2,"2":2,"3":2,"4":2,"5":2,"6":0,"7":0,"8":0,"9":0,"10":0,"11":0,"12":0,"13":0,"14":0,"15":0,"16":0,"17":2,"18":2,"19":0,"20":0,"21":0,"22":0,"23":0,"24":0,"25":0,"26":0,"27":0,"28":0,"29":0,"30":0,"31":0,"32":0,"33":0,"34":0,"35":0,"36":2},"f":{"0":0,"1":0,"2":0,"3":0},"b":{"0":[0,0],"1":[0,0],"2":[0,0],"3":[0,0],"4":[0,0],"5":[0,0]},"inputSourceMap":null,"_coverageSchema":"1a1c01bbd47fc00a2c39e90264f33305004495a9","hash":"332b8d6b26340cb2ffab2a419fe85f04ad0b457b"}
,"/Users/mickeylock/Documents/04_Mobiilityö/group-project/vehonaattorit-organization/VEHOGO/models/scheduleDrive.js": {"path":"/Users/mickeylock/Documents/04_Mobiilityö/group-project/vehonaattorit-organization/VEHOGO/models/scheduleDrive.js","statementMap":{"0":{"start":{"line":1,"column":42},"end":{"line":1,"column":97}},"1":{"start":{"line":1,"column":98},"end":{"line":1,"column":160}},"2":{"start":{"line":1,"column":160},"end":{"line":1,"column":225}},"3":{"start":{"line":1,"column":248},"end":{"line":1,"column":320}},"4":{"start":{"line":1,"column":333},"end":{"line":1,"column":350}},"5":{"start":{"line":4,"column":0},"end":{"line":10,"column":1}},"6":{"start":{"line":4,"column":40},"end":{"line":4,"column":47}},"7":{"start":{"line":4,"column":56},"end":{"line":4,"column":66}},"8":{"start":{"line":4,"column":73},"end":{"line":4,"column":81}},"9":{"start":{"line":4,"column":93},"end":{"line":4,"column":106}},"10":{"start":{"line":4,"column":124},"end":{"line":4,"column":143}},"11":{"start":{"line":4,"column":152},"end":{"line":4,"column":162}},"12":{"start":{"line":4,"column":174},"end":{"line":4,"column":187}},"13":{"start":{"line":4,"column":188},"end":{"line":4,"column":240}},"14":{"start":{"line":5,"column":2},"end":{"line":5,"column":21}},"15":{"start":{"line":6,"column":2},"end":{"line":6,"column":17}},"16":{"start":{"line":7,"column":2},"end":{"line":7,"column":39}},"17":{"start":{"line":8,"column":2},"end":{"line":8,"column":21}},"18":{"start":{"line":9,"column":2},"end":{"line":9,"column":27}},"19":{"start":{"line":10,"column":2},"end":{"line":10,"column":42}},"20":{"start":{"line":14,"column":29},"end":{"line":81,"column":5}},"21":{"start":{"line":16,"column":31},"end":{"line":16,"column":33}},"22":{"start":{"line":17,"column":4},"end":{"line":19,"column":5}},"23":{"start":{"line":18,"column":6},"end":{"line":18,"column":56}},"24":{"start":{"line":20,"column":4},"end":{"line":22,"column":5}},"25":{"start":{"line":21,"column":6},"end":{"line":21,"column":52}},"26":{"start":{"line":23,"column":4},"end":{"line":25,"column":5}},"27":{"start":{"line":24,"column":6},"end":{"line":24,"column":74}},"28":{"start":{"line":26,"column":4},"end":{"line":33,"column":5}},"29":{"start":{"line":27,"column":18},"end":{"line":27,"column":20}},"30":{"start":{"line":29,"column":6},"end":{"line":31,"column":9}},"31":{"start":{"line":30,"column":8},"end":{"line":30,"column":58}},"32":{"start":{"line":32,"column":6},"end":{"line":32,"column":41}},"33":{"start":{"line":34,"column":4},"end":{"line":36,"column":5}},"34":{"start":{"line":35,"column":6},"end":{"line":35,"column":62}},"35":{"start":{"line":37,"column":4},"end":{"line":37,"column":32}},"36":{"start":{"line":40,"column":15},"end":{"line":40,"column":37}},"37":{"start":{"line":41,"column":22},"end":{"line":41,"column":24}},"38":{"start":{"line":42,"column":4},"end":{"line":46,"column":5}},"39":{"start":{"line":43,"column":6},"end":{"line":45,"column":9}},"40":{"start":{"line":44,"column":8},"end":{"line":44,"column":61}},"41":{"start":{"line":47,"column":4},"end":{"line":53,"column":33}},"42":{"start":{"line":57,"column":22},"end":{"line":57,"column":24}},"43":{"start":{"line":58,"column":20},"end":{"line":58,"column":30}},"44":{"start":{"line":59,"column":18},"end":{"line":59,"column":28}},"45":{"start":{"line":60,"column":4},"end":{"line":80,"column":28}},"46":{"start":{"line":61,"column":6},"end":{"line":65,"column":7}},"47":{"start":{"line":62,"column":8},"end":{"line":64,"column":11}},"48":{"start":{"line":63,"column":10},"end":{"line":63,"column":63}},"49":{"start":{"line":66,"column":6},"end":{"line":71,"column":24}},"50":{"start":{"line":67,"column":8},"end":{"line":70,"column":9}},"51":{"start":{"line":68,"column":10},"end":{"line":68,"column":33}},"52":{"start":{"line":69,"column":10},"end":{"line":69,"column":29}},"53":{"start":{"line":72,"column":6},"end":{"line":78,"column":35}},"54":{"start":{"line":80,"column":11},"end":{"line":80,"column":28}},"55":{"start":{"line":81,"column":6},"end":{"line":81,"column":62}}},"fnMap":{"0":{"name":"ScheduledDrive","decl":{"start":{"line":4,"column":9},"end":{"line":4,"column":23}},"loc":{"start":{"line":4,"column":30},"end":{"line":10,"column":1}},"line":4},"1":{"name":"toFirestore","decl":{"start":{"line":15,"column":24},"end":{"line":15,"column":35}},"loc":{"start":{"line":15,"column":52},"end":{"line":38,"column":3}},"line":15},"2":{"name":"(anonymous_2)","decl":{"start":{"line":29,"column":35},"end":{"line":29,"column":36}},"loc":{"start":{"line":29,"column":51},"end":{"line":31,"column":7}},"line":29},"3":{"name":"fromFirestore","decl":{"start":{"line":39,"column":26},"end":{"line":39,"column":39}},"loc":{"start":{"line":39,"column":59},"end":{"line":55,"column":3}},"line":39},"4":{"name":"(anonymous_4)","decl":{"start":{"line":43,"column":25},"end":{"line":43,"column":26}},"loc":{"start":{"line":43,"column":41},"end":{"line":45,"column":7}},"line":43},"5":{"name":"fromData","decl":{"start":{"line":56,"column":21},"end":{"line":56,"column":29}},"loc":{"start":{"line":56,"column":36},"end":{"line":81,"column":3}},"line":56},"6":{"name":"(anonymous_6)","decl":{"start":{"line":62,"column":27},"end":{"line":62,"column":28}},"loc":{"start":{"line":62,"column":43},"end":{"line":64,"column":9}},"line":62}},"branchMap":{"0":{"loc":{"start":{"line":17,"column":4},"end":{"line":19,"column":5}},"type":"if","locations":[{"start":{"line":17,"column":4},"end":{"line":19,"column":5}},{"start":{"line":17,"column":4},"end":{"line":19,"column":5}}],"line":17},"1":{"loc":{"start":{"line":20,"column":4},"end":{"line":22,"column":5}},"type":"if","locations":[{"start":{"line":20,"column":4},"end":{"line":22,"column":5}},{"start":{"line":20,"column":4},"end":{"line":22,"column":5}}],"line":20},"2":{"loc":{"start":{"line":23,"column":4},"end":{"line":25,"column":5}},"type":"if","locations":[{"start":{"line":23,"column":4},"end":{"line":25,"column":5}},{"start":{"line":23,"column":4},"end":{"line":25,"column":5}}],"line":23},"3":{"loc":{"start":{"line":26,"column":4},"end":{"line":33,"column":5}},"type":"if","locations":[{"start":{"line":26,"column":4},"end":{"line":33,"column":5}},{"start":{"line":26,"column":4},"end":{"line":33,"column":5}}],"line":26},"4":{"loc":{"start":{"line":26,"column":8},"end":{"line":26,"column":76}},"type":"binary-expr","locations":[{"start":{"line":26,"column":8},"end":{"line":26,"column":41}},{"start":{"line":26,"column":45},"end":{"line":26,"column":76}}],"line":26},"5":{"loc":{"start":{"line":34,"column":4},"end":{"line":36,"column":5}},"type":"if","locations":[{"start":{"line":34,"column":4},"end":{"line":36,"column":5}},{"start":{"line":34,"column":4},"end":{"line":36,"column":5}}],"line":34},"6":{"loc":{"start":{"line":42,"column":4},"end":{"line":46,"column":5}},"type":"if","locations":[{"start":{"line":42,"column":4},"end":{"line":46,"column":5}},{"start":{"line":42,"column":4},"end":{"line":46,"column":5}}],"line":42},"7":{"loc":{"start":{"line":60,"column":4},"end":{"line":80,"column":28}},"type":"if","locations":[{"start":{"line":60,"column":4},"end":{"line":80,"column":28}},{"start":{"line":60,"column":4},"end":{"line":80,"column":28}}],"line":60},"8":{"loc":{"start":{"line":61,"column":6},"end":{"line":65,"column":7}},"type":"if","locations":[{"start":{"line":61,"column":6},"end":{"line":65,"column":7}},{"start":{"line":61,"column":6},"end":{"line":65,"column":7}}],"line":61},"9":{"loc":{"start":{"line":67,"column":8},"end":{"line":70,"column":9}},"type":"if","locations":[{"start":{"line":67,"column":8},"end":{"line":70,"column":9}},{"start":{"line":67,"column":8},"end":{"line":70,"column":9}}],"line":67},"10":{"loc":{"start":{"line":67,"column":12},"end":{"line":67,"column":60}},"type":"binary-expr","locations":[{"start":{"line":67,"column":12},"end":{"line":67,"column":35}},{"start":{"line":67,"column":39},"end":{"line":67,"column":60}}],"line":67}},"s":{"0":2,"1":2,"2":2,"3":2,"4":2,"5":2,"6":0,"7":0,"8":0,"9":0,"10":0,"11":0,"12":0,"13":0,"14":0,"15":0,"16":0,"17":0,"18":0,"19":2,"20":2,"21":0,"22":0,"23":0,"24":0,"25":0,"26":0,"27":0,"28":0,"29":0,"30":0,"31":0,"32":0,"33":0,"34":0,"35":0,"36":0,"37":0,"38":0,"39":0,"40":0,"41":0,"42":0,"43":0,"44":0,"45":0,"46":0,"47":0,"48":0,"49":0,"50":0,"51":0,"52":0,"53":0,"54":0,"55":2},"f":{"0":0,"1":0,"2":0,"3":0,"4":0,"5":0,"6":0},"b":{"0":[0,0],"1":[0,0],"2":[0,0],"3":[0,0],"4":[0,0],"5":[0,0],"6":[0,0],"7":[0,0],"8":[0,0],"9":[0,0],"10":[0,0]},"inputSourceMap":null,"_coverageSchema":"1a1c01bbd47fc00a2c39e90264f33305004495a9","hash":"8bafa723aa7bddaa6b2016f1c7b65c477db6f6aa"}
,"/Users/mickeylock/Documents/04_Mobiilityö/group-project/vehonaattorit-organization/VEHOGO/models/stop.js": {"path":"/Users/mickeylock/Documents/04_Mobiilityö/group-project/vehonaattorit-organization/VEHOGO/models/stop.js","statementMap":{"0":{"start":{"line":1,"column":42},"end":{"line":1,"column":97}},"1":{"start":{"line":1,"column":98},"end":{"line":1,"column":160}},"2":{"start":{"line":1,"column":160},"end":{"line":1,"column":206}},"3":{"start":{"line":1,"column":229},"end":{"line":1,"column":301}},"4":{"start":{"line":2,"column":0},"end":{"line":7,"column":1}},"5":{"start":{"line":2,"column":36},"end":{"line":2,"column":49}},"6":{"start":{"line":2,"column":60},"end":{"line":2,"column":72}},"7":{"start":{"line":2,"column":84},"end":{"line":2,"column":97}},"8":{"start":{"line":2,"column":107},"end":{"line":2,"column":118}},"9":{"start":{"line":2,"column":119},"end":{"line":2,"column":161}},"10":{"start":{"line":3,"column":2},"end":{"line":3,"column":27}},"11":{"start":{"line":4,"column":2},"end":{"line":4,"column":25}},"12":{"start":{"line":5,"column":2},"end":{"line":5,"column":27}},"13":{"start":{"line":6,"column":2},"end":{"line":6,"column":23}},"14":{"start":{"line":7,"column":2},"end":{"line":7,"column":22}},"15":{"start":{"line":11,"column":20},"end":{"line":36,"column":5}},"16":{"start":{"line":13,"column":4},"end":{"line":17,"column":28}},"17":{"start":{"line":21,"column":15},"end":{"line":21,"column":37}},"18":{"start":{"line":22,"column":4},"end":{"line":26,"column":29}},"19":{"start":{"line":30,"column":4},"end":{"line":34,"column":29}},"20":{"start":{"line":36,"column":6},"end":{"line":36,"column":44}}},"fnMap":{"0":{"name":"Stop","decl":{"start":{"line":2,"column":9},"end":{"line":2,"column":13}},"loc":{"start":{"line":2,"column":20},"end":{"line":7,"column":1}},"line":2},"1":{"name":"toFirestore","decl":{"start":{"line":12,"column":24},"end":{"line":12,"column":35}},"loc":{"start":{"line":12,"column":42},"end":{"line":19,"column":3}},"line":12},"2":{"name":"fromFirestore","decl":{"start":{"line":20,"column":26},"end":{"line":20,"column":39}},"loc":{"start":{"line":20,"column":59},"end":{"line":28,"column":3}},"line":20},"3":{"name":"fromData","decl":{"start":{"line":29,"column":21},"end":{"line":29,"column":29}},"loc":{"start":{"line":29,"column":36},"end":{"line":36,"column":3}},"line":29}},"branchMap":{},"s":{"0":2,"1":2,"2":2,"3":2,"4":2,"5":0,"6":0,"7":0,"8":0,"9":0,"10":0,"11":0,"12":0,"13":0,"14":2,"15":2,"16":0,"17":0,"18":0,"19":0,"20":2},"f":{"0":0,"1":0,"2":0,"3":0},"b":{},"inputSourceMap":null,"_coverageSchema":"1a1c01bbd47fc00a2c39e90264f33305004495a9","hash":"fd2d49440274b749af416f6c31b84d75ed002838"}
,"/Users/mickeylock/Documents/04_Mobiilityö/group-project/vehonaattorit-organization/VEHOGO/models/user.js": {"path":"/Users/mickeylock/Documents/04_Mobiilityö/group-project/vehonaattorit-organization/VEHOGO/models/user.js","statementMap":{"0":{"start":{"line":1,"column":42},"end":{"line":1,"column":97}},"1":{"start":{"line":1,"column":98},"end":{"line":1,"column":160}},"2":{"start":{"line":1,"column":160},"end":{"line":1,"column":206}},"3":{"start":{"line":1,"column":229},"end":{"line":1,"column":301}},"4":{"start":{"line":1,"column":330},"end":{"line":1,"column":363}},"5":{"start":{"line":4,"column":0},"end":{"line":36,"column":1}},"6":{"start":{"line":20,"column":10},"end":{"line":20,"column":17}},"7":{"start":{"line":20,"column":35},"end":{"line":20,"column":54}},"8":{"start":{"line":20,"column":66},"end":{"line":20,"column":79}},"9":{"start":{"line":20,"column":90},"end":{"line":20,"column":102}},"10":{"start":{"line":20,"column":118},"end":{"line":20,"column":135}},"11":{"start":{"line":20,"column":150},"end":{"line":20,"column":166}},"12":{"start":{"line":20,"column":174},"end":{"line":20,"column":183}},"13":{"start":{"line":20,"column":202},"end":{"line":20,"column":222}},"14":{"start":{"line":20,"column":242},"end":{"line":20,"column":263}},"15":{"start":{"line":20,"column":280},"end":{"line":20,"column":298}},"16":{"start":{"line":20,"column":306},"end":{"line":20,"column":315}},"17":{"start":{"line":20,"column":339},"end":{"line":20,"column":364}},"18":{"start":{"line":20,"column":384},"end":{"line":20,"column":405}},"19":{"start":{"line":20,"column":420},"end":{"line":20,"column":436}},"20":{"start":{"line":20,"column":448},"end":{"line":20,"column":461}},"21":{"start":{"line":20,"column":462},"end":{"line":20,"column":504}},"22":{"start":{"line":21,"column":2},"end":{"line":21,"column":15}},"23":{"start":{"line":22,"column":2},"end":{"line":22,"column":39}},"24":{"start":{"line":23,"column":2},"end":{"line":23,"column":27}},"25":{"start":{"line":24,"column":2},"end":{"line":24,"column":25}},"26":{"start":{"line":25,"column":2},"end":{"line":25,"column":35}},"27":{"start":{"line":26,"column":2},"end":{"line":26,"column":33}},"28":{"start":{"line":27,"column":2},"end":{"line":27,"column":19}},"29":{"start":{"line":28,"column":2},"end":{"line":28,"column":41}},"30":{"start":{"line":29,"column":2},"end":{"line":29,"column":43}},"31":{"start":{"line":30,"column":2},"end":{"line":30,"column":37}},"32":{"start":{"line":31,"column":2},"end":{"line":31,"column":19}},"33":{"start":{"line":32,"column":2},"end":{"line":32,"column":51}},"34":{"start":{"line":33,"column":2},"end":{"line":33,"column":43}},"35":{"start":{"line":34,"column":2},"end":{"line":34,"column":33}},"36":{"start":{"line":35,"column":2},"end":{"line":35,"column":27}},"37":{"start":{"line":36,"column":2},"end":{"line":36,"column":22}},"38":{"start":{"line":40,"column":20},"end":{"line":121,"column":5}},"39":{"start":{"line":42,"column":21},"end":{"line":42,"column":23}},"40":{"start":{"line":43,"column":4},"end":{"line":45,"column":5}},"41":{"start":{"line":44,"column":6},"end":{"line":44,"column":30}},"42":{"start":{"line":46,"column":4},"end":{"line":48,"column":5}},"43":{"start":{"line":47,"column":6},"end":{"line":47,"column":54}},"44":{"start":{"line":49,"column":4},"end":{"line":51,"column":5}},"45":{"start":{"line":50,"column":6},"end":{"line":50,"column":42}},"46":{"start":{"line":52,"column":4},"end":{"line":54,"column":5}},"47":{"start":{"line":53,"column":6},"end":{"line":53,"column":40}},"48":{"start":{"line":55,"column":4},"end":{"line":57,"column":5}},"49":{"start":{"line":56,"column":6},"end":{"line":56,"column":50}},"50":{"start":{"line":58,"column":4},"end":{"line":60,"column":5}},"51":{"start":{"line":59,"column":6},"end":{"line":59,"column":48}},"52":{"start":{"line":61,"column":4},"end":{"line":63,"column":5}},"53":{"start":{"line":62,"column":6},"end":{"line":62,"column":34}},"54":{"start":{"line":64,"column":4},"end":{"line":66,"column":5}},"55":{"start":{"line":65,"column":6},"end":{"line":65,"column":56}},"56":{"start":{"line":67,"column":4},"end":{"line":69,"column":5}},"57":{"start":{"line":68,"column":6},"end":{"line":68,"column":58}},"58":{"start":{"line":70,"column":4},"end":{"line":72,"column":5}},"59":{"start":{"line":71,"column":6},"end":{"line":71,"column":52}},"60":{"start":{"line":73,"column":4},"end":{"line":75,"column":5}},"61":{"start":{"line":74,"column":6},"end":{"line":74,"column":34}},"62":{"start":{"line":76,"column":4},"end":{"line":83,"column":5}},"63":{"start":{"line":77,"column":18},"end":{"line":77,"column":20}},"64":{"start":{"line":78,"column":6},"end":{"line":80,"column":9}},"65":{"start":{"line":79,"column":8},"end":{"line":79,"column":98}},"66":{"start":{"line":82,"column":6},"end":{"line":82,"column":66}},"67":{"start":{"line":84,"column":4},"end":{"line":86,"column":5}},"68":{"start":{"line":85,"column":6},"end":{"line":85,"column":58}},"69":{"start":{"line":87,"column":4},"end":{"line":89,"column":5}},"70":{"start":{"line":88,"column":6},"end":{"line":88,"column":48}},"71":{"start":{"line":90,"column":4},"end":{"line":92,"column":5}},"72":{"start":{"line":91,"column":6},"end":{"line":91,"column":42}},"73":{"start":{"line":94,"column":4},"end":{"line":94,"column":22}},"74":{"start":{"line":97,"column":15},"end":{"line":97,"column":37}},"75":{"start":{"line":98,"column":16},"end":{"line":98,"column":25}},"76":{"start":{"line":99,"column":4},"end":{"line":104,"column":5}},"77":{"start":{"line":100,"column":6},"end":{"line":100,"column":17}},"78":{"start":{"line":101,"column":6},"end":{"line":103,"column":9}},"79":{"start":{"line":102,"column":8},"end":{"line":102,"column":87}},"80":{"start":{"line":105,"column":4},"end":{"line":119,"column":33}},"81":{"start":{"line":121,"column":6},"end":{"line":121,"column":44}}},"fnMap":{"0":{"name":"User","decl":{"start":{"line":4,"column":9},"end":{"line":4,"column":13}},"loc":{"start":{"line":20,"column":0},"end":{"line":36,"column":1}},"line":20},"1":{"name":"toFirestore","decl":{"start":{"line":41,"column":24},"end":{"line":41,"column":35}},"loc":{"start":{"line":41,"column":42},"end":{"line":95,"column":3}},"line":41},"2":{"name":"(anonymous_2)","decl":{"start":{"line":78,"column":40},"end":{"line":78,"column":41}},"loc":{"start":{"line":78,"column":64},"end":{"line":80,"column":7}},"line":78},"3":{"name":"fromFirestore","decl":{"start":{"line":96,"column":26},"end":{"line":96,"column":39}},"loc":{"start":{"line":96,"column":59},"end":{"line":121,"column":3}},"line":96},"4":{"name":"(anonymous_4)","decl":{"start":{"line":101,"column":40},"end":{"line":101,"column":41}},"loc":{"start":{"line":101,"column":56},"end":{"line":103,"column":7}},"line":101}},"branchMap":{"0":{"loc":{"start":{"line":43,"column":4},"end":{"line":45,"column":5}},"type":"if","locations":[{"start":{"line":43,"column":4},"end":{"line":45,"column":5}},{"start":{"line":43,"column":4},"end":{"line":45,"column":5}}],"line":43},"1":{"loc":{"start":{"line":46,"column":4},"end":{"line":48,"column":5}},"type":"if","locations":[{"start":{"line":46,"column":4},"end":{"line":48,"column":5}},{"start":{"line":46,"column":4},"end":{"line":48,"column":5}}],"line":46},"2":{"loc":{"start":{"line":49,"column":4},"end":{"line":51,"column":5}},"type":"if","locations":[{"start":{"line":49,"column":4},"end":{"line":51,"column":5}},{"start":{"line":49,"column":4},"end":{"line":51,"column":5}}],"line":49},"3":{"loc":{"start":{"line":52,"column":4},"end":{"line":54,"column":5}},"type":"if","locations":[{"start":{"line":52,"column":4},"end":{"line":54,"column":5}},{"start":{"line":52,"column":4},"end":{"line":54,"column":5}}],"line":52},"4":{"loc":{"start":{"line":55,"column":4},"end":{"line":57,"column":5}},"type":"if","locations":[{"start":{"line":55,"column":4},"end":{"line":57,"column":5}},{"start":{"line":55,"column":4},"end":{"line":57,"column":5}}],"line":55},"5":{"loc":{"start":{"line":58,"column":4},"end":{"line":60,"column":5}},"type":"if","locations":[{"start":{"line":58,"column":4},"end":{"line":60,"column":5}},{"start":{"line":58,"column":4},"end":{"line":60,"column":5}}],"line":58},"6":{"loc":{"start":{"line":61,"column":4},"end":{"line":63,"column":5}},"type":"if","locations":[{"start":{"line":61,"column":4},"end":{"line":63,"column":5}},{"start":{"line":61,"column":4},"end":{"line":63,"column":5}}],"line":61},"7":{"loc":{"start":{"line":64,"column":4},"end":{"line":66,"column":5}},"type":"if","locations":[{"start":{"line":64,"column":4},"end":{"line":66,"column":5}},{"start":{"line":64,"column":4},"end":{"line":66,"column":5}}],"line":64},"8":{"loc":{"start":{"line":67,"column":4},"end":{"line":69,"column":5}},"type":"if","locations":[{"start":{"line":67,"column":4},"end":{"line":69,"column":5}},{"start":{"line":67,"column":4},"end":{"line":69,"column":5}}],"line":67},"9":{"loc":{"start":{"line":70,"column":4},"end":{"line":72,"column":5}},"type":"if","locations":[{"start":{"line":70,"column":4},"end":{"line":72,"column":5}},{"start":{"line":70,"column":4},"end":{"line":72,"column":5}}],"line":70},"10":{"loc":{"start":{"line":73,"column":4},"end":{"line":75,"column":5}},"type":"if","locations":[{"start":{"line":73,"column":4},"end":{"line":75,"column":5}},{"start":{"line":73,"column":4},"end":{"line":75,"column":5}}],"line":73},"11":{"loc":{"start":{"line":76,"column":4},"end":{"line":83,"column":5}},"type":"if","locations":[{"start":{"line":76,"column":4},"end":{"line":83,"column":5}},{"start":{"line":76,"column":4},"end":{"line":83,"column":5}}],"line":76},"12":{"loc":{"start":{"line":84,"column":4},"end":{"line":86,"column":5}},"type":"if","locations":[{"start":{"line":84,"column":4},"end":{"line":86,"column":5}},{"start":{"line":84,"column":4},"end":{"line":86,"column":5}}],"line":84},"13":{"loc":{"start":{"line":87,"column":4},"end":{"line":89,"column":5}},"type":"if","locations":[{"start":{"line":87,"column":4},"end":{"line":89,"column":5}},{"start":{"line":87,"column":4},"end":{"line":89,"column":5}}],"line":87},"14":{"loc":{"start":{"line":90,"column":4},"end":{"line":92,"column":5}},"type":"if","locations":[{"start":{"line":90,"column":4},"end":{"line":92,"column":5}},{"start":{"line":90,"column":4},"end":{"line":92,"column":5}}],"line":90},"15":{"loc":{"start":{"line":99,"column":4},"end":{"line":104,"column":5}},"type":"if","locations":[{"start":{"line":99,"column":4},"end":{"line":104,"column":5}},{"start":{"line":99,"column":4},"end":{"line":104,"column":5}}],"line":99}},"s":{"0":2,"1":2,"2":2,"3":2,"4":2,"5":2,"6":0,"7":0,"8":0,"9":0,"10":0,"11":0,"12":0,"13":0,"14":0,"15":0,"16":0,"17":0,"18":0,"19":0,"20":0,"21":0,"22":0,"23":0,"24":0,"25":0,"26":0,"27":0,"28":0,"29":0,"30":0,"31":0,"32":0,"33":0,"34":0,"35":0,"36":0,"37":2,"38":2,"39":0,"40":0,"41":0,"42":0,"43":0,"44":0,"45":0,"46":0,"47":0,"48":0,"49":0,"50":0,"51":0,"52":0,"53":0,"54":0,"55":0,"56":0,"57":0,"58":0,"59":0,"60":0,"61":0,"62":0,"63":0,"64":0,"65":0,"66":0,"67":0,"68":0,"69":0,"70":0,"71":0,"72":0,"73":0,"74":0,"75":0,"76":0,"77":0,"78":0,"79":0,"80":0,"81":2},"f":{"0":0,"1":0,"2":0,"3":0,"4":0},"b":{"0":[0,0],"1":[0,0],"2":[0,0],"3":[0,0],"4":[0,0],"5":[0,0],"6":[0,0],"7":[0,0],"8":[0,0],"9":[0,0],"10":[0,0],"11":[0,0],"12":[0,0],"13":[0,0],"14":[0,0],"15":[0,0]},"inputSourceMap":null,"_coverageSchema":"1a1c01bbd47fc00a2c39e90264f33305004495a9","hash":"a5d2833e49a094f64fee9d9ad27f76b39a54cb5b"}
,"/Users/mickeylock/Documents/04_Mobiilityö/group-project/vehonaattorit-organization/VEHOGO/secrets/secrets.js": {"path":"/Users/mickeylock/Documents/04_Mobiilityö/group-project/vehonaattorit-organization/VEHOGO/secrets/secrets.js","statementMap":{"0":{"start":{"line":1,"column":43},"end":{"line":1,"column":99}},"1":{"start":{"line":1,"column":100},"end":{"line":1,"column":162}},"2":{"start":{"line":1,"column":162},"end":{"line":1,"column":247}},"3":{"start":{"line":29,"column":19},"end":{"line":29,"column":42}},"4":{"start":{"line":31,"column":18},"end":{"line":31,"column":71}},"5":{"start":{"line":31,"column":93},"end":{"line":31,"column":361}},"6":{"start":{"line":31,"column":362},"end":{"line":31,"column":402}},"7":{"start":{"line":31,"column":425},"end":{"line":31,"column":466}},"8":{"start":{"line":31,"column":467},"end":{"line":31,"column":511}},"9":{"start":{"line":33,"column":22},"end":{"line":41,"column":73}},"10":{"start":{"line":41,"column":74},"end":{"line":41,"column":116}}},"fnMap":{},"branchMap":{"0":{"loc":{"start":{"line":35,"column":2},"end":{"line":36,"column":79}},"type":"cond-expr","locations":[{"start":{"line":36,"column":2},"end":{"line":36,"column":31}},{"start":{"line":36,"column":34},"end":{"line":36,"column":79}}],"line":35}},"s":{"0":2,"1":2,"2":2,"3":2,"4":2,"5":2,"6":2,"7":2,"8":2,"9":2,"10":2},"f":{},"b":{"0":[0,2]},"inputSourceMap":null,"_coverageSchema":"1a1c01bbd47fc00a2c39e90264f33305004495a9","hash":"e8756169156f16aaf71eba8ce409a7d09dc5a243"}
,"/Users/mickeylock/Documents/04_Mobiilityö/group-project/vehonaattorit-organization/VEHOGO/views/authNavigationStack/LogIn.js": {"path":"/Users/mickeylock/Documents/04_Mobiilityö/group-project/vehonaattorit-organization/VEHOGO/views/authNavigationStack/LogIn.js","statementMap":{"0":{"start":{"line":1,"column":42},"end":{"line":1,"column":97}},"1":{"start":{"line":1,"column":128},"end":{"line":1,"column":184}},"2":{"start":{"line":1,"column":185},"end":{"line":1,"column":247}},"3":{"start":{"line":1,"column":247},"end":{"line":1,"column":270}},"4":{"start":{"line":1,"column":289},"end":{"line":1,"column":350}},"5":{"start":{"line":1,"column":373},"end":{"line":1,"column":444}},"6":{"start":{"line":1,"column":458},"end":{"line":1,"column":499}},"7":{"start":{"line":3,"column":19},"end":{"line":3,"column":42}},"8":{"start":{"line":13,"column":14},"end":{"line":13,"column":47}},"9":{"start":{"line":14,"column":27},"end":{"line":14,"column":59}},"10":{"start":{"line":15,"column":12},"end":{"line":15,"column":66}},"11":{"start":{"line":16,"column":20},"end":{"line":16,"column":60}},"12":{"start":{"line":17,"column":18},"end":{"line":17,"column":56}},"13":{"start":{"line":18,"column":19},"end":{"line":18,"column":58}},"14":{"start":{"line":19,"column":23},"end":{"line":19,"column":67}},"15":{"start":{"line":20,"column":18},"end":{"line":20,"column":40}},"16":{"start":{"line":20,"column":53},"end":{"line":20,"column":57}},"17":{"start":{"line":20,"column":73},"end":{"line":20,"column":202}},"18":{"start":{"line":24,"column":12},"end":{"line":98,"column":1}},"19":{"start":{"line":24,"column":51},"end":{"line":24,"column":66}},"20":{"start":{"line":24,"column":79},"end":{"line":24,"column":93}},"21":{"start":{"line":25,"column":2},"end":{"line":25,"column":26}},"22":{"start":{"line":25,"column":40},"end":{"line":25,"column":82}},"23":{"start":{"line":25,"column":91},"end":{"line":25,"column":104}},"24":{"start":{"line":25,"column":116},"end":{"line":25,"column":129}},"25":{"start":{"line":26,"column":2},"end":{"line":26,"column":26}},"26":{"start":{"line":26,"column":40},"end":{"line":26,"column":83}},"27":{"start":{"line":26,"column":95},"end":{"line":26,"column":108}},"28":{"start":{"line":26,"column":123},"end":{"line":26,"column":136}},"29":{"start":{"line":28,"column":2},"end":{"line":28,"column":26}},"30":{"start":{"line":28,"column":40},"end":{"line":28,"column":83}},"31":{"start":{"line":28,"column":92},"end":{"line":28,"column":105}},"32":{"start":{"line":28,"column":117},"end":{"line":28,"column":130}},"33":{"start":{"line":30,"column":14},"end":{"line":38,"column":111}},"34":{"start":{"line":30,"column":32},"end":{"line":38,"column":110}},"35":{"start":{"line":30,"column":93},"end":{"line":38,"column":80}},"36":{"start":{"line":30,"column":104},"end":{"line":38,"column":79}},"37":{"start":{"line":34,"column":12},"end":{"line":38,"column":37}},"38":{"start":{"line":36,"column":14},"end":{"line":36,"column":28}},"39":{"start":{"line":38,"column":55},"end":{"line":38,"column":78}},"40":{"start":{"line":41,"column":2},"end":{"line":47,"column":14}},"41":{"start":{"line":42,"column":18},"end":{"line":44,"column":12}},"42":{"start":{"line":43,"column":6},"end":{"line":43,"column":19}},"43":{"start":{"line":46,"column":4},"end":{"line":46,"column":55}},"44":{"start":{"line":46,"column":24},"end":{"line":46,"column":53}},"45":{"start":{"line":49,"column":2},"end":{"line":93,"column":115}},"46":{"start":{"line":80,"column":8},"end":{"line":80,"column":16}},"47":{"start":{"line":89,"column":8},"end":{"line":91,"column":28}},"48":{"start":{"line":98,"column":2},"end":{"line":98,"column":24}},"49":{"start":{"line":100,"column":13},"end":{"line":113,"column":27}}},"fnMap":{"0":{"name":"LogIn","decl":{"start":{"line":24,"column":21},"end":{"line":24,"column":26}},"loc":{"start":{"line":24,"column":33},"end":{"line":98,"column":1}},"line":24},"1":{"name":"logIn","decl":{"start":{"line":30,"column":23},"end":{"line":30,"column":28}},"loc":{"start":{"line":30,"column":31},"end":{"line":38,"column":111}},"line":30},"2":{"name":"logIn$","decl":{"start":{"line":30,"column":75},"end":{"line":30,"column":81}},"loc":{"start":{"line":30,"column":92},"end":{"line":38,"column":81}},"line":30},"3":{"name":"(anonymous_3)","decl":{"start":{"line":35,"column":17},"end":{"line":35,"column":18}},"loc":{"start":{"line":35,"column":32},"end":{"line":37,"column":13}},"line":35},"4":{"name":"(anonymous_4)","decl":{"start":{"line":38,"column":18},"end":{"line":38,"column":19}},"loc":{"start":{"line":38,"column":33},"end":{"line":38,"column":35}},"line":38},"5":{"name":"(anonymous_5)","decl":{"start":{"line":41,"column":24},"end":{"line":41,"column":25}},"loc":{"start":{"line":41,"column":36},"end":{"line":47,"column":3}},"line":41},"6":{"name":"(anonymous_6)","decl":{"start":{"line":42,"column":29},"end":{"line":42,"column":30}},"loc":{"start":{"line":42,"column":41},"end":{"line":44,"column":5}},"line":42},"7":{"name":"(anonymous_7)","decl":{"start":{"line":46,"column":11},"end":{"line":46,"column":12}},"loc":{"start":{"line":46,"column":23},"end":{"line":46,"column":54}},"line":46},"8":{"name":"onPress","decl":{"start":{"line":79,"column":24},"end":{"line":79,"column":31}},"loc":{"start":{"line":79,"column":34},"end":{"line":81,"column":7}},"line":79},"9":{"name":"onPress","decl":{"start":{"line":88,"column":24},"end":{"line":88,"column":31}},"loc":{"start":{"line":88,"column":34},"end":{"line":93,"column":7}},"line":88}},"branchMap":{"0":{"loc":{"start":{"line":30,"column":104},"end":{"line":38,"column":79}},"type":"switch","locations":[{"start":{"line":30,"column":144},"end":{"line":38,"column":37}},{"start":{"line":38,"column":37},"end":{"line":38,"column":44}},{"start":{"line":38,"column":44},"end":{"line":38,"column":78}}],"line":30}},"s":{"0":1,"1":1,"2":1,"3":1,"4":1,"5":1,"6":1,"7":1,"8":1,"9":1,"10":1,"11":1,"12":1,"13":1,"14":1,"15":1,"16":1,"17":1,"18":1,"19":3,"20":3,"21":3,"22":3,"23":3,"24":3,"25":3,"26":3,"27":3,"28":3,"29":3,"30":3,"31":3,"32":3,"33":3,"34":1,"35":1,"36":1,"37":1,"38":1,"39":1,"40":3,"41":2,"42":0,"43":2,"44":1,"45":3,"46":1,"47":0,"48":1,"49":1},"f":{"0":3,"1":1,"2":1,"3":1,"4":0,"5":2,"6":0,"7":1,"8":1,"9":0},"b":{"0":[1,1,1]},"inputSourceMap":null,"_coverageSchema":"1a1c01bbd47fc00a2c39e90264f33305004495a9","hash":"368a672c271b049b75c6047292ed078f4a8a7243"}
,"/Users/mickeylock/Documents/04_Mobiilityö/group-project/vehonaattorit-organization/VEHOGO/views/authNavigationStack/SignUp.js": {"path":"/Users/mickeylock/Documents/04_Mobiilityö/group-project/vehonaattorit-organization/VEHOGO/views/authNavigationStack/SignUp.js","statementMap":{"0":{"start":{"line":1,"column":42},"end":{"line":1,"column":97}},"1":{"start":{"line":1,"column":128},"end":{"line":1,"column":184}},"2":{"start":{"line":1,"column":185},"end":{"line":1,"column":247}},"3":{"start":{"line":1,"column":247},"end":{"line":1,"column":271}},"4":{"start":{"line":1,"column":290},"end":{"line":1,"column":351}},"5":{"start":{"line":1,"column":374},"end":{"line":1,"column":445}},"6":{"start":{"line":1,"column":459},"end":{"line":1,"column":500}},"7":{"start":{"line":3,"column":19},"end":{"line":3,"column":42}},"8":{"start":{"line":4,"column":27},"end":{"line":4,"column":59}},"9":{"start":{"line":5,"column":14},"end":{"line":5,"column":47}},"10":{"start":{"line":6,"column":23},"end":{"line":6,"column":67}},"11":{"start":{"line":7,"column":18},"end":{"line":7,"column":56}},"12":{"start":{"line":8,"column":18},"end":{"line":8,"column":40}},"13":{"start":{"line":11,"column":22},"end":{"line":11,"column":65}},"14":{"start":{"line":12,"column":12},"end":{"line":12,"column":40}},"15":{"start":{"line":12,"column":53},"end":{"line":12,"column":57}},"16":{"start":{"line":12,"column":73},"end":{"line":12,"column":203}},"17":{"start":{"line":14,"column":13},"end":{"line":139,"column":1}},"18":{"start":{"line":15,"column":2},"end":{"line":15,"column":26}},"19":{"start":{"line":15,"column":40},"end":{"line":15,"column":82}},"20":{"start":{"line":15,"column":91},"end":{"line":15,"column":104}},"21":{"start":{"line":15,"column":116},"end":{"line":15,"column":129}},"22":{"start":{"line":16,"column":2},"end":{"line":16,"column":26}},"23":{"start":{"line":16,"column":40},"end":{"line":16,"column":83}},"24":{"start":{"line":16,"column":95},"end":{"line":16,"column":108}},"25":{"start":{"line":16,"column":123},"end":{"line":16,"column":136}},"26":{"start":{"line":17,"column":2},"end":{"line":17,"column":26}},"27":{"start":{"line":17,"column":40},"end":{"line":17,"column":83}},"28":{"start":{"line":17,"column":102},"end":{"line":17,"column":115}},"29":{"start":{"line":17,"column":137},"end":{"line":17,"column":150}},"30":{"start":{"line":18,"column":2},"end":{"line":18,"column":26}},"31":{"start":{"line":18,"column":40},"end":{"line":18,"column":83}},"32":{"start":{"line":18,"column":98},"end":{"line":18,"column":111}},"33":{"start":{"line":18,"column":129},"end":{"line":18,"column":142}},"34":{"start":{"line":19,"column":2},"end":{"line":19,"column":26}},"35":{"start":{"line":19,"column":41},"end":{"line":19,"column":84}},"36":{"start":{"line":19,"column":92},"end":{"line":19,"column":106}},"37":{"start":{"line":19,"column":117},"end":{"line":19,"column":131}},"38":{"start":{"line":21,"column":2},"end":{"line":21,"column":26}},"39":{"start":{"line":21,"column":41},"end":{"line":21,"column":85}},"40":{"start":{"line":21,"column":94},"end":{"line":21,"column":108}},"41":{"start":{"line":21,"column":120},"end":{"line":21,"column":134}},"42":{"start":{"line":22,"column":2},"end":{"line":22,"column":26}},"43":{"start":{"line":22,"column":41},"end":{"line":22,"column":85}},"44":{"start":{"line":22,"column":101},"end":{"line":22,"column":115}},"45":{"start":{"line":22,"column":134},"end":{"line":22,"column":148}},"46":{"start":{"line":23,"column":2},"end":{"line":23,"column":26}},"47":{"start":{"line":23,"column":41},"end":{"line":23,"column":85}},"48":{"start":{"line":23,"column":104},"end":{"line":23,"column":118}},"49":{"start":{"line":23,"column":140},"end":{"line":23,"column":154}},"50":{"start":{"line":26,"column":19},"end":{"line":26,"column":43}},"51":{"start":{"line":28,"column":21},"end":{"line":52,"column":160}},"52":{"start":{"line":28,"column":57},"end":{"line":52,"column":159}},"53":{"start":{"line":28,"column":125},"end":{"line":52,"column":129}},"54":{"start":{"line":28,"column":136},"end":{"line":52,"column":128}},"55":{"start":{"line":29,"column":12},"end":{"line":29,"column":35}},"56":{"start":{"line":29,"column":35},"end":{"line":30,"column":83}},"57":{"start":{"line":30,"column":57},"end":{"line":30,"column":76}},"58":{"start":{"line":30,"column":76},"end":{"line":30,"column":82}},"59":{"start":{"line":30,"column":83},"end":{"line":31,"column":70}},"60":{"start":{"line":31,"column":44},"end":{"line":31,"column":63}},"61":{"start":{"line":31,"column":63},"end":{"line":31,"column":69}},"62":{"start":{"line":32,"column":12},"end":{"line":32,"column":32}},"63":{"start":{"line":32,"column":32},"end":{"line":32,"column":50}},"64":{"start":{"line":32,"column":50},"end":{"line":33,"column":61}},"65":{"start":{"line":33,"column":68},"end":{"line":33,"column":91}},"66":{"start":{"line":34,"column":12},"end":{"line":34,"column":41}},"67":{"start":{"line":34,"column":41},"end":{"line":34,"column":60}},"68":{"start":{"line":34,"column":60},"end":{"line":47,"column":16}},"69":{"start":{"line":38,"column":14},"end":{"line":38,"column":51}},"70":{"start":{"line":38,"column":39},"end":{"line":38,"column":51}},"71":{"start":{"line":40,"column":14},"end":{"line":40,"column":28}},"72":{"start":{"line":43,"column":14},"end":{"line":43,"column":51}},"73":{"start":{"line":43,"column":39},"end":{"line":43,"column":51}},"74":{"start":{"line":44,"column":14},"end":{"line":44,"column":28}},"75":{"start":{"line":46,"column":14},"end":{"line":46,"column":24}},"76":{"start":{"line":47,"column":24},"end":{"line":47,"column":43}},"77":{"start":{"line":47,"column":43},"end":{"line":47,"column":49}},"78":{"start":{"line":49,"column":12},"end":{"line":49,"column":54}},"79":{"start":{"line":49,"column":62},"end":{"line":49,"column":81}},"80":{"start":{"line":49,"column":81},"end":{"line":49,"column":87}},"81":{"start":{"line":52,"column":12},"end":{"line":52,"column":85}},"82":{"start":{"line":52,"column":104},"end":{"line":52,"column":127}},"83":{"start":{"line":57,"column":2},"end":{"line":61,"column":9}},"84":{"start":{"line":58,"column":4},"end":{"line":60,"column":6}},"85":{"start":{"line":59,"column":6},"end":{"line":59,"column":33}},"86":{"start":{"line":63,"column":2},"end":{"line":69,"column":14}},"87":{"start":{"line":64,"column":18},"end":{"line":66,"column":12}},"88":{"start":{"line":65,"column":6},"end":{"line":65,"column":19}},"89":{"start":{"line":68,"column":4},"end":{"line":68,"column":55}},"90":{"start":{"line":68,"column":24},"end":{"line":68,"column":53}},"91":{"start":{"line":71,"column":2},"end":{"line":133,"column":118}},"92":{"start":{"line":132,"column":8},"end":{"line":132,"column":23}},"93":{"start":{"line":139,"column":2},"end":{"line":139,"column":26}},"94":{"start":{"line":141,"column":13},"end":{"line":153,"column":27}}},"fnMap":{"0":{"name":"SignUp","decl":{"start":{"line":14,"column":22},"end":{"line":14,"column":28}},"loc":{"start":{"line":14,"column":31},"end":{"line":139,"column":1}},"line":14},"1":{"name":"registerUser","decl":{"start":{"line":28,"column":30},"end":{"line":28,"column":42}},"loc":{"start":{"line":28,"column":45},"end":{"line":52,"column":160}},"line":28},"2":{"name":"registerUser$","decl":{"start":{"line":28,"column":100},"end":{"line":28,"column":113}},"loc":{"start":{"line":28,"column":124},"end":{"line":52,"column":130}},"line":28},"3":{"name":"(anonymous_3)","decl":{"start":{"line":37,"column":17},"end":{"line":37,"column":18}},"loc":{"start":{"line":37,"column":32},"end":{"line":41,"column":13}},"line":37},"4":{"name":"(anonymous_4)","decl":{"start":{"line":42,"column":18},"end":{"line":42,"column":19}},"loc":{"start":{"line":42,"column":33},"end":{"line":47,"column":13}},"line":42},"5":{"name":"(anonymous_5)","decl":{"start":{"line":57,"column":24},"end":{"line":57,"column":25}},"loc":{"start":{"line":57,"column":36},"end":{"line":61,"column":3}},"line":57},"6":{"name":"(anonymous_6)","decl":{"start":{"line":58,"column":11},"end":{"line":58,"column":12}},"loc":{"start":{"line":58,"column":23},"end":{"line":60,"column":5}},"line":58},"7":{"name":"(anonymous_7)","decl":{"start":{"line":63,"column":24},"end":{"line":63,"column":25}},"loc":{"start":{"line":63,"column":36},"end":{"line":69,"column":3}},"line":63},"8":{"name":"(anonymous_8)","decl":{"start":{"line":64,"column":29},"end":{"line":64,"column":30}},"loc":{"start":{"line":64,"column":41},"end":{"line":66,"column":5}},"line":64},"9":{"name":"(anonymous_9)","decl":{"start":{"line":68,"column":11},"end":{"line":68,"column":12}},"loc":{"start":{"line":68,"column":23},"end":{"line":68,"column":54}},"line":68},"10":{"name":"onPress","decl":{"start":{"line":131,"column":24},"end":{"line":131,"column":31}},"loc":{"start":{"line":131,"column":34},"end":{"line":133,"column":7}},"line":131}},"branchMap":{"0":{"loc":{"start":{"line":28,"column":136},"end":{"line":52,"column":128}},"type":"switch","locations":[{"start":{"line":28,"column":176},"end":{"line":33,"column":61}},{"start":{"line":33,"column":61},"end":{"line":47,"column":16}},{"start":{"line":47,"column":16},"end":{"line":47,"column":49}},{"start":{"line":47,"column":49},"end":{"line":49,"column":54}},{"start":{"line":49,"column":54},"end":{"line":49,"column":87}},{"start":{"line":49,"column":87},"end":{"line":52,"column":85}},{"start":{"line":52,"column":85},"end":{"line":52,"column":93}},{"start":{"line":52,"column":93},"end":{"line":52,"column":127}}],"line":28},"1":{"loc":{"start":{"line":29,"column":35},"end":{"line":30,"column":83}},"type":"if","locations":[{"start":{"line":29,"column":35},"end":{"line":30,"column":83}},{"start":{"line":29,"column":35},"end":{"line":30,"column":83}}],"line":29},"2":{"loc":{"start":{"line":30,"column":12},"end":{"line":30,"column":53}},"type":"binary-expr","locations":[{"start":{"line":30,"column":12},"end":{"line":30,"column":34}},{"start":{"line":30,"column":38},"end":{"line":30,"column":53}}],"line":30},"3":{"loc":{"start":{"line":30,"column":83},"end":{"line":31,"column":70}},"type":"if","locations":[{"start":{"line":30,"column":83},"end":{"line":31,"column":70}},{"start":{"line":30,"column":83},"end":{"line":31,"column":70}}],"line":30},"4":{"loc":{"start":{"line":38,"column":14},"end":{"line":38,"column":51}},"type":"if","locations":[{"start":{"line":38,"column":14},"end":{"line":38,"column":51}},{"start":{"line":38,"column":14},"end":{"line":38,"column":51}}],"line":38},"5":{"loc":{"start":{"line":43,"column":14},"end":{"line":43,"column":51}},"type":"if","locations":[{"start":{"line":43,"column":14},"end":{"line":43,"column":51}},{"start":{"line":43,"column":14},"end":{"line":43,"column":51}}],"line":43}},"s":{"0":1,"1":1,"2":1,"3":1,"4":1,"5":1,"6":1,"7":1,"8":1,"9":1,"10":1,"11":1,"12":1,"13":1,"14":1,"15":1,"16":1,"17":1,"18":3,"19":3,"20":3,"21":3,"22":3,"23":3,"24":3,"25":3,"26":3,"27":3,"28":3,"29":3,"30":3,"31":3,"32":3,"33":3,"34":3,"35":3,"36":3,"37":3,"38":3,"39":3,"40":3,"41":3,"42":3,"43":3,"44":3,"45":3,"46":3,"47":3,"48":3,"49":3,"50":3,"51":3,"52":1,"53":1,"54":2,"55":1,"56":1,"57":1,"58":1,"59":0,"60":0,"61":0,"62":0,"63":0,"64":0,"65":0,"66":0,"67":0,"68":0,"69":0,"70":0,"71":0,"72":0,"73":0,"74":0,"75":0,"76":0,"77":0,"78":0,"79":0,"80":0,"81":1,"82":1,"83":3,"84":1,"85":0,"86":3,"87":1,"88":0,"89":1,"90":0,"91":3,"92":1,"93":1,"94":1},"f":{"0":3,"1":1,"2":1,"3":0,"4":0,"5":1,"6":0,"7":1,"8":0,"9":0,"10":1},"b":{"0":[1,0,0,0,0,1,1,1],"1":[1,0],"2":[1,0],"3":[0,0],"4":[0,0],"5":[0,0]},"inputSourceMap":null,"_coverageSchema":"1a1c01bbd47fc00a2c39e90264f33305004495a9","hash":"c9230455dc914f8121dbde2ba6ad6ed812874e66"}
}
