TN:
SF:components/AuthButton.js
FN:5,AuthButton
FNF:1
FNH:1
FNDA:9,AuthButton
DA:1,2
DA:2,2
DA:3,2
DA:5,9
DA:6,9
DA:7,9
DA:9,9
DA:33,2
LF:8
LH:8
BRDA:6,0,0,9
BRDA:6,0,1,3
BRDA:15,1,0,3
BRDA:15,1,1,6
BRDA:16,2,0,3
BRDA:16,2,1,6
BRDA:17,3,0,3
BRDA:17,3,1,6
BRDA:18,4,0,3
BRDA:18,4,1,6
BRDA:23,5,0,3
BRDA:23,5,1,6
BRDA:24,6,0,3
BRDA:24,6,1,6
BRDA:25,7,0,3
BRDA:25,7,1,6
BRDA:26,8,0,3
BRDA:26,8,1,6
BRF:18
BRH:18
end_of_record
TN:
SF:components/CustomButton.js
FN:3,ownKeys
FN:3,(anonymous_1)
FN:3,_objectSpread
FN:3,(anonymous_3)
FN:3,(anonymous_4)
FN:5,CustomButton
FNF:6
FNH:3
FNDA:2,ownKeys
FNDA:0,(anonymous_1)
FNDA:2,_objectSpread
FNDA:2,(anonymous_3)
FNDA:0,(anonymous_4)
FNDA:0,CustomButton
DA:1,1
DA:2,1
DA:3,3
DA:5,1
DA:6,0
DA:11,1
DA:13,1
LF:7
LH:6
BRDA:3,0,0,2
BRDA:3,0,1,0
BRDA:3,1,0,2
BRDA:3,1,1,0
BRDA:3,2,0,3
BRDA:3,2,1,0
BRDA:3,3,0,2
BRDA:3,3,1,1
BRDA:3,4,0,1
BRDA:3,4,1,0
BRDA:37,5,0,1
BRDA:37,5,1,0
BRF:12
BRH:7
end_of_record
TN:
SF:components/CustomTitle.js
FN:4,CustomTitle
FNF:1
FNH:0
FNDA:0,CustomTitle
DA:1,1
DA:2,1
DA:3,1
DA:4,1
DA:5,0
DA:6,1
DA:7,1
LF:7
LH:6
BRDA:10,0,0,1
BRDA:10,0,1,0
BRF:2
BRH:1
end_of_record
TN:
SF:constants/colors.js
FNF:0
FNH:0
DA:1,2
DA:29,2
LF:2
LH:2
BRF:0
BRH:0
end_of_record
TN:
SF:controllers/LoginController.js
FN:5,login
FN:5,login$
FN:13,register
FN:13,register$
FN:27,signOut
FN:27,signOut$
FN:33,subscribeToAuth
FN:33,subscribeToAuth$
FN:37,(anonymous_8)
FN:45,checkEmailVerification
FN:45,checkEmailVerification$
FNF:11
FNH:2
FNDA:1,login
FNDA:3,login$
FNDA:0,register
FNDA:0,register$
FNDA:0,signOut
FNDA:0,signOut$
FNDA:0,subscribeToAuth
FNDA:0,subscribeToAuth$
FNDA:0,(anonymous_8)
FNDA:0,checkEmailVerification
FNDA:0,checkEmailVerification$
DA:1,2
DA:2,2
DA:3,2
DA:5,3
DA:7,1
DA:9,1
DA:13,0
DA:15,0
DA:19,0
DA:20,0
DA:21,0
DA:23,0
DA:27,0
DA:29,0
DA:33,0
DA:34,0
DA:37,0
DA:38,0
DA:39,0
DA:41,0
DA:42,0
DA:45,0
DA:47,0
DA:48,0
DA:50,0
DA:51,0
LF:26
LH:6
BRDA:5,0,0,1
BRDA:5,0,1,0
BRDA:5,0,2,1
BRDA:5,0,3,0
BRDA:5,0,4,1
BRDA:13,1,0,0
BRDA:13,1,1,0
BRDA:13,1,2,0
BRDA:13,1,3,0
BRDA:13,1,4,0
BRDA:13,1,5,0
BRDA:27,2,0,0
BRDA:27,2,1,0
BRDA:27,2,2,0
BRDA:27,2,3,0
BRDA:27,2,4,0
BRDA:33,3,0,0
BRDA:33,3,1,0
BRDA:33,3,2,0
BRDA:33,3,3,0
BRDA:33,4,0,0
BRDA:33,4,1,0
BRDA:38,5,0,0
BRDA:38,5,1,0
BRDA:45,6,0,0
BRDA:45,6,1,0
BRDA:45,6,2,0
BRDA:45,6,3,0
BRDA:45,6,4,0
BRF:29
BRH:3
end_of_record
TN:
SF:controllers/userController.js
FN:7,updateUser
FN:7,updateUser$
FN:18,userDocumentUpdater
FN:18,userDocumentUpdater$
FN:28,getUser
FN:28,getUser$
FN:44,userStream
FNF:7
FNH:0
FNDA:0,updateUser
FNDA:0,updateUser$
FNDA:0,userDocumentUpdater
FNDA:0,userDocumentUpdater$
FNDA:0,getUser
FNDA:0,getUser$
FNDA:0,userStream
DA:1,2
DA:2,2
DA:3,2
DA:5,2
DA:7,0
DA:10,0
DA:12,0
DA:14,0
DA:18,0
DA:21,0
DA:22,0
DA:24,0
DA:28,0
DA:35,0
DA:37,0
DA:39,0
DA:45,0
DA:47,0
DA:49,0
DA:51,0
DA:52,0
LF:21
LH:4
BRDA:7,0,0,0
BRDA:7,0,1,0
BRDA:7,0,2,0
BRDA:7,0,3,0
BRDA:7,0,4,0
BRDA:18,1,0,0
BRDA:18,1,1,0
BRDA:18,1,2,0
BRDA:18,1,3,0
BRDA:18,1,4,0
BRDA:28,2,0,0
BRDA:28,2,1,0
BRDA:28,2,2,0
BRDA:28,2,3,0
BRDA:28,2,4,0
BRF:15
BRH:0
end_of_record
TN:
SF:firebase/fire.js
FNF:0
FNH:0
DA:1,2
DA:2,2
DA:4,2
DA:5,2
DA:8,2
LF:5
LH:5
BRDA:4,0,0,2
BRDA:4,0,1,0
BRF:2
BRH:1
end_of_record
TN:
SF:images/vehogo_logo_musta_RGB.png
FNF:0
FNH:0
DA:1,2
LF:1
LH:1
BRF:0
BRH:0
end_of_record
TN:
SF:models/preferedWorkingHours.js
FN:4,PreferedWorkingHours
FN:21,toFirestore
FN:40,fromFirestore
FN:50,fromData
FNF:4
FNH:0
FNDA:0,PreferedWorkingHours
FNDA:0,toFirestore
FNDA:0,fromFirestore
FNDA:0,fromData
DA:1,2
DA:4,2
DA:10,0
DA:11,0
DA:12,0
DA:13,0
DA:14,0
DA:15,0
DA:16,2
DA:20,2
DA:22,0
DA:23,0
DA:24,0
DA:26,0
DA:27,0
DA:29,0
DA:30,0
DA:32,0
DA:33,0
DA:35,0
DA:36,0
DA:38,0
DA:41,0
DA:42,0
DA:51,0
DA:52,0
DA:59,2
LF:27
LH:5
BRDA:23,0,0,0
BRDA:23,0,1,0
BRDA:26,1,0,0
BRDA:26,1,1,0
BRDA:29,2,0,0
BRDA:29,2,1,0
BRDA:32,3,0,0
BRDA:32,3,1,0
BRDA:35,4,0,0
BRDA:35,4,1,0
BRDA:51,5,0,0
BRDA:51,5,1,0
BRF:12
BRH:0
end_of_record
TN:
SF:models/scheduleDrive.js
FN:4,ScheduledDrive
FN:15,toFirestore
FN:29,(anonymous_2)
FN:39,fromFirestore
FN:43,(anonymous_4)
FN:56,fromData
FN:62,(anonymous_6)
FNF:7
FNH:0
FNDA:0,ScheduledDrive
FNDA:0,toFirestore
FNDA:0,(anonymous_2)
FNDA:0,fromFirestore
FNDA:0,(anonymous_4)
FNDA:0,fromData
FNDA:0,(anonymous_6)
DA:1,2
DA:4,2
DA:5,0
DA:6,0
DA:7,0
DA:8,0
DA:9,0
DA:10,2
DA:14,2
DA:16,0
DA:17,0
DA:18,0
DA:20,0
DA:21,0
DA:23,0
DA:24,0
DA:26,0
DA:27,0
DA:29,0
DA:30,0
DA:32,0
DA:34,0
DA:35,0
DA:37,0
DA:40,0
DA:41,0
DA:42,0
DA:43,0
DA:44,0
DA:47,0
DA:57,0
DA:58,0
DA:59,0
DA:60,0
DA:61,0
DA:62,0
DA:63,0
DA:66,0
DA:67,0
DA:68,0
DA:69,0
DA:72,0
DA:80,0
DA:81,2
LF:44
LH:5
BRDA:17,0,0,0
BRDA:17,0,1,0
BRDA:20,1,0,0
BRDA:20,1,1,0
BRDA:23,2,0,0
BRDA:23,2,1,0
BRDA:26,3,0,0
BRDA:26,3,1,0
BRDA:26,4,0,0
BRDA:26,4,1,0
BRDA:34,5,0,0
BRDA:34,5,1,0
BRDA:42,6,0,0
BRDA:42,6,1,0
BRDA:60,7,0,0
BRDA:60,7,1,0
BRDA:61,8,0,0
BRDA:61,8,1,0
BRDA:67,9,0,0
BRDA:67,9,1,0
BRDA:67,10,0,0
BRDA:67,10,1,0
BRF:22
BRH:0
end_of_record
TN:
SF:models/stop.js
FN:2,Stop
FN:12,toFirestore
FN:20,fromFirestore
FN:29,fromData
FNF:4
FNH:0
FNDA:0,Stop
FNDA:0,toFirestore
FNDA:0,fromFirestore
FNDA:0,fromData
DA:1,2
DA:2,2
DA:3,0
DA:4,0
DA:5,0
DA:6,0
DA:7,2
DA:11,2
DA:13,0
DA:21,0
DA:22,0
DA:30,0
DA:36,2
LF:13
LH:5
BRF:0
BRH:0
end_of_record
TN:
SF:models/user.js
FN:4,User
FN:41,toFirestore
FN:78,(anonymous_2)
FN:96,fromFirestore
FN:101,(anonymous_4)
FNF:5
FNH:0
FNDA:0,User
FNDA:0,toFirestore
FNDA:0,(anonymous_2)
FNDA:0,fromFirestore
FNDA:0,(anonymous_4)
DA:1,2
DA:4,2
DA:20,0
DA:21,0
DA:22,0
DA:23,0
DA:24,0
DA:25,0
DA:26,0
DA:27,0
DA:28,0
DA:29,0
DA:30,0
DA:31,0
DA:32,0
DA:33,0
DA:34,0
DA:35,0
DA:36,2
DA:40,2
DA:42,0
DA:43,0
DA:44,0
DA:46,0
DA:47,0
DA:49,0
DA:50,0
DA:52,0
DA:53,0
DA:55,0
DA:56,0
DA:58,0
DA:59,0
DA:61,0
DA:62,0
DA:64,0
DA:65,0
DA:67,0
DA:68,0
DA:70,0
DA:71,0
DA:73,0
DA:74,0
DA:76,0
DA:77,0
DA:78,0
DA:79,0
DA:82,0
DA:84,0
DA:85,0
DA:87,0
DA:88,0
DA:90,0
DA:91,0
DA:94,0
DA:97,0
DA:98,0
DA:99,0
DA:100,0
DA:101,0
DA:102,0
DA:105,0
DA:121,2
LF:63
LH:5
BRDA:43,0,0,0
BRDA:43,0,1,0
BRDA:46,1,0,0
BRDA:46,1,1,0
BRDA:49,2,0,0
BRDA:49,2,1,0
BRDA:52,3,0,0
BRDA:52,3,1,0
BRDA:55,4,0,0
BRDA:55,4,1,0
BRDA:58,5,0,0
BRDA:58,5,1,0
BRDA:61,6,0,0
BRDA:61,6,1,0
BRDA:64,7,0,0
BRDA:64,7,1,0
BRDA:67,8,0,0
BRDA:67,8,1,0
BRDA:70,9,0,0
BRDA:70,9,1,0
BRDA:73,10,0,0
BRDA:73,10,1,0
BRDA:76,11,0,0
BRDA:76,11,1,0
BRDA:84,12,0,0
BRDA:84,12,1,0
BRDA:87,13,0,0
BRDA:87,13,1,0
BRDA:90,14,0,0
BRDA:90,14,1,0
BRDA:99,15,0,0
BRDA:99,15,1,0
BRF:32
BRH:0
end_of_record
TN:
SF:secrets/secrets.js
FNF:0
FNH:0
DA:1,2
DA:29,2
DA:31,2
DA:33,2
DA:41,2
LF:5
LH:5
BRDA:35,0,0,0
BRDA:35,0,1,2
BRF:2
BRH:1
end_of_record
TN:
SF:views/authNavigationStack/LogIn.js
FN:24,LogIn
FN:30,logIn
FN:30,logIn$
FN:35,(anonymous_3)
FN:38,(anonymous_4)
FN:41,(anonymous_5)
FN:42,(anonymous_6)
FN:46,(anonymous_7)
FN:79,onPress
FN:88,onPress
FNF:10
FNH:7
FNDA:3,LogIn
FNDA:1,logIn
FNDA:1,logIn$
FNDA:1,(anonymous_3)
FNDA:0,(anonymous_4)
FNDA:2,(anonymous_5)
FNDA:0,(anonymous_6)
FNDA:1,(anonymous_7)
FNDA:1,onPress
FNDA:0,onPress
DA:1,1
DA:3,1
DA:13,1
DA:14,1
DA:15,1
DA:16,1
DA:17,1
DA:18,1
DA:19,1
DA:20,1
DA:24,3
DA:25,3
DA:26,3
DA:28,3
DA:30,3
DA:34,1
DA:36,1
DA:38,1
DA:41,3
DA:42,2
DA:43,0
DA:46,2
DA:49,3
DA:80,1
DA:89,0
DA:98,1
DA:100,1
LF:27
LH:25
BRDA:30,0,0,1
BRDA:30,0,1,1
BRDA:30,0,2,1
BRF:3
BRH:3
end_of_record
TN:
SF:views/authNavigationStack/SignUp.js
FN:14,SignUp
FN:28,registerUser
FN:28,registerUser$
FN:37,(anonymous_3)
FN:42,(anonymous_4)
FN:57,(anonymous_5)
FN:58,(anonymous_6)
FN:63,(anonymous_7)
FN:64,(anonymous_8)
FN:68,(anonymous_9)
FN:131,onPress
FNF:11
FNH:6
FNDA:3,SignUp
FNDA:1,registerUser
FNDA:1,registerUser$
FNDA:0,(anonymous_3)
FNDA:0,(anonymous_4)
FNDA:1,(anonymous_5)
FNDA:0,(anonymous_6)
FNDA:1,(anonymous_7)
FNDA:0,(anonymous_8)
FNDA:0,(anonymous_9)
FNDA:1,onPress
DA:1,1
DA:3,1
DA:4,1
DA:5,1
DA:6,1
DA:7,1
DA:8,1
DA:11,1
DA:12,1
DA:14,1
DA:15,3
DA:16,3
DA:17,3
DA:18,3
DA:19,3
DA:21,3
DA:22,3
DA:23,3
DA:26,3
DA:28,3
DA:29,1
DA:30,1
DA:31,0
DA:32,0
DA:33,0
DA:34,0
DA:38,0
DA:40,0
DA:43,0
DA:44,0
DA:46,0
DA:47,0
DA:49,0
DA:52,1
DA:57,3
DA:58,1
DA:59,0
DA:63,3
DA:64,1
DA:65,0
DA:68,1
DA:71,3
DA:132,1
DA:139,1
DA:141,1
LF:45
LH:32
BRDA:28,0,0,1
BRDA:28,0,1,0
BRDA:28,0,2,0
BRDA:28,0,3,0
BRDA:28,0,4,0
BRDA:28,0,5,1
BRDA:28,0,6,1
BRDA:28,0,7,1
BRDA:29,1,0,1
BRDA:29,1,1,0
BRDA:30,2,0,1
BRDA:30,2,1,0
BRDA:30,3,0,0
BRDA:30,3,1,0
BRDA:38,4,0,0
BRDA:38,4,1,0
BRDA:43,5,0,0
BRDA:43,5,1,0
BRF:18
BRH:6
end_of_record
