TN:
SF:components/AuthButton.js
FN:5,AuthButton
FNF:1
FNH:1
FNDA:1,AuthButton
DA:1,2
DA:2,2
DA:3,2
DA:5,2
DA:6,1
DA:7,1
DA:9,1
DA:33,2
LF:8
LH:8
BRDA:6,0,0,1
BRDA:6,0,1,0
BRDA:15,1,0,0
BRDA:15,1,1,1
BRDA:16,2,0,0
BRDA:16,2,1,1
BRDA:17,3,0,0
BRDA:17,3,1,1
BRDA:18,4,0,1
BRDA:18,4,1,0
BRDA:23,5,0,0
BRDA:23,5,1,1
BRDA:24,6,0,0
BRDA:24,6,1,1
BRDA:25,7,0,0
BRDA:25,7,1,1
BRDA:26,8,0,0
BRDA:26,8,1,1
BRF:18
BRH:9
end_of_record
TN:
SF:components/CustomButton.js
FN:3,ownKeys
FN:3,(anonymous_1)
FN:3,_objectSpread
FN:3,(anonymous_3)
FN:3,(anonymous_4)
FN:5,CustomButton
FNF:6
FNH:3
FNDA:2,ownKeys
FNDA:0,(anonymous_1)
FNDA:2,_objectSpread
FNDA:2,(anonymous_3)
FNDA:0,(anonymous_4)
FNDA:0,CustomButton
DA:1,1
DA:2,1
DA:3,3
DA:5,1
DA:6,0
DA:11,1
DA:13,1
LF:7
LH:6
BRDA:3,0,0,2
BRDA:3,0,1,0
BRDA:3,1,0,2
BRDA:3,1,1,0
BRDA:3,2,0,3
BRDA:3,2,1,0
BRDA:3,3,0,2
BRDA:3,3,1,1
BRDA:3,4,0,1
BRDA:3,4,1,0
BRDA:37,5,0,1
BRDA:37,5,1,0
BRF:12
BRH:7
end_of_record
TN:
SF:components/CustomTitle.js
FN:4,CustomTitle
FNF:1
FNH:0
FNDA:0,CustomTitle
DA:1,1
DA:2,1
DA:3,1
DA:4,1
DA:5,0
DA:6,1
DA:7,1
LF:7
LH:6
BRF:0
BRH:0
end_of_record
TN:
SF:constants/colors.js
FNF:0
FNH:0
DA:1,2
DA:34,2
LF:2
LH:2
BRF:0
BRH:0
end_of_record
TN:
SF:controllers/LoginController.js
FN:9,login
FN:9,login$
FN:13,(anonymous_2)
FN:18,register
FN:18,register$
FN:31,signOut
FN:31,signOut$
FN:37,subscribeToAuth
FN:37,subscribeToAuth$
FN:41,(anonymous_9)
FN:50,update
FN:50,update$
FN:54,checkEmailVerification
FN:54,checkEmailVerification$
FN:63,registerForPushNotificationsAsync
FN:63,registerForPushNotificationsAsync$
FNF:16
FNH:0
FNDA:0,login
FNDA:0,login$
FNDA:0,(anonymous_2)
FNDA:0,register
FNDA:0,register$
FNDA:0,signOut
FNDA:0,signOut$
FNDA:0,subscribeToAuth
FNDA:0,subscribeToAuth$
FNDA:0,(anonymous_9)
FNDA:0,update
FNDA:0,update$
FNDA:0,checkEmailVerification
FNDA:0,checkEmailVerification$
FNDA:0,registerForPushNotificationsAsync
FNDA:0,registerForPushNotificationsAsync$
DA:1,2
DA:2,2
DA:3,2
DA:4,2
DA:6,2
DA:7,2
DA:9,0
DA:14,0
DA:15,0
DA:18,0
DA:22,0
DA:24,0
DA:25,0
DA:27,0
DA:31,0
DA:33,0
DA:37,0
DA:38,0
DA:41,0
DA:42,0
DA:43,0
DA:46,0
DA:47,0
DA:50,2
DA:51,0
DA:54,0
DA:56,0
DA:57,0
DA:59,0
DA:63,2
DA:65,0
DA:66,0
DA:67,0
DA:68,0
DA:69,0
DA:70,0
DA:72,0
DA:73,0
DA:76,0
DA:77,0
DA:79,0
DA:81,0
LF:42
LH:8
BRDA:9,0,0,0
BRDA:9,0,1,0
BRDA:9,0,2,0
BRDA:18,1,0,0
BRDA:18,1,1,0
BRDA:18,1,2,0
BRDA:18,1,3,0
BRDA:18,1,4,0
BRDA:18,1,5,0
BRDA:31,2,0,0
BRDA:31,2,1,0
BRDA:31,2,2,0
BRDA:31,2,3,0
BRDA:31,2,4,0
BRDA:37,3,0,0
BRDA:37,3,1,0
BRDA:37,3,2,0
BRDA:37,3,3,0
BRDA:37,4,0,0
BRDA:37,4,1,0
BRDA:42,5,0,0
BRDA:42,5,1,0
BRDA:50,6,0,0
BRDA:50,6,1,0
BRDA:50,6,2,0
BRDA:54,7,0,0
BRDA:54,7,1,0
BRDA:54,7,2,0
BRDA:54,7,3,0
BRDA:63,8,0,0
BRDA:63,8,1,0
BRDA:63,8,2,0
BRDA:63,8,3,0
BRDA:63,8,4,0
BRDA:63,8,5,0
BRDA:63,8,6,0
BRDA:63,8,7,0
BRDA:63,8,8,0
BRDA:63,8,9,0
BRDA:63,9,0,0
BRDA:63,9,1,0
BRDA:67,10,0,0
BRDA:67,10,1,0
BRDA:70,11,0,0
BRDA:70,11,1,0
BRF:45
BRH:0
end_of_record
TN:
SF:controllers/userController.js
FN:7,updateUser
FN:7,updateUser$
FN:18,softUpdateUser
FN:18,softUpdateUser$
FN:29,userDocumentUpdater
FN:29,userDocumentUpdater$
FN:39,getUser
FN:39,getUser$
FN:55,userStream
FNF:9
FNH:0
FNDA:0,updateUser
FNDA:0,updateUser$
FNDA:0,softUpdateUser
FNDA:0,softUpdateUser$
FNDA:0,userDocumentUpdater
FNDA:0,userDocumentUpdater$
FNDA:0,getUser
FNDA:0,getUser$
FNDA:0,userStream
DA:1,2
DA:2,2
DA:3,2
DA:5,2
DA:7,0
DA:10,0
DA:12,0
DA:14,0
DA:18,0
DA:21,0
DA:22,0
DA:23,0
DA:25,0
DA:29,0
DA:32,0
DA:33,0
DA:35,0
DA:39,0
DA:46,0
DA:48,0
DA:50,0
DA:56,0
DA:58,0
DA:60,0
DA:62,0
DA:63,0
LF:26
LH:4
BRDA:7,0,0,0
BRDA:7,0,1,0
BRDA:7,0,2,0
BRDA:7,0,3,0
BRDA:7,0,4,0
BRDA:18,1,0,0
BRDA:18,1,1,0
BRDA:18,1,2,0
BRDA:18,1,3,0
BRDA:18,1,4,0
BRDA:29,2,0,0
BRDA:29,2,1,0
BRDA:29,2,2,0
BRDA:29,2,3,0
BRDA:29,2,4,0
BRDA:39,3,0,0
BRDA:39,3,1,0
BRDA:39,3,2,0
BRDA:39,3,3,0
BRDA:39,3,4,0
BRF:20
BRH:0
end_of_record
TN:
SF:firebase/fire.js
FNF:0
FNH:0
DA:1,2
DA:2,2
DA:4,2
DA:5,2
DA:8,2
LF:5
LH:5
BRDA:4,0,0,2
BRDA:4,0,1,0
BRF:2
BRH:1
end_of_record
TN:
SF:images/vehogo_logo_musta_RGB.png
FNF:0
FNH:0
DA:1,1
LF:1
LH:1
BRF:0
BRH:0
end_of_record
TN:
SF:models/preferedWorkingHours.js
FN:4,PreferedWorkingHours
FN:21,toFirestore
FN:40,fromFirestore
FN:50,fromData
FNF:4
FNH:0
FNDA:0,PreferedWorkingHours
FNDA:0,toFirestore
FNDA:0,fromFirestore
FNDA:0,fromData
DA:1,2
DA:4,2
DA:10,0
DA:11,0
DA:12,0
DA:13,0
DA:14,0
DA:15,0
DA:16,2
DA:20,2
DA:22,0
DA:23,0
DA:24,0
DA:26,0
DA:27,0
DA:29,0
DA:30,0
DA:32,0
DA:33,0
DA:35,0
DA:36,0
DA:38,0
DA:41,0
DA:42,0
DA:51,0
DA:52,0
DA:59,2
LF:27
LH:5
BRDA:23,0,0,0
BRDA:23,0,1,0
BRDA:26,1,0,0
BRDA:26,1,1,0
BRDA:29,2,0,0
BRDA:29,2,1,0
BRDA:32,3,0,0
BRDA:32,3,1,0
BRDA:35,4,0,0
BRDA:35,4,1,0
BRDA:51,5,0,0
BRDA:51,5,1,0
BRF:12
BRH:0
end_of_record
TN:
SF:models/scheduleDrive.js
FN:4,ScheduledDrive
FN:15,toFirestore
FN:29,(anonymous_2)
FN:39,fromFirestore
FN:43,(anonymous_4)
FN:56,fromData
FN:62,(anonymous_6)
FNF:7
FNH:0
FNDA:0,ScheduledDrive
FNDA:0,toFirestore
FNDA:0,(anonymous_2)
FNDA:0,fromFirestore
FNDA:0,(anonymous_4)
FNDA:0,fromData
FNDA:0,(anonymous_6)
DA:1,2
DA:4,2
DA:5,0
DA:6,0
DA:7,0
DA:8,0
DA:9,0
DA:10,2
DA:14,2
DA:16,0
DA:17,0
DA:18,0
DA:20,0
DA:21,0
DA:23,0
DA:24,0
DA:26,0
DA:27,0
DA:29,0
DA:30,0
DA:32,0
DA:34,0
DA:35,0
DA:37,0
DA:40,0
DA:41,0
DA:42,0
DA:43,0
DA:44,0
DA:47,0
DA:57,0
DA:58,0
DA:59,0
DA:60,0
DA:61,0
DA:62,0
DA:63,0
DA:66,0
DA:67,0
DA:68,0
DA:69,0
DA:72,0
DA:80,0
DA:81,2
LF:44
LH:5
BRDA:17,0,0,0
BRDA:17,0,1,0
BRDA:20,1,0,0
BRDA:20,1,1,0
BRDA:23,2,0,0
BRDA:23,2,1,0
BRDA:26,3,0,0
BRDA:26,3,1,0
BRDA:26,4,0,0
BRDA:26,4,1,0
BRDA:34,5,0,0
BRDA:34,5,1,0
BRDA:42,6,0,0
BRDA:42,6,1,0
BRDA:60,7,0,0
BRDA:60,7,1,0
BRDA:61,8,0,0
BRDA:61,8,1,0
BRDA:67,9,0,0
BRDA:67,9,1,0
BRDA:67,10,0,0
BRDA:67,10,1,0
BRF:22
BRH:0
end_of_record
TN:
SF:models/stop.js
FN:2,Stop
FN:13,toFirestore
FN:24,fromFirestore
FN:34,fromData
FNF:4
FNH:0
FNDA:0,Stop
FNDA:0,toFirestore
FNDA:0,fromFirestore
FNDA:0,fromData
DA:1,2
DA:2,2
DA:3,0
DA:4,0
DA:5,0
DA:6,0
DA:7,0
DA:8,2
DA:12,2
DA:14,0
DA:15,0
DA:16,0
DA:17,0
DA:18,0
DA:19,0
DA:20,0
DA:22,0
DA:25,0
DA:26,0
DA:35,0
DA:42,2
LF:21
LH:5
BRDA:19,0,0,0
BRDA:19,0,1,0
BRF:2
BRH:0
end_of_record
TN:
SF:models/user.js
FN:4,User
FN:43,toFirestore
FN:80,(anonymous_2)
FN:101,fromFirestore
FN:106,(anonymous_4)
FNF:5
FNH:0
FNDA:0,User
FNDA:0,toFirestore
FNDA:0,(anonymous_2)
FNDA:0,fromFirestore
FNDA:0,(anonymous_4)
DA:1,2
DA:4,2
DA:21,0
DA:22,0
DA:23,0
DA:24,0
DA:25,0
DA:26,0
DA:27,0
DA:28,0
DA:29,0
DA:30,0
DA:31,0
DA:32,0
DA:33,0
DA:34,0
DA:35,0
DA:36,0
DA:37,0
DA:38,2
DA:42,2
DA:44,0
DA:45,0
DA:46,0
DA:48,0
DA:49,0
DA:51,0
DA:52,0
DA:54,0
DA:55,0
DA:57,0
DA:58,0
DA:60,0
DA:61,0
DA:63,0
DA:64,0
DA:66,0
DA:67,0
DA:69,0
DA:70,0
DA:72,0
DA:73,0
DA:75,0
DA:76,0
DA:78,0
DA:79,0
DA:80,0
DA:81,0
DA:84,0
DA:86,0
DA:87,0
DA:89,0
DA:90,0
DA:92,0
DA:93,0
DA:95,0
DA:96,0
DA:99,0
DA:102,0
DA:103,0
DA:104,0
DA:105,0
DA:106,0
DA:107,0
DA:110,0
DA:127,2
LF:66
LH:5
BRDA:45,0,0,0
BRDA:45,0,1,0
BRDA:48,1,0,0
BRDA:48,1,1,0
BRDA:51,2,0,0
BRDA:51,2,1,0
BRDA:54,3,0,0
BRDA:54,3,1,0
BRDA:57,4,0,0
BRDA:57,4,1,0
BRDA:60,5,0,0
BRDA:60,5,1,0
BRDA:63,6,0,0
BRDA:63,6,1,0
BRDA:66,7,0,0
BRDA:66,7,1,0
BRDA:69,8,0,0
BRDA:69,8,1,0
BRDA:72,9,0,0
BRDA:72,9,1,0
BRDA:75,10,0,0
BRDA:75,10,1,0
BRDA:78,11,0,0
BRDA:78,11,1,0
BRDA:86,12,0,0
BRDA:86,12,1,0
BRDA:89,13,0,0
BRDA:89,13,1,0
BRDA:92,14,0,0
BRDA:92,14,1,0
BRDA:95,15,0,0
BRDA:95,15,1,0
BRDA:104,16,0,0
BRDA:104,16,1,0
BRF:34
BRH:0
end_of_record
TN:
SF:secrets/secrets.js
FNF:0
FNH:0
DA:1,2
DA:29,2
DA:31,2
DA:33,2
DA:43,2
LF:5
LH:5
BRDA:35,0,0,0
BRDA:35,0,1,2
BRF:2
BRH:1
end_of_record
TN:
SF:views/authNavigationStack/LogIn.js
FN:23,LogIn
FN:29,logIn
FN:29,logIn$
FN:39,(anonymous_3)
FN:43,(anonymous_4)
FN:47,(anonymous_5)
FN:90,onPress
FNF:7
FNH:1
FNDA:2,LogIn
FNDA:0,logIn
FNDA:0,logIn$
FNDA:0,(anonymous_3)
FNDA:0,(anonymous_4)
FNDA:0,(anonymous_5)
FNDA:0,onPress
DA:1,1
DA:3,1
DA:14,1
DA:15,1
DA:16,1
DA:17,1
DA:18,1
DA:19,1
DA:20,1
DA:21,1
DA:23,2
DA:24,1
DA:25,1
DA:27,1
DA:29,1
DA:31,0
DA:33,0
DA:35,0
DA:39,1
DA:40,0
DA:42,0
DA:43,0
DA:44,0
DA:47,0
DA:48,0
DA:49,0
DA:53,1
DA:91,0
DA:100,1
DA:102,1
LF:30
LH:19
BRDA:29,0,0,0
BRDA:29,0,1,0
BRDA:29,0,2,0
BRDA:29,0,3,0
BRDA:29,0,4,0
BRDA:42,1,0,0
BRDA:42,1,1,0
BRDA:54,2,0,0
BRDA:54,2,1,0
BRF:9
BRH:0
end_of_record
TN:
SF:views/authNavigationStack/SignUp.js
FN:19,SignUp
FN:30,registerUser
FN:30,registerUser$
FN:68,(anonymous_3)
FN:69,(anonymous_4)
FN:74,(anonymous_5)
FN:75,(anonymous_6)
FN:79,(anonymous_7)
FN:161,onPress
FNF:9
FNH:3
FNDA:1,SignUp
FNDA:0,registerUser
FNDA:0,registerUser$
FNDA:1,(anonymous_3)
FNDA:0,(anonymous_4)
FNDA:1,(anonymous_5)
FNDA:0,(anonymous_6)
FNDA:0,(anonymous_7)
FNDA:0,onPress
DA:1,1
DA:3,1
DA:11,1
DA:12,1
DA:13,1
DA:14,1
DA:15,1
DA:16,1
DA:17,1
DA:19,1
DA:20,1
DA:21,1
DA:22,1
DA:23,1
DA:24,1
DA:26,1
DA:28,1
DA:30,1
DA:31,0
DA:32,0
DA:34,0
DA:35,0
DA:36,0
DA:37,0
DA:38,0
DA:39,0
DA:40,0
DA:41,0
DA:42,0
DA:43,0
DA:46,0
DA:48,0
DA:49,0
DA:59,0
DA:63,0
DA:68,1
DA:69,1
DA:70,0
DA:74,1
DA:75,1
DA:76,0
DA:79,1
DA:82,1
DA:162,0
DA:170,1
DA:172,1
LF:46
LH:26
BRDA:30,0,0,0
BRDA:30,0,1,0
BRDA:30,0,2,0
BRDA:30,0,3,0
BRDA:30,0,4,0
BRDA:30,0,5,0
BRDA:30,0,6,0
BRDA:30,0,7,0
BRDA:30,0,8,0
BRDA:30,0,9,0
BRDA:30,0,10,0
BRDA:30,0,11,0
BRDA:32,1,0,0
BRDA:32,1,1,0
BRDA:35,2,0,0
BRDA:35,2,1,0
BRDA:37,3,0,0
BRDA:37,3,1,0
BRDA:39,4,0,0
BRDA:39,4,1,0
BRDA:41,5,0,0
BRDA:41,5,1,0
BRDA:46,6,0,0
BRDA:46,6,1,0
BRDA:84,7,0,1
BRDA:84,7,1,0
BRF:26
BRH:1
end_of_record
